
AVRASM ver. 2.1.30  D:\AVR\lcd\Debug\List\lcd.asm Wed Sep 07 11:19:32 2016

D:\AVR\lcd\Debug\List\lcd.asm(1097): warning: Register r5 already defined by the .DEF directive
D:\AVR\lcd\Debug\List\lcd.asm(1098): warning: Register r4 already defined by the .DEF directive
D:\AVR\lcd\Debug\List\lcd.asm(1099): warning: Register r7 already defined by the .DEF directive
D:\AVR\lcd\Debug\List\lcd.asm(1100): warning: Register r6 already defined by the .DEF directive
D:\AVR\lcd\Debug\List\lcd.asm(1101): warning: Register r9 already defined by the .DEF directive
D:\AVR\lcd\Debug\List\lcd.asm(1102): warning: Register r8 already defined by the .DEF directive
D:\AVR\lcd\Debug\List\lcd.asm(1103): warning: Register r11 already defined by the .DEF directive
                 
                 
                 ;CodeVisionAVR C Compiler V3.27 Evaluation
                 ;(C) Copyright 1998-2016 Pavel Haiduc, HP InfoTech s.r.l.
                 ;http://www.hpinfotech.com
                 
                 ;Build configuration    : Debug
                 ;Chip type              : ATmega128
                 ;Program type           : Application
                 ;Clock frequency        : 16.000000 MHz
                 ;Memory model           : Small
                 ;Optimize for           : Size
                 ;(s)printf features     : int, width
                 ;(s)scanf features      : int, width
                 ;External RAM size      : 0
                 ;Data Stack size        : 1024 byte(s)
                 ;Heap size              : 0 byte(s)
                 ;Promote 'char' to 'int': Yes
                 ;'char' is unsigned     : Yes
                 ;8 bit enums            : Yes
                 ;Global 'const' stored in FLASH: No
                 ;Enhanced function parameter passing: Mode 2
                 ;Enhanced core instructions: On
                 ;Automatic register allocation for global variables: On
                 ;Smart register allocation: On
                 
                 	#define _MODEL_SMALL_
                 
                 	#pragma AVRPART ADMIN PART_NAME ATmega128
                 	#pragma AVRPART MEMORY PROG_FLASH 131072
                 	#pragma AVRPART MEMORY EEPROM 4096
                 	#pragma AVRPART MEMORY INT_SRAM SIZE 4096
                 	#pragma AVRPART MEMORY INT_SRAM START_ADDR 0x100
                 
                 	#define CALL_SUPPORTED 1
                 
                 	.LISTMAC
                 	.EQU UDRE=0x5
                 	.EQU RXC=0x7
                 	.EQU USR=0xB
                 	.EQU UDR=0xC
                 	.EQU SPSR=0xE
                 	.EQU SPDR=0xF
                 	.EQU EERE=0x0
                 	.EQU EEWE=0x1
                 	.EQU EEMWE=0x2
                 	.EQU EECR=0x1C
                 	.EQU EEDR=0x1D
                 	.EQU EEARL=0x1E
                 	.EQU EEARH=0x1F
                 	.EQU WDTCR=0x21
                 	.EQU MCUCR=0x35
                 	.EQU RAMPZ=0x3B
                 	.EQU SPL=0x3D
                 	.EQU SPH=0x3E
                 	.EQU SREG=0x3F
                 	.EQU XMCRA=0x6D
                 	.EQU XMCRB=0x6C
                 
                 	.DEF R0X0=R0
                 	.DEF R0X1=R1
                 	.DEF R0X2=R2
                 	.DEF R0X3=R3
                 	.DEF R0X4=R4
                 	.DEF R0X5=R5
                 	.DEF R0X6=R6
                 	.DEF R0X7=R7
                 	.DEF R0X8=R8
                 	.DEF R0X9=R9
                 	.DEF R0XA=R10
                 	.DEF R0XB=R11
                 	.DEF R0XC=R12
                 	.DEF R0XD=R13
                 	.DEF R0XE=R14
                 	.DEF R0XF=R15
                 	.DEF R0X10=R16
                 	.DEF R0X11=R17
                 	.DEF R0X12=R18
                 	.DEF R0X13=R19
                 	.DEF R0X14=R20
                 	.DEF R0X15=R21
                 	.DEF R0X16=R22
                 	.DEF R0X17=R23
                 	.DEF R0X18=R24
                 	.DEF R0X19=R25
                 	.DEF R0X1A=R26
                 	.DEF R0X1B=R27
                 	.DEF R0X1C=R28
                 	.DEF R0X1D=R29
                 	.DEF R0X1E=R30
                 	.DEF R0X1F=R31
                 
                 	.EQU __SRAM_START=0x0100
                 	.EQU __SRAM_END=0x10FF
                 	.EQU __DSTACK_SIZE=0x0400
                 	.EQU __HEAP_SIZE=0x0000
                 	.EQU __CLEAR_SRAM_SIZE=__SRAM_END-__SRAM_START+1
                 
                 	.MACRO __CPD1N
                 	CPI  R30,LOW(@0)
                 	LDI  R26,HIGH(@0)
                 	CPC  R31,R26
                 	LDI  R26,BYTE3(@0)
                 	CPC  R22,R26
                 	LDI  R26,BYTE4(@0)
                 	CPC  R23,R26
                 	.ENDM
                 
                 	.MACRO __CPD2N
                 	CPI  R26,LOW(@0)
                 	LDI  R30,HIGH(@0)
                 	CPC  R27,R30
                 	LDI  R30,BYTE3(@0)
                 	CPC  R24,R30
                 	LDI  R30,BYTE4(@0)
                 	CPC  R25,R30
                 	.ENDM
                 
                 	.MACRO __CPWRR
                 	CP   R@0,R@2
                 	CPC  R@1,R@3
                 	.ENDM
                 
                 	.MACRO __CPWRN
                 	CPI  R@0,LOW(@2)
                 	LDI  R30,HIGH(@2)
                 	CPC  R@1,R30
                 	.ENDM
                 
                 	.MACRO __ADDB1MN
                 	SUBI R30,LOW(-@0-(@1))
                 	.ENDM
                 
                 	.MACRO __ADDB2MN
                 	SUBI R26,LOW(-@0-(@1))
                 	.ENDM
                 
                 	.MACRO __ADDW1MN
                 	SUBI R30,LOW(-@0-(@1))
                 	SBCI R31,HIGH(-@0-(@1))
                 	.ENDM
                 
                 	.MACRO __ADDW2MN
                 	SUBI R26,LOW(-@0-(@1))
                 	SBCI R27,HIGH(-@0-(@1))
                 	.ENDM
                 
                 	.MACRO __ADDW1FN
                 	SUBI R30,LOW(-2*@0-(@1))
                 	SBCI R31,HIGH(-2*@0-(@1))
                 	.ENDM
                 
                 	.MACRO __ADDD1FN
                 	SUBI R30,LOW(-2*@0-(@1))
                 	SBCI R31,HIGH(-2*@0-(@1))
                 	SBCI R22,BYTE3(-2*@0-(@1))
                 	.ENDM
                 
                 	.MACRO __ADDD1N
                 	SUBI R30,LOW(-@0)
                 	SBCI R31,HIGH(-@0)
                 	SBCI R22,BYTE3(-@0)
                 	SBCI R23,BYTE4(-@0)
                 	.ENDM
                 
                 	.MACRO __ADDD2N
                 	SUBI R26,LOW(-@0)
                 	SBCI R27,HIGH(-@0)
                 	SBCI R24,BYTE3(-@0)
                 	SBCI R25,BYTE4(-@0)
                 	.ENDM
                 
                 	.MACRO __SUBD1N
                 	SUBI R30,LOW(@0)
                 	SBCI R31,HIGH(@0)
                 	SBCI R22,BYTE3(@0)
                 	SBCI R23,BYTE4(@0)
                 	.ENDM
                 
                 	.MACRO __SUBD2N
                 	SUBI R26,LOW(@0)
                 	SBCI R27,HIGH(@0)
                 	SBCI R24,BYTE3(@0)
                 	SBCI R25,BYTE4(@0)
                 	.ENDM
                 
                 	.MACRO __ANDBMNN
                 	LDS  R30,@0+(@1)
                 	ANDI R30,LOW(@2)
                 	STS  @0+(@1),R30
                 	.ENDM
                 
                 	.MACRO __ANDWMNN
                 	LDS  R30,@0+(@1)
                 	ANDI R30,LOW(@2)
                 	STS  @0+(@1),R30
                 	LDS  R30,@0+(@1)+1
                 	ANDI R30,HIGH(@2)
                 	STS  @0+(@1)+1,R30
                 	.ENDM
                 
                 	.MACRO __ANDD1N
                 	ANDI R30,LOW(@0)
                 	ANDI R31,HIGH(@0)
                 	ANDI R22,BYTE3(@0)
                 	ANDI R23,BYTE4(@0)
                 	.ENDM
                 
                 	.MACRO __ANDD2N
                 	ANDI R26,LOW(@0)
                 	ANDI R27,HIGH(@0)
                 	ANDI R24,BYTE3(@0)
                 	ANDI R25,BYTE4(@0)
                 	.ENDM
                 
                 	.MACRO __ORBMNN
                 	LDS  R30,@0+(@1)
                 	ORI  R30,LOW(@2)
                 	STS  @0+(@1),R30
                 	.ENDM
                 
                 	.MACRO __ORWMNN
                 	LDS  R30,@0+(@1)
                 	ORI  R30,LOW(@2)
                 	STS  @0+(@1),R30
                 	LDS  R30,@0+(@1)+1
                 	ORI  R30,HIGH(@2)
                 	STS  @0+(@1)+1,R30
                 	.ENDM
                 
                 	.MACRO __ORD1N
                 	ORI  R30,LOW(@0)
                 	ORI  R31,HIGH(@0)
                 	ORI  R22,BYTE3(@0)
                 	ORI  R23,BYTE4(@0)
                 	.ENDM
                 
                 	.MACRO __ORD2N
                 	ORI  R26,LOW(@0)
                 	ORI  R27,HIGH(@0)
                 	ORI  R24,BYTE3(@0)
                 	ORI  R25,BYTE4(@0)
                 	.ENDM
                 
                 	.MACRO __DELAY_USB
                 	LDI  R24,LOW(@0)
                 __DELAY_USB_LOOP:
                 	DEC  R24
                 	BRNE __DELAY_USB_LOOP
                 	.ENDM
                 
                 	.MACRO __DELAY_USW
                 	LDI  R24,LOW(@0)
                 	LDI  R25,HIGH(@0)
                 __DELAY_USW_LOOP:
                 	SBIW R24,1
                 	BRNE __DELAY_USW_LOOP
                 	.ENDM
                 
                 	.MACRO __GETD1S
                 	LDD  R30,Y+@0
                 	LDD  R31,Y+@0+1
                 	LDD  R22,Y+@0+2
                 	LDD  R23,Y+@0+3
                 	.ENDM
                 
                 	.MACRO __GETD2S
                 	LDD  R26,Y+@0
                 	LDD  R27,Y+@0+1
                 	LDD  R24,Y+@0+2
                 	LDD  R25,Y+@0+3
                 	.ENDM
                 
                 	.MACRO __PUTD1S
                 	STD  Y+@0,R30
                 	STD  Y+@0+1,R31
                 	STD  Y+@0+2,R22
                 	STD  Y+@0+3,R23
                 	.ENDM
                 
                 	.MACRO __PUTD2S
                 	STD  Y+@0,R26
                 	STD  Y+@0+1,R27
                 	STD  Y+@0+2,R24
                 	STD  Y+@0+3,R25
                 	.ENDM
                 
                 	.MACRO __PUTDZ2
                 	STD  Z+@0,R26
                 	STD  Z+@0+1,R27
                 	STD  Z+@0+2,R24
                 	STD  Z+@0+3,R25
                 	.ENDM
                 
                 	.MACRO __CLRD1S
                 	STD  Y+@0,R30
                 	STD  Y+@0+1,R30
                 	STD  Y+@0+2,R30
                 	STD  Y+@0+3,R30
                 	.ENDM
                 
                 	.MACRO __POINTB1MN
                 	LDI  R30,LOW(@0+(@1))
                 	.ENDM
                 
                 	.MACRO __POINTW1MN
                 	LDI  R30,LOW(@0+(@1))
                 	LDI  R31,HIGH(@0+(@1))
                 	.ENDM
                 
                 	.MACRO __POINTD1M
                 	LDI  R30,LOW(@0)
                 	LDI  R31,HIGH(@0)
                 	LDI  R22,BYTE3(@0)
                 	LDI  R23,BYTE4(@0)
                 	.ENDM
                 
                 	.MACRO __POINTW1FN
                 	LDI  R30,LOW(2*@0+(@1))
                 	LDI  R31,HIGH(2*@0+(@1))
                 	.ENDM
                 
                 	.MACRO __POINTD1FN
                 	LDI  R30,LOW(2*@0+(@1))
                 	LDI  R31,HIGH(2*@0+(@1))
                 	LDI  R22,BYTE3(2*@0+(@1))
                 	LDI  R23,BYTE4(2*@0+(@1))
                 	.ENDM
                 
                 	.MACRO __POINTB2MN
                 	LDI  R26,LOW(@0+(@1))
                 	.ENDM
                 
                 	.MACRO __POINTW2MN
                 	LDI  R26,LOW(@0+(@1))
                 	LDI  R27,HIGH(@0+(@1))
                 	.ENDM
                 
                 	.MACRO __POINTD2M
                 	LDI  R26,LOW(@0)
                 	LDI  R27,HIGH(@0)
                 	LDI  R24,BYTE3(@0)
                 	LDI  R25,BYTE4(@0)
                 	.ENDM
                 
                 	.MACRO __POINTW2FN
                 	LDI  R26,LOW(2*@0+(@1))
                 	LDI  R27,HIGH(2*@0+(@1))
                 	.ENDM
                 
                 	.MACRO __POINTD2FN
                 	LDI  R26,LOW(2*@0+(@1))
                 	LDI  R27,HIGH(2*@0+(@1))
                 	LDI  R24,BYTE3(2*@0+(@1))
                 	LDI  R25,BYTE4(2*@0+(@1))
                 	.ENDM
                 
                 	.MACRO __POINTBRM
                 	LDI  R@0,LOW(@1)
                 	.ENDM
                 
                 	.MACRO __POINTWRM
                 	LDI  R@0,LOW(@2)
                 	LDI  R@1,HIGH(@2)
                 	.ENDM
                 
                 	.MACRO __POINTBRMN
                 	LDI  R@0,LOW(@1+(@2))
                 	.ENDM
                 
                 	.MACRO __POINTWRMN
                 	LDI  R@0,LOW(@2+(@3))
                 	LDI  R@1,HIGH(@2+(@3))
                 	.ENDM
                 
                 	.MACRO __POINTWRFN
                 	LDI  R@0,LOW(@2*2+(@3))
                 	LDI  R@1,HIGH(@2*2+(@3))
                 	.ENDM
                 
                 	.MACRO __GETD1N
                 	LDI  R30,LOW(@0)
                 	LDI  R31,HIGH(@0)
                 	LDI  R22,BYTE3(@0)
                 	LDI  R23,BYTE4(@0)
                 	.ENDM
                 
                 	.MACRO __GETD2N
                 	LDI  R26,LOW(@0)
                 	LDI  R27,HIGH(@0)
                 	LDI  R24,BYTE3(@0)
                 	LDI  R25,BYTE4(@0)
                 	.ENDM
                 
                 	.MACRO __GETB1MN
                 	LDS  R30,@0+(@1)
                 	.ENDM
                 
                 	.MACRO __GETB1HMN
                 	LDS  R31,@0+(@1)
                 	.ENDM
                 
                 	.MACRO __GETW1MN
                 	LDS  R30,@0+(@1)
                 	LDS  R31,@0+(@1)+1
                 	.ENDM
                 
                 	.MACRO __GETD1MN
                 	LDS  R30,@0+(@1)
                 	LDS  R31,@0+(@1)+1
                 	LDS  R22,@0+(@1)+2
                 	LDS  R23,@0+(@1)+3
                 	.ENDM
                 
                 	.MACRO __GETBRMN
                 	LDS  R@0,@1+(@2)
                 	.ENDM
                 
                 	.MACRO __GETWRMN
                 	LDS  R@0,@2+(@3)
                 	LDS  R@1,@2+(@3)+1
                 	.ENDM
                 
                 	.MACRO __GETWRZ
                 	LDD  R@0,Z+@2
                 	LDD  R@1,Z+@2+1
                 	.ENDM
                 
                 	.MACRO __GETD2Z
                 	LDD  R26,Z+@0
                 	LDD  R27,Z+@0+1
                 	LDD  R24,Z+@0+2
                 	LDD  R25,Z+@0+3
                 	.ENDM
                 
                 	.MACRO __GETB2MN
                 	LDS  R26,@0+(@1)
                 	.ENDM
                 
                 	.MACRO __GETW2MN
                 	LDS  R26,@0+(@1)
                 	LDS  R27,@0+(@1)+1
                 	.ENDM
                 
                 	.MACRO __GETD2MN
                 	LDS  R26,@0+(@1)
                 	LDS  R27,@0+(@1)+1
                 	LDS  R24,@0+(@1)+2
                 	LDS  R25,@0+(@1)+3
                 	.ENDM
                 
                 	.MACRO __PUTB1MN
                 	STS  @0+(@1),R30
                 	.ENDM
                 
                 	.MACRO __PUTW1MN
                 	STS  @0+(@1),R30
                 	STS  @0+(@1)+1,R31
                 	.ENDM
                 
                 	.MACRO __PUTD1MN
                 	STS  @0+(@1),R30
                 	STS  @0+(@1)+1,R31
                 	STS  @0+(@1)+2,R22
                 	STS  @0+(@1)+3,R23
                 	.ENDM
                 
                 	.MACRO __PUTB1EN
                 	LDI  R26,LOW(@0+(@1))
                 	LDI  R27,HIGH(@0+(@1))
                 	CALL __EEPROMWRB
                 	.ENDM
                 
                 	.MACRO __PUTW1EN
                 	LDI  R26,LOW(@0+(@1))
                 	LDI  R27,HIGH(@0+(@1))
                 	CALL __EEPROMWRW
                 	.ENDM
                 
                 	.MACRO __PUTD1EN
                 	LDI  R26,LOW(@0+(@1))
                 	LDI  R27,HIGH(@0+(@1))
                 	CALL __EEPROMWRD
                 	.ENDM
                 
                 	.MACRO __PUTBR0MN
                 	STS  @0+(@1),R0
                 	.ENDM
                 
                 	.MACRO __PUTBMRN
                 	STS  @0+(@1),R@2
                 	.ENDM
                 
                 	.MACRO __PUTWMRN
                 	STS  @0+(@1),R@2
                 	STS  @0+(@1)+1,R@3
                 	.ENDM
                 
                 	.MACRO __PUTBZR
                 	STD  Z+@1,R@0
                 	.ENDM
                 
                 	.MACRO __PUTWZR
                 	STD  Z+@2,R@0
                 	STD  Z+@2+1,R@1
                 	.ENDM
                 
                 	.MACRO __GETW1R
                 	MOV  R30,R@0
                 	MOV  R31,R@1
                 	.ENDM
                 
                 	.MACRO __GETW2R
                 	MOV  R26,R@0
                 	MOV  R27,R@1
                 	.ENDM
                 
                 	.MACRO __GETWRN
                 	LDI  R@0,LOW(@2)
                 	LDI  R@1,HIGH(@2)
                 	.ENDM
                 
                 	.MACRO __PUTW1R
                 	MOV  R@0,R30
                 	MOV  R@1,R31
                 	.ENDM
                 
                 	.MACRO __PUTW2R
                 	MOV  R@0,R26
                 	MOV  R@1,R27
                 	.ENDM
                 
                 	.MACRO __ADDWRN
                 	SUBI R@0,LOW(-@2)
                 	SBCI R@1,HIGH(-@2)
                 	.ENDM
                 
                 	.MACRO __ADDWRR
                 	ADD  R@0,R@2
                 	ADC  R@1,R@3
                 	.ENDM
                 
                 	.MACRO __SUBWRN
                 	SUBI R@0,LOW(@2)
                 	SBCI R@1,HIGH(@2)
                 	.ENDM
                 
                 	.MACRO __SUBWRR
                 	SUB  R@0,R@2
                 	SBC  R@1,R@3
                 	.ENDM
                 
                 	.MACRO __ANDWRN
                 	ANDI R@0,LOW(@2)
                 	ANDI R@1,HIGH(@2)
                 	.ENDM
                 
                 	.MACRO __ANDWRR
                 	AND  R@0,R@2
                 	AND  R@1,R@3
                 	.ENDM
                 
                 	.MACRO __ORWRN
                 	ORI  R@0,LOW(@2)
                 	ORI  R@1,HIGH(@2)
                 	.ENDM
                 
                 	.MACRO __ORWRR
                 	OR   R@0,R@2
                 	OR   R@1,R@3
                 	.ENDM
                 
                 	.MACRO __EORWRR
                 	EOR  R@0,R@2
                 	EOR  R@1,R@3
                 	.ENDM
                 
                 	.MACRO __GETWRS
                 	LDD  R@0,Y+@2
                 	LDD  R@1,Y+@2+1
                 	.ENDM
                 
                 	.MACRO __PUTBSR
                 	STD  Y+@1,R@0
                 	.ENDM
                 
                 	.MACRO __PUTWSR
                 	STD  Y+@2,R@0
                 	STD  Y+@2+1,R@1
                 	.ENDM
                 
                 	.MACRO __MOVEWRR
                 	MOV  R@0,R@2
                 	MOV  R@1,R@3
                 	.ENDM
                 
                 	.MACRO __INWR
                 	IN   R@0,@2
                 	IN   R@1,@2+1
                 	.ENDM
                 
                 	.MACRO __OUTWR
                 	OUT  @2+1,R@1
                 	OUT  @2,R@0
                 	.ENDM
                 
                 	.MACRO __CALL1MN
                 	LDS  R30,@0+(@1)
                 	LDS  R31,@0+(@1)+1
                 	ICALL
                 	.ENDM
                 
                 	.MACRO __CALL1FN
                 	LDI  R30,LOW(2*@0+(@1))
                 	LDI  R31,HIGH(2*@0+(@1))
                 	CALL __GETW1PF
                 	ICALL
                 	.ENDM
                 
                 	.MACRO __CALL2EN
                 	PUSH R26
                 	PUSH R27
                 	LDI  R26,LOW(@0+(@1))
                 	LDI  R27,HIGH(@0+(@1))
                 	CALL __EEPROMRDW
                 	POP  R27
                 	POP  R26
                 	ICALL
                 	.ENDM
                 
                 	.MACRO __CALL2EX
                 	SUBI R26,LOW(-@0)
                 	SBCI R27,HIGH(-@0)
                 	CALL __EEPROMRDD
                 	ICALL
                 	.ENDM
                 
                 	.MACRO __GETW1STACK
                 	IN   R30,SPL
                 	IN   R31,SPH
                 	ADIW R30,@0+1
                 	LD   R0,Z+
                 	LD   R31,Z
                 	MOV  R30,R0
                 	.ENDM
                 
                 	.MACRO __GETD1STACK
                 	IN   R30,SPL
                 	IN   R31,SPH
                 	ADIW R30,@0+1
                 	LD   R0,Z+
                 	LD   R1,Z+
                 	LD   R22,Z
                 	MOVW R30,R0
                 	.ENDM
                 
                 	.MACRO __NBST
                 	BST  R@0,@1
                 	IN   R30,SREG
                 	LDI  R31,0x40
                 	EOR  R30,R31
                 	OUT  SREG,R30
                 	.ENDM
                 
                 
                 	.MACRO __PUTB1SN
                 	LDD  R26,Y+@0
                 	LDD  R27,Y+@0+1
                 	SUBI R26,LOW(-@1)
                 	SBCI R27,HIGH(-@1)
                 	ST   X,R30
                 	.ENDM
                 
                 	.MACRO __PUTW1SN
                 	LDD  R26,Y+@0
                 	LDD  R27,Y+@0+1
                 	SUBI R26,LOW(-@1)
                 	SBCI R27,HIGH(-@1)
                 	ST   X+,R30
                 	ST   X,R31
                 	.ENDM
                 
                 	.MACRO __PUTD1SN
                 	LDD  R26,Y+@0
                 	LDD  R27,Y+@0+1
                 	SUBI R26,LOW(-@1)
                 	SBCI R27,HIGH(-@1)
                 	CALL __PUTDP1
                 	.ENDM
                 
                 	.MACRO __PUTB1SNS
                 	LDD  R26,Y+@0
                 	LDD  R27,Y+@0+1
                 	ADIW R26,@1
                 	ST   X,R30
                 	.ENDM
                 
                 	.MACRO __PUTW1SNS
                 	LDD  R26,Y+@0
                 	LDD  R27,Y+@0+1
                 	ADIW R26,@1
                 	ST   X+,R30
                 	ST   X,R31
                 	.ENDM
                 
                 	.MACRO __PUTD1SNS
                 	LDD  R26,Y+@0
                 	LDD  R27,Y+@0+1
                 	ADIW R26,@1
                 	CALL __PUTDP1
                 	.ENDM
                 
                 	.MACRO __PUTB1PMN
                 	LDS  R26,@0
                 	LDS  R27,@0+1
                 	SUBI R26,LOW(-@1)
                 	SBCI R27,HIGH(-@1)
                 	ST   X,R30
                 	.ENDM
                 
                 	.MACRO __PUTW1PMN
                 	LDS  R26,@0
                 	LDS  R27,@0+1
                 	SUBI R26,LOW(-@1)
                 	SBCI R27,HIGH(-@1)
                 	ST   X+,R30
                 	ST   X,R31
                 	.ENDM
                 
                 	.MACRO __PUTD1PMN
                 	LDS  R26,@0
                 	LDS  R27,@0+1
                 	SUBI R26,LOW(-@1)
                 	SBCI R27,HIGH(-@1)
                 	CALL __PUTDP1
                 	.ENDM
                 
                 	.MACRO __PUTB1PMNS
                 	LDS  R26,@0
                 	LDS  R27,@0+1
                 	ADIW R26,@1
                 	ST   X,R30
                 	.ENDM
                 
                 	.MACRO __PUTW1PMNS
                 	LDS  R26,@0
                 	LDS  R27,@0+1
                 	ADIW R26,@1
                 	ST   X+,R30
                 	ST   X,R31
                 	.ENDM
                 
                 	.MACRO __PUTD1PMNS
                 	LDS  R26,@0
                 	LDS  R27,@0+1
                 	ADIW R26,@1
                 	CALL __PUTDP1
                 	.ENDM
                 
                 	.MACRO __PUTB1RN
                 	MOVW R26,R@0
                 	SUBI R26,LOW(-@1)
                 	SBCI R27,HIGH(-@1)
                 	ST   X,R30
                 	.ENDM
                 
                 	.MACRO __PUTW1RN
                 	MOVW R26,R@0
                 	SUBI R26,LOW(-@1)
                 	SBCI R27,HIGH(-@1)
                 	ST   X+,R30
                 	ST   X,R31
                 	.ENDM
                 
                 	.MACRO __PUTD1RN
                 	MOVW R26,R@0
                 	SUBI R26,LOW(-@1)
                 	SBCI R27,HIGH(-@1)
                 	CALL __PUTDP1
                 	.ENDM
                 
                 	.MACRO __PUTB1RNS
                 	MOVW R26,R@0
                 	ADIW R26,@1
                 	ST   X,R30
                 	.ENDM
                 
                 	.MACRO __PUTW1RNS
                 	MOVW R26,R@0
                 	ADIW R26,@1
                 	ST   X+,R30
                 	ST   X,R31
                 	.ENDM
                 
                 	.MACRO __PUTD1RNS
                 	MOVW R26,R@0
                 	ADIW R26,@1
                 	CALL __PUTDP1
                 	.ENDM
                 
                 	.MACRO __PUTB1RON
                 	MOV  R26,R@0
                 	MOV  R27,R@1
                 	SUBI R26,LOW(-@2)
                 	SBCI R27,HIGH(-@2)
                 	ST   X,R30
                 	.ENDM
                 
                 	.MACRO __PUTW1RON
                 	MOV  R26,R@0
                 	MOV  R27,R@1
                 	SUBI R26,LOW(-@2)
                 	SBCI R27,HIGH(-@2)
                 	ST   X+,R30
                 	ST   X,R31
                 	.ENDM
                 
                 	.MACRO __PUTD1RON
                 	MOV  R26,R@0
                 	MOV  R27,R@1
                 	SUBI R26,LOW(-@2)
                 	SBCI R27,HIGH(-@2)
                 	CALL __PUTDP1
                 	.ENDM
                 
                 	.MACRO __PUTB1RONS
                 	MOV  R26,R@0
                 	MOV  R27,R@1
                 	ADIW R26,@2
                 	ST   X,R30
                 	.ENDM
                 
                 	.MACRO __PUTW1RONS
                 	MOV  R26,R@0
                 	MOV  R27,R@1
                 	ADIW R26,@2
                 	ST   X+,R30
                 	ST   X,R31
                 	.ENDM
                 
                 	.MACRO __PUTD1RONS
                 	MOV  R26,R@0
                 	MOV  R27,R@1
                 	ADIW R26,@2
                 	CALL __PUTDP1
                 	.ENDM
                 
                 
                 	.MACRO __GETB1SX
                 	MOVW R30,R28
                 	SUBI R30,LOW(-@0)
                 	SBCI R31,HIGH(-@0)
                 	LD   R30,Z
                 	.ENDM
                 
                 	.MACRO __GETB1HSX
                 	MOVW R30,R28
                 	SUBI R30,LOW(-@0)
                 	SBCI R31,HIGH(-@0)
                 	LD   R31,Z
                 	.ENDM
                 
                 	.MACRO __GETW1SX
                 	MOVW R30,R28
                 	SUBI R30,LOW(-@0)
                 	SBCI R31,HIGH(-@0)
                 	LD   R0,Z+
                 	LD   R31,Z
                 	MOV  R30,R0
                 	.ENDM
                 
                 	.MACRO __GETD1SX
                 	MOVW R30,R28
                 	SUBI R30,LOW(-@0)
                 	SBCI R31,HIGH(-@0)
                 	LD   R0,Z+
                 	LD   R1,Z+
                 	LD   R22,Z+
                 	LD   R23,Z
                 	MOVW R30,R0
                 	.ENDM
                 
                 	.MACRO __GETB2SX
                 	MOVW R26,R28
                 	SUBI R26,LOW(-@0)
                 	SBCI R27,HIGH(-@0)
                 	LD   R26,X
                 	.ENDM
                 
                 	.MACRO __GETW2SX
                 	MOVW R26,R28
                 	SUBI R26,LOW(-@0)
                 	SBCI R27,HIGH(-@0)
                 	LD   R0,X+
                 	LD   R27,X
                 	MOV  R26,R0
                 	.ENDM
                 
                 	.MACRO __GETD2SX
                 	MOVW R26,R28
                 	SUBI R26,LOW(-@0)
                 	SBCI R27,HIGH(-@0)
                 	LD   R0,X+
                 	LD   R1,X+
                 	LD   R24,X+
                 	LD   R25,X
                 	MOVW R26,R0
                 	.ENDM
                 
                 	.MACRO __GETBRSX
                 	MOVW R30,R28
                 	SUBI R30,LOW(-@1)
                 	SBCI R31,HIGH(-@1)
                 	LD   R@0,Z
                 	.ENDM
                 
                 	.MACRO __GETWRSX
                 	MOVW R30,R28
                 	SUBI R30,LOW(-@2)
                 	SBCI R31,HIGH(-@2)
                 	LD   R@0,Z+
                 	LD   R@1,Z
                 	.ENDM
                 
                 	.MACRO __GETBRSX2
                 	MOVW R26,R28
                 	SUBI R26,LOW(-@1)
                 	SBCI R27,HIGH(-@1)
                 	LD   R@0,X
                 	.ENDM
                 
                 	.MACRO __GETWRSX2
                 	MOVW R26,R28
                 	SUBI R26,LOW(-@2)
                 	SBCI R27,HIGH(-@2)
                 	LD   R@0,X+
                 	LD   R@1,X
                 	.ENDM
                 
                 	.MACRO __LSLW8SX
                 	MOVW R30,R28
                 	SUBI R30,LOW(-@0)
                 	SBCI R31,HIGH(-@0)
                 	LD   R31,Z
                 	CLR  R30
                 	.ENDM
                 
                 	.MACRO __PUTB1SX
                 	MOVW R26,R28
                 	SUBI R26,LOW(-@0)
                 	SBCI R27,HIGH(-@0)
                 	ST   X,R30
                 	.ENDM
                 
                 	.MACRO __PUTW1SX
                 	MOVW R26,R28
                 	SUBI R26,LOW(-@0)
                 	SBCI R27,HIGH(-@0)
                 	ST   X+,R30
                 	ST   X,R31
                 	.ENDM
                 
                 	.MACRO __PUTD1SX
                 	MOVW R26,R28
                 	SUBI R26,LOW(-@0)
                 	SBCI R27,HIGH(-@0)
                 	ST   X+,R30
                 	ST   X+,R31
                 	ST   X+,R22
                 	ST   X,R23
                 	.ENDM
                 
                 	.MACRO __CLRW1SX
                 	MOVW R26,R28
                 	SUBI R26,LOW(-@0)
                 	SBCI R27,HIGH(-@0)
                 	ST   X+,R30
                 	ST   X,R30
                 	.ENDM
                 
                 	.MACRO __CLRD1SX
                 	MOVW R26,R28
                 	SUBI R26,LOW(-@0)
                 	SBCI R27,HIGH(-@0)
                 	ST   X+,R30
                 	ST   X+,R30
                 	ST   X+,R30
                 	ST   X,R30
                 	.ENDM
                 
                 	.MACRO __PUTB2SX
                 	MOVW R30,R28
                 	SUBI R30,LOW(-@0)
                 	SBCI R31,HIGH(-@0)
                 	ST   Z,R26
                 	.ENDM
                 
                 	.MACRO __PUTW2SX
                 	MOVW R30,R28
                 	SUBI R30,LOW(-@0)
                 	SBCI R31,HIGH(-@0)
                 	ST   Z+,R26
                 	ST   Z,R27
                 	.ENDM
                 
                 	.MACRO __PUTD2SX
                 	MOVW R30,R28
                 	SUBI R30,LOW(-@0)
                 	SBCI R31,HIGH(-@0)
                 	ST   Z+,R26
                 	ST   Z+,R27
                 	ST   Z+,R24
                 	ST   Z,R25
                 	.ENDM
                 
                 	.MACRO __PUTBSRX
                 	MOVW R30,R28
                 	SUBI R30,LOW(-@1)
                 	SBCI R31,HIGH(-@1)
                 	ST   Z,R@0
                 	.ENDM
                 
                 	.MACRO __PUTWSRX
                 	MOVW R30,R28
                 	SUBI R30,LOW(-@2)
                 	SBCI R31,HIGH(-@2)
                 	ST   Z+,R@0
                 	ST   Z,R@1
                 	.ENDM
                 
                 	.MACRO __PUTB1SNX
                 	MOVW R26,R28
                 	SUBI R26,LOW(-@0)
                 	SBCI R27,HIGH(-@0)
                 	LD   R0,X+
                 	LD   R27,X
                 	MOV  R26,R0
                 	SUBI R26,LOW(-@1)
                 	SBCI R27,HIGH(-@1)
                 	ST   X,R30
                 	.ENDM
                 
                 	.MACRO __PUTW1SNX
                 	MOVW R26,R28
                 	SUBI R26,LOW(-@0)
                 	SBCI R27,HIGH(-@0)
                 	LD   R0,X+
                 	LD   R27,X
                 	MOV  R26,R0
                 	SUBI R26,LOW(-@1)
                 	SBCI R27,HIGH(-@1)
                 	ST   X+,R30
                 	ST   X,R31
                 	.ENDM
                 
                 	.MACRO __PUTD1SNX
                 	MOVW R26,R28
                 	SUBI R26,LOW(-@0)
                 	SBCI R27,HIGH(-@0)
                 	LD   R0,X+
                 	LD   R27,X
                 	MOV  R26,R0
                 	SUBI R26,LOW(-@1)
                 	SBCI R27,HIGH(-@1)
                 	ST   X+,R30
                 	ST   X+,R31
                 	ST   X+,R22
                 	ST   X,R23
                 	.ENDM
                 
                 	.MACRO __MULBRR
                 	MULS R@0,R@1
                 	MOVW R30,R0
                 	.ENDM
                 
                 	.MACRO __MULBRRU
                 	MUL  R@0,R@1
                 	MOVW R30,R0
                 	.ENDM
                 
                 	.MACRO __MULBRR0
                 	MULS R@0,R@1
                 	.ENDM
                 
                 	.MACRO __MULBRRU0
                 	MUL  R@0,R@1
                 	.ENDM
                 
                 	.MACRO __MULBNWRU
                 	LDI  R26,@2
                 	MUL  R26,R@0
                 	MOVW R30,R0
                 	MUL  R26,R@1
                 	ADD  R31,R0
                 	.ENDM
                 
                 ;NAME DEFINITIONS FOR GLOBAL VARIABLES ALLOCATED TO REGISTERS
                 	.DEF _count=R5
                 	.DEF _m=R4
                 	.DEF _s=R7
                 	.DEF _tmp=R6
                 	.DEF __lcd_x=R9
                 	.DEF __lcd_y=R8
                 	.DEF __lcd_maxx=R11
                 
                 	.CSEG
                 	.ORG 0x00
                 
                 ;START OF CODE MARKER
                 __START_OF_CODE:
                 
                 ;INTERRUPT VECTORS
000000 940c 0062 	JMP  __RESET
000002 940c 0000 	JMP  0x00
000004 940c 0000 	JMP  0x00
000006 940c 0000 	JMP  0x00
000008 940c 0000 	JMP  0x00
00000a 940c 0000 	JMP  0x00
00000c 940c 0000 	JMP  0x00
00000e 940c 0000 	JMP  0x00
000010 940c 0000 	JMP  0x00
000012 940c 0000 	JMP  0x00
000014 940c 0000 	JMP  0x00
000016 940c 0000 	JMP  0x00
000018 940c 0000 	JMP  0x00
00001a 940c 0000 	JMP  0x00
00001c 940c 0000 	JMP  0x00
00001e 940c 0000 	JMP  0x00
000020 940c 0092 	JMP  _timer_int0
000022 940c 0000 	JMP  0x00
000024 940c 0000 	JMP  0x00
000026 940c 0000 	JMP  0x00
000028 940c 0000 	JMP  0x00
00002a 940c 0000 	JMP  0x00
00002c 940c 0000 	JMP  0x00
00002e 940c 0000 	JMP  0x00
000030 940c 0000 	JMP  0x00
000032 940c 0000 	JMP  0x00
000034 940c 0000 	JMP  0x00
000036 940c 0000 	JMP  0x00
000038 940c 0000 	JMP  0x00
00003a 940c 0000 	JMP  0x00
00003c 940c 0000 	JMP  0x00
00003e 940c 0000 	JMP  0x00
000040 940c 0000 	JMP  0x00
000042 940c 0000 	JMP  0x00
000044 940c 0000 	JMP  0x00
                 
                 _tbl10_G101:
000046 2710
000047 03e8
000048 0064
000049 000a      	.DB  0x10,0x27,0xE8,0x3,0x64,0x0,0xA,0x0
00004a 0001      	.DB  0x1,0x0
                 _tbl16_G101:
00004b 1000
00004c 0100
00004d 0010
00004e 0001      	.DB  0x0,0x10,0x0,0x1,0x10,0x0,0x1,0x0
                 
                 _0x0:
00004f 4157
000050 4354
000051 0048
000052 3025      	.DB  0x57,0x41,0x54,0x43,0x48,0x0,0x25,0x30
000053 6432
000054 253a
000055 3230
000056 3a64      	.DB  0x32,0x64,0x3A,0x25,0x30,0x32,0x64,0x3A
000057 3025
000058 6432
D:\AVR\lcd\Debug\List\lcd.asm(1157): warning: .cseg .db misalignment - padding zero byte
000059 0000      	.DB  0x25,0x30,0x32,0x64,0x0
                 _0x2000003:
00005a c080      	.DB  0x80,0xC0
                 
                 __GLOBAL_INI_TBL:
00005b 0006      	.DW  0x06
00005c 0500      	.DW  _0x5
00005d 009e      	.DW  _0x0*2
                 
00005e 0002      	.DW  0x02
00005f 0516      	.DW  __base_y_G100
000060 00b4      	.DW  _0x2000003*2
                 
                 _0xFFFFFFFF:
000061 0000      	.DW  0
                 
                 #define __GLOBAL_INI_TBL_PRESENT 1
                 
                 __RESET:
000062 94f8      	CLI
000063 27ee      	CLR  R30
000064 bbec      	OUT  EECR,R30
                 
                 ;INTERRUPT VECTORS ARE PLACED
                 ;AT THE START OF FLASH
000065 e0f1      	LDI  R31,1
000066 bff5      	OUT  MCUCR,R31
000067 bfe5      	OUT  MCUCR,R30
000068 93e0 006c 	STS  XMCRB,R30
                 
                 ;CLEAR R2-R14
00006a e08d      	LDI  R24,(14-2)+1
00006b e0a2      	LDI  R26,2
00006c 27bb      	CLR  R27
                 __CLEAR_REG:
00006d 93ed      	ST   X+,R30
00006e 958a      	DEC  R24
00006f f7e9      	BRNE __CLEAR_REG
                 
                 ;CLEAR SRAM
000070 e080      	LDI  R24,LOW(__CLEAR_SRAM_SIZE)
000071 e190      	LDI  R25,HIGH(__CLEAR_SRAM_SIZE)
000072 e0a0      	LDI  R26,LOW(__SRAM_START)
000073 e0b1      	LDI  R27,HIGH(__SRAM_START)
                 __CLEAR_SRAM:
000074 93ed      	ST   X+,R30
000075 9701      	SBIW R24,1
000076 f7e9      	BRNE __CLEAR_SRAM
                 
                 ;GLOBAL VARIABLES INITIALIZATION
000077 ebe6      	LDI  R30,LOW(__GLOBAL_INI_TBL*2)
000078 e0f0      	LDI  R31,HIGH(__GLOBAL_INI_TBL*2)
                 __GLOBAL_INI_NEXT:
000079 9185      	LPM  R24,Z+
00007a 9195      	LPM  R25,Z+
00007b 9700      	SBIW R24,0
00007c f061      	BREQ __GLOBAL_INI_END
00007d 91a5      	LPM  R26,Z+
00007e 91b5      	LPM  R27,Z+
00007f 9005      	LPM  R0,Z+
000080 9015      	LPM  R1,Z+
000081 01bf      	MOVW R22,R30
000082 01f0      	MOVW R30,R0
                 __GLOBAL_INI_LOOP:
000083 9005      	LPM  R0,Z+
000084 920d      	ST   X+,R0
000085 9701      	SBIW R24,1
000086 f7e1      	BRNE __GLOBAL_INI_LOOP
000087 01fb      	MOVW R30,R22
000088 cff0      	RJMP __GLOBAL_INI_NEXT
                 __GLOBAL_INI_END:
                 
000089 bf8b      	OUT  RAMPZ,R24
                 
                 ;HARDWARE STACK POINTER INITIALIZATION
00008a efef      	LDI  R30,LOW(__SRAM_END-__HEAP_SIZE)
00008b bfed      	OUT  SPL,R30
00008c e1e0      	LDI  R30,HIGH(__SRAM_END-__HEAP_SIZE)
00008d bfee      	OUT  SPH,R30
                 
                 ;DATA STACK POINTER INITIALIZATION
00008e e0c0      	LDI  R28,LOW(__SRAM_START+__DSTACK_SIZE)
00008f e0d5      	LDI  R29,HIGH(__SRAM_START+__DSTACK_SIZE)
                 
000090 940c 00d7 	JMP  _main
                 
                 	.ESEG
                 	.ORG 0
                 
                 	.DSEG
                 	.ORG 0x500
                 
                 	.CSEG
                 ;/*
                 ; * lcd.c
                 ; *
                 ; * Created: 2016-08-16 오후 3:26:11
                 ; * Author: 김경식007
                 ; */
                 ;
                 ;
                 ;#include <io.h>
                 	#ifndef __SLEEP_DEFINED__
                 	#define __SLEEP_DEFINED__
                 	.EQU __se_bit=0x20
                 	.EQU __sm_mask=0x1C
                 	.EQU __sm_powerdown=0x10
                 	.EQU __sm_powersave=0x18
                 	.EQU __sm_standby=0x14
                 	.EQU __sm_ext_standby=0x1C
                 	.EQU __sm_adc_noise_red=0x08
                 	.SET power_ctrl_reg=mcucr
                 	#endif
                 ;#include <lcd.h>
                 ;#include <delay.h>
                 ;#include <stdio.h>
                 ;#include <interrupt.h>
                 ;	flags -> R17
                 ;#define sbi(port, bit) (port) |= (1 << (bit))
                 ;#define cbi(port, bit) (port) &= ~(1 << (bit))
                 ;#asm
                     .equ __lcd_port = 0x1b
                 ; 0000 0012 #endasm
                 ;
                 ;#define RTC_PORT PORTE
                 ;#define RTC_PIN PINE
                 ;#define RTC_DDR DDRE
                 ;#define RTC_CLK 0
                 ;#define RTC_DAT 1
                 ;#define RTC_RST 2
                 ;
                 ;#define ds1302_sec 0x80
                 ;#define ds1302_min (ds1302_sec + 0x02)
                 ;#define ds1302_hour (ds1302_min + 0x02)
                 ;#define ds1302_control 0x8e
                 ;#define ds1302_charger 0x90
                 ;
                 ;unsigned char count, test[16];
                 ;char m, s, tmp;
                 ;
                 ;unsigned char ds1302_read(unsigned char addr);
                 ;void ds1302_write(char adr, char dat);
                 ;
                 ;
                 ;interrupt [TIM0_OVF] void timer_int0(void){
                 ; 0000 0028 interrupt [17] void timer_int0(void){
                 
                 	.CSEG
                 _timer_int0:
                 ; .FSTART _timer_int0
000092 920a      	ST   -Y,R0
000093 921a      	ST   -Y,R1
000094 92fa      	ST   -Y,R15
000095 936a      	ST   -Y,R22
000096 937a      	ST   -Y,R23
000097 938a      	ST   -Y,R24
000098 939a      	ST   -Y,R25
000099 93aa      	ST   -Y,R26
00009a 93ba      	ST   -Y,R27
00009b 93ea      	ST   -Y,R30
00009c 93fa      	ST   -Y,R31
00009d b7ef      	IN   R30,SREG
00009e 93ea      	ST   -Y,R30
                 ; 0000 0029     TCNT0 = 0x00;
00009f e0e0      	LDI  R30,LOW(0)
0000a0 bfe2      	OUT  0x32,R30
                 ; 0000 002A     if(count++ == 30){
0000a1 2de5      	MOV  R30,R5
0000a2 9453      	INC  R5
0000a3 31ee      	CPI  R30,LOW(0x1E)
0000a4 f521      	BRNE _0x4
                 ; 0000 002B         count = 0x00;
0000a5 2455      	CLR  R5
                 ; 0000 002C         lcd_clear();
0000a6 d0ee      	RCALL _lcd_clear
                 ; 0000 002D         lcd_gotoxy(5,0);
0000a7 e0e5      	LDI  R30,LOW(5)
0000a8 93ea      	ST   -Y,R30
0000a9 e0a0      	LDI  R26,LOW(0)
0000aa d0dc      	RCALL _lcd_gotoxy
                 ; 0000 002E         lcd_puts("WATCH");
                +
0000ab e0a0     +LDI R26 , LOW ( _0x5 + ( 0 ) )
0000ac e0b5     +LDI R27 , HIGH ( _0x5 + ( 0 ) )
                 	__POINTW2MN _0x5,0
0000ad d10d      	RCALL _lcd_puts
                 ; 0000 002F         lcd_gotoxy(4,1);
0000ae e0e4      	LDI  R30,LOW(4)
0000af 93ea      	ST   -Y,R30
0000b0 e0a1      	LDI  R26,LOW(1)
0000b1 d0d5      	RCALL _lcd_gotoxy
                 ; 0000 0030 
                 ; 0000 0031         tmp = ds1302_read(ds1302_min);
0000b2 e8a2      	LDI  R26,LOW(130)
0000b3 d2f5      	RCALL SUBOPT_0x0
                 ; 0000 0032         m = (((tmp & 0x70) >> 4)*10) + (tmp & 0x0f);
0000b4 2e4e      	MOV  R4,R30
                 ; 0000 0033 
                 ; 0000 0034         tmp = ds1302_read(ds1302_sec);
0000b5 e8a0      	LDI  R26,LOW(128)
0000b6 d2f2      	RCALL SUBOPT_0x0
                 ; 0000 0035         s = (((tmp & 0x70) >> 4)*10) + (tmp & 0x0f);
0000b7 2e7e      	MOV  R7,R30
                 ; 0000 0036         sprintf(test, "%02d:%02d:%02d",s, s, s);
0000b8 e0e6      	LDI  R30,LOW(_test)
0000b9 e0f5      	LDI  R31,HIGH(_test)
0000ba 93fa      	ST   -Y,R31
0000bb 93ea      	ST   -Y,R30
                +
0000bc eae4     +LDI R30 , LOW ( 2 * _0x0 + ( 6 ) )
0000bd e0f0     +LDI R31 , HIGH ( 2 * _0x0 + ( 6 ) )
                 	__POINTW1FN _0x0,6
0000be 93fa      	ST   -Y,R31
0000bf 93ea      	ST   -Y,R30
0000c0 d2f5      	RCALL SUBOPT_0x1
0000c1 d2f4      	RCALL SUBOPT_0x1
0000c2 d2f3      	RCALL SUBOPT_0x1
0000c3 e08c      	LDI  R24,12
0000c4 d29a      	RCALL _sprintf
0000c5 9660      	ADIW R28,16
                 ; 0000 0037         lcd_puts(test);
0000c6 e0a6      	LDI  R26,LOW(_test)
0000c7 e0b5      	LDI  R27,HIGH(_test)
0000c8 d0f2      	RCALL _lcd_puts
                 ; 0000 0038     }
                 ; 0000 0039 }
                 _0x4:
0000c9 91e9      	LD   R30,Y+
0000ca bfef      	OUT  SREG,R30
0000cb 91f9      	LD   R31,Y+
0000cc 91e9      	LD   R30,Y+
0000cd 91b9      	LD   R27,Y+
0000ce 91a9      	LD   R26,Y+
0000cf 9199      	LD   R25,Y+
0000d0 9189      	LD   R24,Y+
0000d1 9179      	LD   R23,Y+
0000d2 9169      	LD   R22,Y+
0000d3 90f9      	LD   R15,Y+
0000d4 9019      	LD   R1,Y+
0000d5 9009      	LD   R0,Y+
0000d6 9518      	RETI
                 ; .FEND
                 
                 	.DSEG
                 _0x5:
000500           	.BYTE 0x6
                 ;
                 ;
                 ;void main(void){
                 ; 0000 003C void main(void){
                 
                 	.CSEG
                 _main:
                 ; .FSTART _main
                 ; 0000 003D     DDRA = 0xff;
0000d7 efef      	LDI  R30,LOW(255)
0000d8 bbea      	OUT  0x1A,R30
                 ; 0000 003E     count = 0x00;
0000d9 2455      	CLR  R5
                 ; 0000 003F     TIMSK = 0x01;
0000da e0e1      	LDI  R30,LOW(1)
0000db bfe7      	OUT  0x37,R30
                 ; 0000 0040     TCCR0 = 0x07;   //1024분주
0000dc e0e7      	LDI  R30,LOW(7)
0000dd bfe3      	OUT  0x33,R30
                 ; 0000 0041     TCNT0 = 0x00;
0000de e0e0      	LDI  R30,LOW(0)
0000df bfe2      	OUT  0x32,R30
                 ; 0000 0042     SREG = 0x80;   //모든 레지스터 활성화
0000e0 e8e0      	LDI  R30,LOW(128)
0000e1 bfef      	OUT  0x3F,R30
                 ; 0000 0043     lcd_init(16);
0000e2 e1a0      	LDI  R26,LOW(16)
0000e3 d0f8      	RCALL _lcd_init
                 ; 0000 0044     ds1302_write(ds1302_control, 0x00);
0000e4 e8ee      	LDI  R30,LOW(142)
0000e5 93ea      	ST   -Y,R30
0000e6 e0a0      	LDI  R26,LOW(0)
0000e7 d040      	RCALL _ds1302_write
                 ; 0000 0045     ds1302_write(ds1302_sec, 0x51);
0000e8 e8e0      	LDI  R30,LOW(128)
0000e9 93ea      	ST   -Y,R30
0000ea e5a1      	LDI  R26,LOW(81)
0000eb d03c      	RCALL _ds1302_write
                 ; 0000 0046     ds1302_write(ds1302_min, 0x59);
0000ec e8e2      	LDI  R30,LOW(130)
0000ed 93ea      	ST   -Y,R30
0000ee e5a9      	LDI  R26,LOW(89)
0000ef d038      	RCALL _ds1302_write
                 ; 0000 0047     ds1302_write(ds1302_hour, 0x11);
0000f0 e8e4      	LDI  R30,LOW(132)
0000f1 93ea      	ST   -Y,R30
0000f2 e1a1      	LDI  R26,LOW(17)
0000f3 d034      	RCALL _ds1302_write
                 ; 0000 0048     ds1302_write(ds1302_control, 0x80);
0000f4 e8ee      	LDI  R30,LOW(142)
0000f5 93ea      	ST   -Y,R30
0000f6 e8a0      	LDI  R26,LOW(128)
0000f7 d030      	RCALL _ds1302_write
                 ; 0000 0049 
                 ; 0000 004A     while(1);
                 _0x6:
0000f8 cfff      	RJMP _0x6
                 ; 0000 004B }
                 _0x9:
0000f9 cfff      	RJMP _0x9
                 ; .FEND
                 ;
                 ;
                 ;unsigned char ds1302_read(unsigned char addr) {
                 ; 0000 004E unsigned char ds1302_read(unsigned char addr) {
                 _ds1302_read:
                 ; .FSTART _ds1302_read
                 ; 0000 004F       char return_data = 0;
                 ; 0000 0050       int i = 0;
                 ; 0000 0051 
                 ; 0000 0052       addr += 1;
0000fa d2e6      	RCALL __SAVELOCR4
0000fb 2f0a      	MOV  R16,R26
                 ;	addr -> R16
                 ;	return_data -> R17
                 ;	i -> R18,R19
0000fc e010      	LDI  R17,0
                +
0000fd e020     +LDI R18 , LOW ( 0 )
0000fe e030     +LDI R19 , HIGH ( 0 )
                 	__GETWRN 18,19,0
0000ff 5f0f      	SUBI R16,-LOW(1)
                 ; 0000 0053       sbi(RTC_DDR, RTC_DAT);
000100 9a11      	SBI  0x2,1
                 ; 0000 0054       sbi(RTC_PORT, RTC_RST);
000101 9a1a      	SBI  0x3,2
                 ; 0000 0055 
                 ; 0000 0056       for(i = 0; i < 8; i++) {
                +
000102 e020     +LDI R18 , LOW ( 0 )
000103 e030     +LDI R19 , HIGH ( 0 )
                 	__GETWRN 18,19,0
                 _0xB:
                +
000104 3028     +CPI R18 , LOW ( 8 )
000105 e0e0     +LDI R30 , HIGH ( 8 )
000106 073e     +CPC R19 , R30
                 	__CPWRN 18,19,8
000107 f45c      	BRGE _0xC
                 ; 0000 0057             cbi(RTC_PORT, RTC_CLK);
000108 9818      	CBI  0x3,0
                 ; 0000 0058             if (addr & 0x01)
000109 ff00      	SBRS R16,0
00010a c002      	RJMP _0xD
                 ; 0000 0059                   sbi(RTC_PORT, RTC_DAT);
00010b 9a19      	SBI  0x3,1
                 ; 0000 005A             else
00010c c001      	RJMP _0xE
                 _0xD:
                 ; 0000 005B                   cbi(RTC_PORT, RTC_DAT);
00010d 9819      	CBI  0x3,1
                 ; 0000 005C 
                 ; 0000 005D             sbi(RTC_PORT, RTC_CLK);
                 _0xE:
00010e 9a18      	SBI  0x3,0
                 ; 0000 005E 
                 ; 0000 005F             addr >>= 1;
00010f 9506      	LSR  R16
                 ; 0000 0060       }
                +
000110 5f2f     +SUBI R18 , LOW ( - 1 )
000111 4f3f     +SBCI R19 , HIGH ( - 1 )
                 	__ADDWRN 18,19,1
000112 cff1      	RJMP _0xB
                 _0xC:
                 ; 0000 0061 
                 ; 0000 0062       cbi(DDRC, RTC_DAT);
000113 98a1      	CBI  0x14,1
                 ; 0000 0063 
                 ; 0000 0064       for(i = 0; i < 8; i++) {
                +
000114 e020     +LDI R18 , LOW ( 0 )
000115 e030     +LDI R19 , HIGH ( 0 )
                 	__GETWRN 18,19,0
                 _0x10:
                +
000116 3028     +CPI R18 , LOW ( 8 )
000117 e0e0     +LDI R30 , HIGH ( 8 )
000118 073e     +CPC R19 , R30
                 	__CPWRN 18,19,8
000119 f444      	BRGE _0x11
                 ; 0000 0065             cbi(RTC_PORT, RTC_CLK);
00011a 9818      	CBI  0x3,0
                 ; 0000 0066             if (RTC_PIN.RTC_DAT)
00011b 9909      	SBIC 0x1,1
                 ; 0000 0067                   return_data |= 0x80;
00011c 6810      	ORI  R17,LOW(128)
                 ; 0000 0068 
                 ; 0000 0069             sbi(RTC_PORT, RTC_CLK);
00011d 9a18      	SBI  0x3,0
                 ; 0000 006A             return_data >>= 1;
00011e 9516      	LSR  R17
                 ; 0000 006B       }
                +
00011f 5f2f     +SUBI R18 , LOW ( - 1 )
000120 4f3f     +SBCI R19 , HIGH ( - 1 )
                 	__ADDWRN 18,19,1
000121 cff4      	RJMP _0x10
                 _0x11:
                 ; 0000 006C 
                 ; 0000 006D       cbi(PORTC, RTC_CLK);
000122 98a8      	CBI  0x15,0
                 ; 0000 006E       cbi(PORTC, RTC_RST);
000123 98aa      	CBI  0x15,2
                 ; 0000 006F 
                 ; 0000 0070       return return_data;
000124 2fe1      	MOV  R30,R17
000125 d2c2      	RCALL __LOADLOCR4
000126 9624      	ADIW R28,4
000127 9508      	RET
                 ; 0000 0071 }
                 ; .FEND
                 ;
                 ;void ds1302_write(char adr, char dat){
                 ; 0000 0073 void ds1302_write(char adr, char dat){
                 _ds1302_write:
                 ; .FSTART _ds1302_write
                 ; 0000 0074     char a;
                 ; 0000 0075     sbi(RTC_DDR, RTC_DAT);
000128 d2b8      	RCALL __SAVELOCR4
000129 2f0a      	MOV  R16,R26
00012a 813c      	LDD  R19,Y+4
                 ;	adr -> R19
                 ;	dat -> R16
                 ;	a -> R17
00012b 9a11      	SBI  0x2,1
                 ; 0000 0076     sbi(RTC_PORT, RTC_RST);
00012c 9a1a      	SBI  0x3,2
                 ; 0000 0077 
                 ; 0000 0078     for(a = 0;a<8;++a){
00012d e010      	LDI  R17,LOW(0)
                 _0x14:
00012e 3018      	CPI  R17,8
00012f f450      	BRSH _0x15
                 ; 0000 0079         cbi(RTC_PORT, RTC_CLK);
000130 9818      	CBI  0x3,0
                 ; 0000 007A         if(adr & 0x1)
000131 ff30      	SBRS R19,0
000132 c002      	RJMP _0x16
                 ; 0000 007B             sbi(RTC_PORT, RTC_DAT);
000133 9a19      	SBI  0x3,1
                 ; 0000 007C         else
000134 c001      	RJMP _0x17
                 _0x16:
                 ; 0000 007D             cbi(RTC_PORT, RTC_DAT);
000135 9819      	CBI  0x3,1
                 ; 0000 007E         sbi(RTC_PORT, RTC_CLK);
                 _0x17:
000136 9a18      	SBI  0x3,0
                 ; 0000 007F         adr >>= 1;
000137 9536      	LSR  R19
                 ; 0000 0080     }
000138 5f1f      	SUBI R17,-LOW(1)
000139 cff4      	RJMP _0x14
                 _0x15:
                 ; 0000 0081 
                 ; 0000 0082     for(a = 0;a<8;++a){
00013a e010      	LDI  R17,LOW(0)
                 _0x19:
00013b 3018      	CPI  R17,8
00013c f450      	BRSH _0x1A
                 ; 0000 0083         cbi(RTC_PORT, RTC_CLK);
00013d 9818      	CBI  0x3,0
                 ; 0000 0084         if(dat & 0x1)
00013e ff00      	SBRS R16,0
00013f c002      	RJMP _0x1B
                 ; 0000 0085             sbi(RTC_PORT, RTC_DAT);
000140 9a19      	SBI  0x3,1
                 ; 0000 0086         else
000141 c001      	RJMP _0x1C
                 _0x1B:
                 ; 0000 0087             cbi(RTC_PORT, RTC_DAT);
000142 9819      	CBI  0x3,1
                 ; 0000 0088         sbi(RTC_PORT, RTC_CLK);
                 _0x1C:
000143 9a18      	SBI  0x3,0
                 ; 0000 0089         dat >>= 1;
000144 9506      	LSR  R16
                 ; 0000 008A     }
000145 5f1f      	SUBI R17,-LOW(1)
000146 cff4      	RJMP _0x19
                 _0x1A:
                 ; 0000 008B     cbi(RTC_PORT, RTC_CLK);
000147 9818      	CBI  0x3,0
                 ; 0000 008C     cbi(RTC_PORT, RTC_RST);
000148 981a      	CBI  0x3,2
                 ; 0000 008D }
000149 d29e      	RCALL __LOADLOCR4
00014a 9625      	ADIW R28,5
00014b 9508      	RET
                 ; .FEND
                 	#ifndef __SLEEP_DEFINED__
                 	#endif
                     .equ __lcd_direction=__lcd_port-1
                     .equ __lcd_pin=__lcd_port-2
                     .equ __lcd_rs=0
                     .equ __lcd_rd=1
                     .equ __lcd_enable=2
                     .equ __lcd_busy_flag=7
                 
                 	.DSEG
                 
                 	.CSEG
                 __lcd_delay_G100:
                 ; .FSTART __lcd_delay_G100
00014c e0ff          ldi   r31,15
                 __lcd_delay0:
00014d 95fa          dec   r31
00014e f7f1          brne  __lcd_delay0
00014f 9508      	RET
                 ; .FEND
                 __lcd_ready:
                 ; .FSTART __lcd_ready
000150 b3aa          in    r26,__lcd_direction
000151 70af          andi  r26,0xf                 ;set as input
000152 bbaa          out   __lcd_direction,r26
000153 9ad9          sbi   __lcd_port,__lcd_rd     ;RD=1
000154 98d8          cbi   __lcd_port,__lcd_rs     ;RS=0
                 __lcd_busy:
000155 dff6      	RCALL __lcd_delay_G100
000156 9ada          sbi   __lcd_port,__lcd_enable ;EN=1
000157 dff4      	RCALL __lcd_delay_G100
000158 b3a9          in    r26,__lcd_pin
000159 98da          cbi   __lcd_port,__lcd_enable ;EN=0
00015a dff1      	RCALL __lcd_delay_G100
00015b 9ada          sbi   __lcd_port,__lcd_enable ;EN=1
00015c dfef      	RCALL __lcd_delay_G100
00015d 98da          cbi   __lcd_port,__lcd_enable ;EN=0
00015e fda7          sbrc  r26,__lcd_busy_flag
00015f cff5          rjmp  __lcd_busy
000160 9508      	RET
                 ; .FEND
                 __lcd_write_nibble_G100:
                 ; .FSTART __lcd_write_nibble_G100
000161 7fa0          andi  r26,0xf0
000162 2bab          or    r26,r27
000163 bbab          out   __lcd_port,r26          ;write
000164 9ada          sbi   __lcd_port,__lcd_enable ;EN=1
000165 dfe6      	RCALL __lcd_delay_G100
000166 98da          cbi   __lcd_port,__lcd_enable ;EN=0
000167 dfe4      	RCALL __lcd_delay_G100
000168 9508      	RET
                 ; .FEND
                 __lcd_write_data:
                 ; .FSTART __lcd_write_data
000169 93aa      	ST   -Y,R26
00016a 98d9          cbi  __lcd_port,__lcd_rd 	  ;RD=0
00016b b3aa          in    r26,__lcd_direction
00016c 6fa7          ori   r26,0xf0 | (1<<__lcd_rs) | (1<<__lcd_rd) | (1<<__lcd_enable) ;set as output
00016d bbaa          out   __lcd_direction,r26
00016e b3bb          in    r27,__lcd_port
00016f 70bf          andi  r27,0xf
000170 81a8          ld    r26,y
000171 dfef      	RCALL __lcd_write_nibble_G100
000172 81a8          ld    r26,y
000173 95a2          swap  r26
000174 dfec      	RCALL __lcd_write_nibble_G100
000175 9ad9          sbi   __lcd_port,__lcd_rd     ;RD=1
000176 940c 020c 	JMP  _0x2080002
                 ; .FEND
                 __lcd_read_nibble_G100:
                 ; .FSTART __lcd_read_nibble_G100
000178 9ada          sbi   __lcd_port,__lcd_enable ;EN=1
000179 dfd2      	RCALL __lcd_delay_G100
00017a b3e9          in    r30,__lcd_pin           ;read
00017b 98da          cbi   __lcd_port,__lcd_enable ;EN=0
00017c dfcf      	RCALL __lcd_delay_G100
00017d 7fe0          andi  r30,0xf0
00017e 9508      	RET
                 ; .FEND
                 _lcd_read_byte0_G100:
                 ; .FSTART _lcd_read_byte0_G100
00017f dfcc      	RCALL __lcd_delay_G100
000180 dff7      	RCALL __lcd_read_nibble_G100
000181 2fae          mov   r26,r30
000182 dff5      	RCALL __lcd_read_nibble_G100
000183 98d9          cbi   __lcd_port,__lcd_rd     ;RD=0
000184 95e2          swap  r30
000185 2bea          or    r30,r26
000186 9508      	RET
                 ; .FEND
                 _lcd_gotoxy:
                 ; .FSTART _lcd_gotoxy
000187 93aa      	ST   -Y,R26
000188 dfc7      	RCALL __lcd_ready
000189 81e8      	LD   R30,Y
00018a e0f0      	LDI  R31,0
00018b 5eea      	SUBI R30,LOW(-__base_y_G100)
00018c 4ffa      	SBCI R31,HIGH(-__base_y_G100)
00018d 81e0      	LD   R30,Z
00018e 81a9      	LDD  R26,Y+1
00018f 0fae      	ADD  R26,R30
000190 dfd8      	RCALL __lcd_write_data
000191 8099      	LDD  R9,Y+1
000192 8088      	LDD  R8,Y+0
000193 9622      	ADIW R28,2
000194 9508      	RET
                 ; .FEND
                 _lcd_clear:
                 ; .FSTART _lcd_clear
000195 dfba      	RCALL __lcd_ready
000196 e0a2      	LDI  R26,LOW(2)
000197 dfd1      	RCALL __lcd_write_data
000198 dfb7      	RCALL __lcd_ready
000199 e0ac      	LDI  R26,LOW(12)
00019a dfce      	RCALL __lcd_write_data
00019b dfb4      	RCALL __lcd_ready
00019c e0a1      	LDI  R26,LOW(1)
00019d dfcb      	RCALL __lcd_write_data
00019e e0e0      	LDI  R30,LOW(0)
00019f 2e8e      	MOV  R8,R30
0001a0 2e9e      	MOV  R9,R30
0001a1 9508      	RET
                 ; .FEND
                 _lcd_putchar:
                 ; .FSTART _lcd_putchar
0001a2 93aa      	ST   -Y,R26
0001a3 93ef          push r30
0001a4 93ff          push r31
0001a5 81a8          ld   r26,y
0001a6 9468          set
0001a7 30aa          cpi  r26,10
0001a8 f019          breq __lcd_putchar1
0001a9 94e8          clt
0001aa 149b      	CP   R9,R11
0001ab f030      	BRLO _0x2000004
                 	__lcd_putchar1:
0001ac 9483      	INC  R8
0001ad e0e0      	LDI  R30,LOW(0)
0001ae 93ea      	ST   -Y,R30
0001af 2da8      	MOV  R26,R8
0001b0 dfd6      	RCALL _lcd_gotoxy
0001b1 f02e      	brts __lcd_putchar0
                 _0x2000004:
0001b2 9493      	INC  R9
0001b3 df9c          rcall __lcd_ready
0001b4 9ad8          sbi  __lcd_port,__lcd_rs ;RS=1
0001b5 81a8      	LD   R26,Y
0001b6 dfb2      	RCALL __lcd_write_data
                 __lcd_putchar0:
0001b7 91ff          pop  r31
0001b8 91ef          pop  r30
0001b9 940c 020c 	JMP  _0x2080002
                 ; .FEND
                 _lcd_puts:
                 ; .FSTART _lcd_puts
0001bb 93ba      	ST   -Y,R27
0001bc 93aa      	ST   -Y,R26
0001bd 931a      	ST   -Y,R17
                 _0x2000005:
0001be 81a9      	LDD  R26,Y+1
0001bf 81ba      	LDD  R27,Y+1+1
0001c0 91ed      	LD   R30,X+
0001c1 83a9      	STD  Y+1,R26
0001c2 83ba      	STD  Y+1+1,R27
0001c3 2f1e      	MOV  R17,R30
0001c4 30e0      	CPI  R30,0
0001c5 f019      	BREQ _0x2000007
0001c6 2fa1      	MOV  R26,R17
0001c7 dfda      	RCALL _lcd_putchar
0001c8 cff5      	RJMP _0x2000005
                 _0x2000007:
0001c9 8118      	LDD  R17,Y+0
0001ca 9623      	ADIW R28,3
0001cb 9508      	RET
                 ; .FEND
                 __long_delay_G100:
                 ; .FSTART __long_delay_G100
0001cc 27aa          clr   r26
0001cd 27bb          clr   r27
                 __long_delay0:
0001ce 9711          sbiw  r26,1         ;2 cycles
0001cf f7f1          brne  __long_delay0 ;2 cycles
0001d0 9508      	RET
                 ; .FEND
                 __lcd_init_write_G100:
                 ; .FSTART __lcd_init_write_G100
0001d1 93aa      	ST   -Y,R26
0001d2 98d9          cbi  __lcd_port,__lcd_rd 	  ;RD=0
0001d3 b3aa          in    r26,__lcd_direction
0001d4 6fa7          ori   r26,0xf7                ;set as output
0001d5 bbaa          out   __lcd_direction,r26
0001d6 b3bb          in    r27,__lcd_port
0001d7 70bf          andi  r27,0xf
0001d8 81a8          ld    r26,y
0001d9 df87      	RCALL __lcd_write_nibble_G100
0001da 9ad9          sbi   __lcd_port,__lcd_rd     ;RD=1
0001db c030      	RJMP _0x2080002
                 ; .FEND
                 _lcd_init:
                 ; .FSTART _lcd_init
0001dc 93aa      	ST   -Y,R26
0001dd 98da          cbi   __lcd_port,__lcd_enable ;EN=0
0001de 98d8          cbi   __lcd_port,__lcd_rs     ;RS=0
0001df 80b8      	LDD  R11,Y+0
0001e0 81e8      	LD   R30,Y
0001e1 58e0      	SUBI R30,-LOW(128)
                +
0001e2 93e0 0518+STS __base_y_G100 + ( 2 ) , R30
                 	__PUTB1MN __base_y_G100,2
0001e4 81e8      	LD   R30,Y
0001e5 54e0      	SUBI R30,-LOW(192)
                +
0001e6 93e0 0519+STS __base_y_G100 + ( 3 ) , R30
                 	__PUTB1MN __base_y_G100,3
0001e8 dfe3      	RCALL __long_delay_G100
0001e9 e3a0      	LDI  R26,LOW(48)
0001ea dfe6      	RCALL __lcd_init_write_G100
0001eb dfe0      	RCALL __long_delay_G100
0001ec e3a0      	LDI  R26,LOW(48)
0001ed dfe3      	RCALL __lcd_init_write_G100
0001ee dfdd      	RCALL __long_delay_G100
0001ef e3a0      	LDI  R26,LOW(48)
0001f0 dfe0      	RCALL __lcd_init_write_G100
0001f1 dfda      	RCALL __long_delay_G100
0001f2 e2a0      	LDI  R26,LOW(32)
0001f3 dfdd      	RCALL __lcd_init_write_G100
0001f4 dfd7      	RCALL __long_delay_G100
0001f5 e2a8      	LDI  R26,LOW(40)
0001f6 df72      	RCALL __lcd_write_data
0001f7 dfd4      	RCALL __long_delay_G100
0001f8 e0a4      	LDI  R26,LOW(4)
0001f9 df6f      	RCALL __lcd_write_data
0001fa dfd1      	RCALL __long_delay_G100
0001fb e8a5      	LDI  R26,LOW(133)
0001fc df6c      	RCALL __lcd_write_data
0001fd dfce      	RCALL __long_delay_G100
0001fe b3aa          in    r26,__lcd_direction
0001ff 70af          andi  r26,0xf                 ;set as input
000200 bbaa          out   __lcd_direction,r26
000201 9ad9          sbi   __lcd_port,__lcd_rd     ;RD=1
000202 df7c      	RCALL _lcd_read_byte0_G100
000203 30e5      	CPI  R30,LOW(0x5)
000204 f011      	BREQ _0x200000B
000205 e0e0      	LDI  R30,LOW(0)
000206 c005      	RJMP _0x2080002
                 _0x200000B:
000207 df48      	RCALL __lcd_ready
000208 e0a6      	LDI  R26,LOW(6)
000209 df5f      	RCALL __lcd_write_data
00020a df8a      	RCALL _lcd_clear
00020b e0e1      	LDI  R30,LOW(1)
                 _0x2080002:
00020c 9621      	ADIW R28,1
00020d 9508      	RET
                 ; .FEND
                 	#ifndef __SLEEP_DEFINED__
                 	#endif
                 
                 	.CSEG
                 _put_buff_G101:
                 ; .FSTART _put_buff_G101
00020e d1d0      	RCALL __SAVELOCR6
00020f 019d      	MOVW R18,R26
000210 815e      	LDD  R21,Y+6
000211 9612      	ADIW R26,2
000212 d1ef      	RCALL __GETW1P
000213 9730      	SBIW R30,0
000214 f0e1      	BREQ _0x2020010
000215 01d9      	MOVW R26,R18
000216 9614      	ADIW R26,4
000217 d1ea      	RCALL __GETW1P
000218 018f      	MOVW R16,R30
000219 9730      	SBIW R30,0
00021a f059      	BREQ _0x2020012
                +
00021b 3002     +CPI R16 , LOW ( 2 )
00021c e0e0     +LDI R30 , HIGH ( 2 )
00021d 071e     +CPC R17 , R30
                 	__CPWRN 16,17,2
00021e f060      	BRLO _0x2020013
00021f 01f8      	MOVW R30,R16
000220 9731      	SBIW R30,1
000221 018f      	MOVW R16,R30
                +
000222 01d9     +MOVW R26 , R18
000223 9614     +ADIW R26 , 4
000224 93ed     +ST X + , R30
000225 93fc     +ST X , R31
                 	__PUTW1RNS 18,4
                 _0x2020012:
000226 01d9      	MOVW R26,R18
000227 9612      	ADIW R26,2
000228 d193      	RCALL SUBOPT_0x2
000229 9731      	SBIW R30,1
00022a 8350      	ST   Z,R21
                 _0x2020013:
00022b 01d9      	MOVW R26,R18
00022c d1d5      	RCALL __GETW1P
00022d 23ff      	TST  R31
00022e f00a      	BRMI _0x2020014
00022f d18c      	RCALL SUBOPT_0x2
                 _0x2020014:
000230 c005      	RJMP _0x2020015
                 _0x2020010:
000231 01d9      	MOVW R26,R18
000232 efef      	LDI  R30,LOW(65535)
000233 efff      	LDI  R31,HIGH(65535)
000234 93ed      	ST   X+,R30
000235 93fc      	ST   X,R31
                 _0x2020015:
000236 d1af      	RCALL __LOADLOCR6
000237 9627      	ADIW R28,7
000238 9508      	RET
                 ; .FEND
                 __print_G101:
                 ; .FSTART __print_G101
000239 93ba      	ST   -Y,R27
00023a 93aa      	ST   -Y,R26
00023b 9726      	SBIW R28,6
00023c d1a2      	RCALL __SAVELOCR6
00023d e010      	LDI  R17,0
00023e 85ac      	LDD  R26,Y+12
00023f 85bd      	LDD  R27,Y+12+1
000240 e0e0      	LDI  R30,LOW(0)
000241 e0f0      	LDI  R31,HIGH(0)
000242 93ed      	ST   X+,R30
000243 93fc      	ST   X,R31
                 _0x2020016:
000244 89ea      	LDD  R30,Y+18
000245 89fb      	LDD  R31,Y+18+1
000246 9631      	ADIW R30,1
000247 8bea      	STD  Y+18,R30
000248 8bfb      	STD  Y+18+1,R31
000249 9731      	SBIW R30,1
00024a 91e4      	LPM  R30,Z
00024b 2f2e      	MOV  R18,R30
00024c 30e0      	CPI  R30,0
00024d f409      	BRNE PC+2
00024e c109      	RJMP _0x2020018
00024f 2fe1      	MOV  R30,R17
000250 30e0      	CPI  R30,0
000251 f431      	BRNE _0x202001C
000252 3225      	CPI  R18,37
000253 f411      	BRNE _0x202001D
000254 e011      	LDI  R17,LOW(1)
000255 c001      	RJMP _0x202001E
                 _0x202001D:
000256 d16b      	RCALL SUBOPT_0x3
                 _0x202001E:
000257 c0ff      	RJMP _0x202001B
                 _0x202001C:
000258 30e1      	CPI  R30,LOW(0x1)
000259 f4a1      	BRNE _0x202001F
00025a 3225      	CPI  R18,37
00025b f411      	BRNE _0x2020020
00025c d165      	RCALL SUBOPT_0x3
00025d c0f8      	RJMP _0x20200CC
                 _0x2020020:
00025e e012      	LDI  R17,LOW(2)
00025f e040      	LDI  R20,LOW(0)
000260 e000      	LDI  R16,LOW(0)
000261 322d      	CPI  R18,45
000262 f411      	BRNE _0x2020021
000263 e001      	LDI  R16,LOW(1)
000264 c0f2      	RJMP _0x202001B
                 _0x2020021:
000265 322b      	CPI  R18,43
000266 f411      	BRNE _0x2020022
000267 e24b      	LDI  R20,LOW(43)
000268 c0ee      	RJMP _0x202001B
                 _0x2020022:
000269 3220      	CPI  R18,32
00026a f411      	BRNE _0x2020023
00026b e240      	LDI  R20,LOW(32)
00026c c0ea      	RJMP _0x202001B
                 _0x2020023:
00026d c002      	RJMP _0x2020024
                 _0x202001F:
00026e 30e2      	CPI  R30,LOW(0x2)
00026f f439      	BRNE _0x2020025
                 _0x2020024:
000270 e050      	LDI  R21,LOW(0)
000271 e013      	LDI  R17,LOW(3)
000272 3320      	CPI  R18,48
000273 f411      	BRNE _0x2020026
000274 6800      	ORI  R16,LOW(128)
000275 c0e1      	RJMP _0x202001B
                 _0x2020026:
000276 c003      	RJMP _0x2020027
                 _0x2020025:
000277 30e3      	CPI  R30,LOW(0x3)
000278 f009      	BREQ PC+2
000279 c0dd      	RJMP _0x202001B
                 _0x2020027:
00027a 3320      	CPI  R18,48
00027b f010      	BRLO _0x202002A
00027c 332a      	CPI  R18,58
00027d f008      	BRLO _0x202002B
                 _0x202002A:
00027e c007      	RJMP _0x2020029
                 _0x202002B:
00027f e0aa      	LDI  R26,LOW(10)
000280 9f5a      	MUL  R21,R26
000281 2d50      	MOV  R21,R0
000282 2fe2      	MOV  R30,R18
000283 53e0      	SUBI R30,LOW(48)
000284 0f5e      	ADD  R21,R30
000285 c0d1      	RJMP _0x202001B
                 _0x2020029:
000286 2fe2      	MOV  R30,R18
000287 36e3      	CPI  R30,LOW(0x63)
000288 f439      	BRNE _0x202002F
000289 d13f      	RCALL SUBOPT_0x4
00028a 89e8      	LDD  R30,Y+16
00028b 89f9      	LDD  R31,Y+16+1
00028c 81a4      	LDD  R26,Z+4
00028d 93aa      	ST   -Y,R26
00028e d140      	RCALL SUBOPT_0x5
00028f c0c6      	RJMP _0x2020030
                 _0x202002F:
000290 37e3      	CPI  R30,LOW(0x73)
000291 f429      	BRNE _0x2020032
000292 d136      	RCALL SUBOPT_0x4
000293 d141      	RCALL SUBOPT_0x6
000294 d0fb      	RCALL _strlen
000295 2f1e      	MOV  R17,R30
000296 c007      	RJMP _0x2020033
                 _0x2020032:
000297 37e0      	CPI  R30,LOW(0x70)
000298 f449      	BRNE _0x2020035
000299 d12f      	RCALL SUBOPT_0x4
00029a d13a      	RCALL SUBOPT_0x6
00029b d100      	RCALL _strlenf
00029c 2f1e      	MOV  R17,R30
00029d 6008      	ORI  R16,LOW(8)
                 _0x2020033:
00029e 6002      	ORI  R16,LOW(2)
00029f 770f      	ANDI R16,LOW(127)
0002a0 e030      	LDI  R19,LOW(0)
0002a1 c038      	RJMP _0x2020036
                 _0x2020035:
0002a2 36e4      	CPI  R30,LOW(0x64)
0002a3 f011      	BREQ _0x2020039
0002a4 36e9      	CPI  R30,LOW(0x69)
0002a5 f411      	BRNE _0x202003A
                 _0x2020039:
0002a6 6004      	ORI  R16,LOW(4)
0002a7 c002      	RJMP _0x202003B
                 _0x202003A:
0002a8 37e5      	CPI  R30,LOW(0x75)
0002a9 f431      	BRNE _0x202003C
                 _0x202003B:
0002aa e8ec      	LDI  R30,LOW(_tbl10_G101*2)
0002ab e0f0      	LDI  R31,HIGH(_tbl10_G101*2)
0002ac 83ee      	STD  Y+6,R30
0002ad 83ff      	STD  Y+6+1,R31
0002ae e015      	LDI  R17,LOW(5)
0002af c00c      	RJMP _0x202003D
                 _0x202003C:
0002b0 35e8      	CPI  R30,LOW(0x58)
0002b1 f411      	BRNE _0x202003F
0002b2 6008      	ORI  R16,LOW(8)
0002b3 c003      	RJMP _0x2020040
                 _0x202003F:
0002b4 37e8      	CPI  R30,LOW(0x78)
0002b5 f009      	BREQ PC+2
0002b6 c09f      	RJMP _0x2020071
                 _0x2020040:
0002b7 e9e6      	LDI  R30,LOW(_tbl16_G101*2)
0002b8 e0f0      	LDI  R31,HIGH(_tbl16_G101*2)
0002b9 83ee      	STD  Y+6,R30
0002ba 83ff      	STD  Y+6+1,R31
0002bb e014      	LDI  R17,LOW(4)
                 _0x202003D:
0002bc ff02      	SBRS R16,2
0002bd c015      	RJMP _0x2020042
0002be d10a      	RCALL SUBOPT_0x4
0002bf 89a8      	LDD  R26,Y+16
0002c0 89b9      	LDD  R27,Y+16+1
0002c1 9614      	ADIW R26,4
0002c2 91ed      	LD   R30,X+
0002c3 91fd      	LD   R31,X+
0002c4 87ea      	STD  Y+10,R30
0002c5 87fb      	STD  Y+10+1,R31
0002c6 85ab      	LDD  R26,Y+11
0002c7 23aa      	TST  R26
0002c8 f422      	BRPL _0x2020043
0002c9 d12b      	RCALL __ANEGW1
0002ca 87ea      	STD  Y+10,R30
0002cb 87fb      	STD  Y+10+1,R31
0002cc e24d      	LDI  R20,LOW(45)
                 _0x2020043:
0002cd 3040      	CPI  R20,0
0002ce f011      	BREQ _0x2020044
0002cf 5f1f      	SUBI R17,-LOW(1)
0002d0 c001      	RJMP _0x2020045
                 _0x2020044:
0002d1 7f0b      	ANDI R16,LOW(251)
                 _0x2020045:
0002d2 c007      	RJMP _0x2020046
                 _0x2020042:
0002d3 d0f5      	RCALL SUBOPT_0x4
0002d4 89a8      	LDD  R26,Y+16
0002d5 89b9      	LDD  R27,Y+16+1
0002d6 9614      	ADIW R26,4
0002d7 d12a      	RCALL __GETW1P
0002d8 87ea      	STD  Y+10,R30
0002d9 87fb      	STD  Y+10+1,R31
                 _0x2020046:
                 _0x2020036:
0002da fd00      	SBRC R16,0
0002db c010      	RJMP _0x2020047
                 _0x2020048:
0002dc 1715      	CP   R17,R21
0002dd f470      	BRSH _0x202004A
0002de ff07      	SBRS R16,7
0002df c008      	RJMP _0x202004B
0002e0 ff02      	SBRS R16,2
0002e1 c004      	RJMP _0x202004C
0002e2 7f0b      	ANDI R16,LOW(251)
0002e3 2f24      	MOV  R18,R20
0002e4 5011      	SUBI R17,LOW(1)
0002e5 c001      	RJMP _0x202004D
                 _0x202004C:
0002e6 e320      	LDI  R18,LOW(48)
                 _0x202004D:
0002e7 c001      	RJMP _0x202004E
                 _0x202004B:
0002e8 e220      	LDI  R18,LOW(32)
                 _0x202004E:
0002e9 d0d8      	RCALL SUBOPT_0x3
0002ea 5051      	SUBI R21,LOW(1)
0002eb cff0      	RJMP _0x2020048
                 _0x202004A:
                 _0x2020047:
0002ec 2f31      	MOV  R19,R17
0002ed ff01      	SBRS R16,1
0002ee c016      	RJMP _0x202004F
                 _0x2020050:
0002ef 3030      	CPI  R19,0
0002f0 f099      	BREQ _0x2020052
0002f1 ff03      	SBRS R16,3
0002f2 c006      	RJMP _0x2020053
0002f3 81ee      	LDD  R30,Y+6
0002f4 81ff      	LDD  R31,Y+6+1
0002f5 9125      	LPM  R18,Z+
0002f6 83ee      	STD  Y+6,R30
0002f7 83ff      	STD  Y+6+1,R31
0002f8 c005      	RJMP _0x2020054
                 _0x2020053:
0002f9 81ae      	LDD  R26,Y+6
0002fa 81bf      	LDD  R27,Y+6+1
0002fb 912d      	LD   R18,X+
0002fc 83ae      	STD  Y+6,R26
0002fd 83bf      	STD  Y+6+1,R27
                 _0x2020054:
0002fe d0c3      	RCALL SUBOPT_0x3
0002ff 3050      	CPI  R21,0
000300 f009      	BREQ _0x2020055
000301 5051      	SUBI R21,LOW(1)
                 _0x2020055:
000302 5031      	SUBI R19,LOW(1)
000303 cfeb      	RJMP _0x2020050
                 _0x2020052:
000304 c048      	RJMP _0x2020056
                 _0x202004F:
                 _0x2020058:
000305 e320      	LDI  R18,LOW(48)
000306 81ee      	LDD  R30,Y+6
000307 81ff      	LDD  R31,Y+6+1
000308 d0fd      	RCALL __GETW1PF
000309 87e8      	STD  Y+8,R30
00030a 87f9      	STD  Y+8+1,R31
00030b 81ee      	LDD  R30,Y+6
00030c 81ff      	LDD  R31,Y+6+1
00030d 9632      	ADIW R30,2
00030e 83ee      	STD  Y+6,R30
00030f 83ff      	STD  Y+6+1,R31
                 _0x202005A:
000310 85e8      	LDD  R30,Y+8
000311 85f9      	LDD  R31,Y+8+1
000312 85aa      	LDD  R26,Y+10
000313 85bb      	LDD  R27,Y+10+1
000314 17ae      	CP   R26,R30
000315 07bf      	CPC  R27,R31
000316 f050      	BRLO _0x202005C
000317 5f2f      	SUBI R18,-LOW(1)
000318 85a8      	LDD  R26,Y+8
000319 85b9      	LDD  R27,Y+8+1
00031a 85ea      	LDD  R30,Y+10
00031b 85fb      	LDD  R31,Y+10+1
00031c 1bea      	SUB  R30,R26
00031d 0bfb      	SBC  R31,R27
00031e 87ea      	STD  Y+10,R30
00031f 87fb      	STD  Y+10+1,R31
000320 cfef      	RJMP _0x202005A
                 _0x202005C:
000321 332a      	CPI  R18,58
000322 f028      	BRLO _0x202005D
000323 ff03      	SBRS R16,3
000324 c002      	RJMP _0x202005E
000325 5f29      	SUBI R18,-LOW(7)
000326 c001      	RJMP _0x202005F
                 _0x202005E:
000327 5d29      	SUBI R18,-LOW(39)
                 _0x202005F:
                 _0x202005D:
000328 fd04      	SBRC R16,4
000329 c019      	RJMP _0x2020061
00032a 3321      	CPI  R18,49
00032b f420      	BRSH _0x2020063
00032c 85a8      	LDD  R26,Y+8
00032d 85b9      	LDD  R27,Y+8+1
00032e 9711      	SBIW R26,1
00032f f409      	BRNE _0x2020062
                 _0x2020063:
000330 c009      	RJMP _0x20200CD
                 _0x2020062:
000331 1753      	CP   R21,R19
000332 f010      	BRLO _0x2020067
000333 ff00      	SBRS R16,0
000334 c001      	RJMP _0x2020068
                 _0x2020067:
000335 c011      	RJMP _0x2020066
                 _0x2020068:
000336 e220      	LDI  R18,LOW(32)
000337 ff07      	SBRS R16,7
000338 c00a      	RJMP _0x2020069
000339 e320      	LDI  R18,LOW(48)
                 _0x20200CD:
00033a 6100      	ORI  R16,LOW(16)
00033b ff02      	SBRS R16,2
00033c c006      	RJMP _0x202006A
00033d 7f0b      	ANDI R16,LOW(251)
00033e 934a      	ST   -Y,R20
00033f d08f      	RCALL SUBOPT_0x5
000340 3050      	CPI  R21,0
000341 f009      	BREQ _0x202006B
000342 5051      	SUBI R21,LOW(1)
                 _0x202006B:
                 _0x202006A:
                 _0x2020069:
                 _0x2020061:
000343 d07e      	RCALL SUBOPT_0x3
000344 3050      	CPI  R21,0
000345 f009      	BREQ _0x202006C
000346 5051      	SUBI R21,LOW(1)
                 _0x202006C:
                 _0x2020066:
000347 5031      	SUBI R19,LOW(1)
000348 85a8      	LDD  R26,Y+8
000349 85b9      	LDD  R27,Y+8+1
00034a 9712      	SBIW R26,2
00034b f008      	BRLO _0x2020059
00034c cfb8      	RJMP _0x2020058
                 _0x2020059:
                 _0x2020056:
00034d ff00      	SBRS R16,0
00034e c007      	RJMP _0x202006D
                 _0x202006E:
00034f 3050      	CPI  R21,0
000350 f029      	BREQ _0x2020070
000351 5051      	SUBI R21,LOW(1)
000352 e2e0      	LDI  R30,LOW(32)
000353 93ea      	ST   -Y,R30
000354 d07a      	RCALL SUBOPT_0x5
000355 cff9      	RJMP _0x202006E
                 _0x2020070:
                 _0x202006D:
                 _0x2020071:
                 _0x2020030:
                 _0x20200CC:
000356 e010      	LDI  R17,LOW(0)
                 _0x202001B:
000357 ceec      	RJMP _0x2020016
                 _0x2020018:
000358 85ac      	LDD  R26,Y+12
000359 85bd      	LDD  R27,Y+12+1
00035a 91ed      	LD   R30,X+
00035b 91fd      	LD   R31,X+
00035c d089      	RCALL __LOADLOCR6
00035d 9664      	ADIW R28,20
00035e 9508      	RET
                 ; .FEND
                 _sprintf:
                 ; .FSTART _sprintf
00035f 92ff      	PUSH R15
000360 2ef8      	MOV  R15,R24
000361 9726      	SBIW R28,6
000362 d07c      	RCALL __SAVELOCR6
000363 01fe      	MOVW R30,R28
000364 d088      	RCALL __ADDW1R15
                +
000365 8546     +LDD R20 , Z + 14
000366 8557     +LDD R21 , Z + 14 + 1
                 	__GETWRZ 20,21,14
000367 2e04      	MOV  R0,R20
000368 2a05      	OR   R0,R21
000369 f419      	BRNE _0x2020072
00036a efef      	LDI  R30,LOW(65535)
00036b efff      	LDI  R31,HIGH(65535)
00036c c01f      	RJMP _0x2080001
                 _0x2020072:
00036d 01de      	MOVW R26,R28
00036e 9618      	ADIW R26,8
00036f d081      	RCALL __ADDW2R15
000370 018d      	MOVW R16,R26
                +
000371 8748     +STD Y + 8 , R20
000372 8759     +STD Y + 8 + 1 , R21
                 	__PUTWSR 20,21,8
000373 e0e0      	LDI  R30,LOW(0)
000374 87ea      	STD  Y+10,R30
000375 87eb      	STD  Y+10+1,R30
000376 01de      	MOVW R26,R28
000377 961c      	ADIW R26,12
000378 d078      	RCALL __ADDW2R15
000379 91ed      	LD   R30,X+
00037a 91fd      	LD   R31,X+
00037b 93fa      	ST   -Y,R31
00037c 93ea      	ST   -Y,R30
00037d 931a      	ST   -Y,R17
00037e 930a      	ST   -Y,R16
00037f e0ee      	LDI  R30,LOW(_put_buff_G101)
000380 e0f2      	LDI  R31,HIGH(_put_buff_G101)
000381 93fa      	ST   -Y,R31
000382 93ea      	ST   -Y,R30
000383 01de      	MOVW R26,R28
000384 961c      	ADIW R26,12
000385 deb3      	RCALL __print_G101
000386 019f      	MOVW R18,R30
000387 85a8      	LDD  R26,Y+8
000388 85b9      	LDD  R27,Y+8+1
000389 e0e0      	LDI  R30,LOW(0)
00038a 93ec      	ST   X,R30
00038b 01f9      	MOVW R30,R18
                 _0x2080001:
00038c d059      	RCALL __LOADLOCR6
00038d 962c      	ADIW R28,12
00038e 90ff      	POP  R15
00038f 9508      	RET
                 ; .FEND
                 
                 	.CSEG
                 
                 	.CSEG
                 _strlen:
                 ; .FSTART _strlen
000390 93ba      	ST   -Y,R27
000391 93aa      	ST   -Y,R26
000392 91a9          ld   r26,y+
000393 91b9          ld   r27,y+
000394 27ee          clr  r30
000395 27ff          clr  r31
                 strlen0:
000396 916d          ld   r22,x+
000397 2366          tst  r22
000398 f011          breq strlen1
000399 9631          adiw r30,1
00039a cffb          rjmp strlen0
                 strlen1:
00039b 9508          ret
                 ; .FEND
                 _strlenf:
                 ; .FSTART _strlenf
00039c 93ba      	ST   -Y,R27
00039d 93aa      	ST   -Y,R26
00039e 27aa          clr  r26
00039f 27bb          clr  r27
0003a0 91e9          ld   r30,y+
0003a1 91f9          ld   r31,y+
                 strlenf0:
0003a2 9005      	lpm  r0,z+
0003a3 2000          tst  r0
0003a4 f011          breq strlenf1
0003a5 9611          adiw r26,1
0003a6 cffb          rjmp strlenf0
                 strlenf1:
0003a7 01fd          movw r30,r26
0003a8 9508          ret
                 ; .FEND
                 
                 	.DSEG
                 _test:
000506           	.BYTE 0x10
                 __base_y_G100:
000516           	.BYTE 0x4
                 
                 	.CSEG
                 ;OPTIMIZER ADDED SUBROUTINE, CALLED 2 TIMES, CODE SIZE REDUCTION:10 WORDS
                 SUBOPT_0x0:
0003a9 dd50      	RCALL _ds1302_read
0003aa 2e6e      	MOV  R6,R30
0003ab 77e0      	ANDI R30,LOW(0x70)
0003ac e0f0      	LDI  R31,0
0003ad d04b      	RCALL __ASRW4
0003ae e0aa      	LDI  R26,LOW(10)
0003af 02ea      	MULS R30,R26
0003b0 01f0      	MOVW R30,R0
0003b1 2fae      	MOV  R26,R30
0003b2 2de6      	MOV  R30,R6
0003b3 70ef      	ANDI R30,LOW(0xF)
0003b4 0fea      	ADD  R30,R26
0003b5 9508      	RET
                 
                 ;OPTIMIZER ADDED SUBROUTINE, CALLED 3 TIMES, CODE SIZE REDUCTION:6 WORDS
                 SUBOPT_0x1:
0003b6 2de7      	MOV  R30,R7
0003b7 27ff      	CLR  R31
0003b8 2766      	CLR  R22
0003b9 2777      	CLR  R23
0003ba d04f      	RCALL __PUTPARD1
0003bb 9508      	RET
                 
                 ;OPTIMIZER ADDED SUBROUTINE, CALLED 2 TIMES, CODE SIZE REDUCTION:2 WORDS
                 SUBOPT_0x2:
0003bc 91ed      	LD   R30,X+
0003bd 91fd      	LD   R31,X+
0003be 9631      	ADIW R30,1
0003bf 93fe      	ST   -X,R31
0003c0 93ee      	ST   -X,R30
0003c1 9508      	RET
                 
                 ;OPTIMIZER ADDED SUBROUTINE, CALLED 5 TIMES, CODE SIZE REDUCTION:18 WORDS
                 SUBOPT_0x3:
0003c2 932a      	ST   -Y,R18
0003c3 85ad      	LDD  R26,Y+13
0003c4 85be      	LDD  R27,Y+13+1
0003c5 85ef      	LDD  R30,Y+15
0003c6 89f8      	LDD  R31,Y+15+1
0003c7 9509      	ICALL
0003c8 9508      	RET
                 
                 ;OPTIMIZER ADDED SUBROUTINE, CALLED 5 TIMES, CODE SIZE REDUCTION:14 WORDS
                 SUBOPT_0x4:
0003c9 89e8      	LDD  R30,Y+16
0003ca 89f9      	LDD  R31,Y+16+1
0003cb 9734      	SBIW R30,4
0003cc 8be8      	STD  Y+16,R30
0003cd 8bf9      	STD  Y+16+1,R31
0003ce 9508      	RET
                 
                 ;OPTIMIZER ADDED SUBROUTINE, CALLED 3 TIMES, CODE SIZE REDUCTION:6 WORDS
                 SUBOPT_0x5:
0003cf 85ad      	LDD  R26,Y+13
0003d0 85be      	LDD  R27,Y+13+1
0003d1 85ef      	LDD  R30,Y+15
0003d2 89f8      	LDD  R31,Y+15+1
0003d3 9509      	ICALL
0003d4 9508      	RET
                 
                 ;OPTIMIZER ADDED SUBROUTINE, CALLED 2 TIMES, CODE SIZE REDUCTION:6 WORDS
                 SUBOPT_0x6:
0003d5 89a8      	LDD  R26,Y+16
0003d6 89b9      	LDD  R27,Y+16+1
0003d7 9614      	ADIW R26,4
0003d8 91ed      	LD   R30,X+
0003d9 91fd      	LD   R31,X+
0003da 83ee      	STD  Y+6,R30
0003db 83ff      	STD  Y+6+1,R31
0003dc 81ae      	LDD  R26,Y+6
0003dd 81bf      	LDD  R27,Y+6+1
0003de 9508      	RET
                 
                 ;RUNTIME LIBRARY
                 
                 	.CSEG
                 __SAVELOCR6:
0003df 935a      	ST   -Y,R21
                 __SAVELOCR5:
0003e0 934a      	ST   -Y,R20
                 __SAVELOCR4:
0003e1 933a      	ST   -Y,R19
                 __SAVELOCR3:
0003e2 932a      	ST   -Y,R18
                 __SAVELOCR2:
0003e3 931a      	ST   -Y,R17
0003e4 930a      	ST   -Y,R16
0003e5 9508      	RET
                 
                 __LOADLOCR6:
0003e6 815d      	LDD  R21,Y+5
                 __LOADLOCR5:
0003e7 814c      	LDD  R20,Y+4
                 __LOADLOCR4:
0003e8 813b      	LDD  R19,Y+3
                 __LOADLOCR3:
0003e9 812a      	LDD  R18,Y+2
                 __LOADLOCR2:
0003ea 8119      	LDD  R17,Y+1
0003eb 8108      	LD   R16,Y
0003ec 9508      	RET
                 
                 __ADDW1R15:
0003ed 2400      	CLR  R0
0003ee 0def      	ADD  R30,R15
0003ef 1df0      	ADC  R31,R0
0003f0 9508      	RET
                 
                 __ADDW2R15:
0003f1 2400      	CLR  R0
0003f2 0daf      	ADD  R26,R15
0003f3 1db0      	ADC  R27,R0
0003f4 9508      	RET
                 
                 __ANEGW1:
0003f5 95f1      	NEG  R31
0003f6 95e1      	NEG  R30
0003f7 40f0      	SBCI R31,0
0003f8 9508      	RET
                 
                 __ASRW4:
0003f9 95f5      	ASR  R31
0003fa 95e7      	ROR  R30
                 __ASRW3:
0003fb 95f5      	ASR  R31
0003fc 95e7      	ROR  R30
                 __ASRW2:
0003fd 95f5      	ASR  R31
0003fe 95e7      	ROR  R30
0003ff 95f5      	ASR  R31
000400 95e7      	ROR  R30
000401 9508      	RET
                 
                 __GETW1P:
000402 91ed      	LD   R30,X+
000403 91fc      	LD   R31,X
000404 9711      	SBIW R26,1
000405 9508      	RET
                 
                 __GETW1PF:
000406 9005      	LPM  R0,Z+
000407 91f4      	LPM  R31,Z
000408 2de0      	MOV  R30,R0
000409 9508      	RET
                 
                 __PUTPARD1:
00040a 937a      	ST   -Y,R23
00040b 936a      	ST   -Y,R22
00040c 93fa      	ST   -Y,R31
00040d 93ea      	ST   -Y,R30
00040e 9508      	RET
                 
                 ;END OF CODE MARKER
                 __END_OF_CODE:


RESOURCE USE INFORMATION
------------------------

Notice:
The register and instruction counts are symbol table hit counts,
and hence implicitly used resources are not counted, eg, the
'lpm' instruction without operands implicitly uses r0 and z,
none of which are counted.

x,y,z are separate entities in the symbol table and are
counted separately from r26..r31 here.

.dseg memory usage only counts static data declared with .byte

ATmega128 register use summary:
r0 :  18 r1 :   3 r2 :   0 r3 :   0 r4 :   1 r5 :   4 r6 :   2 r7 :   2 
r8 :   4 r9 :   4 r10:   0 r11:   2 r12:   0 r13:   0 r14:   0 r15:   7 
r16:  39 r17:  32 r18:  42 r19:  18 r20:  12 r21:  22 r22:   8 r23:   4 
r24:  12 r25:   4 r26: 128 r27:  39 r28:  16 r29:   1 r30: 196 r31:  71 
x  :  27 y  : 178 z  :  17 
Registers used: 29 out of 35 (82.9%)

ATmega128 instruction use summary:
.lds  :   0 .lds.l:   0 .sts  :   0 .sts.l:   0 adc   :   2 add   :   5 
adiw  :  24 and   :   0 andi  :  12 asr   :   4 bclr  :   0 bld   :   0 
brbc  :   0 brbs  :   0 brcc  :   0 brcs  :   0 break :   0 breq  :  17 
brge  :   2 brhc  :   0 brhs  :   0 brid  :   0 brie  :   0 brlo  :   8 
brlt  :   0 brmi  :   1 brne  :  24 brpl  :   1 brsh  :   4 brtc  :   0 
brts  :   1 brvc  :   0 brvs  :   0 bset  :   0 bst   :   0 call  :   0 
cbi   :  22 cbr   :   0 clc   :   0 clh   :   0 cli   :   1 cln   :   0 
clr   :  15 cls   :   0 clt   :   1 clv   :   0 clz   :   0 com   :   0 
cp    :   4 cpc   :   4 cpi   :  38 cpse  :   0 dec   :   2 des   :   0 
elpm  :   0 eor   :   0 fmul  :   0 fmuls :   0 fmulsu:   0 icall :   2 
ijmp  :   0 in    :   9 inc   :   3 jmp   :  38 ld    :  41 ldd   :  66 
ldi   : 112 lds   :   0 lpm   :  14 lsl   :   0 lsr   :   4 mov   :  28 
movw  :  21 mul   :   1 muls  :   1 mulsu :   0 neg   :   2 nop   :   0 
or    :   3 ori   :   9 out   :  18 pop   :   3 push  :   3 rcall : 104 
ret   :  33 reti  :   1 rjmp  :  68 rol   :   0 ror   :   4 sbc   :   1 
sbci  :   4 sbi   :  20 sbic  :   1 sbis  :   0 sbiw  :  15 sbr   :   0 
sbrc  :   3 sbrs  :  13 sec   :   0 seh   :   0 sei   :   0 sen   :   0 
ser   :   0 ses   :   0 set   :   1 sev   :   0 sez   :   0 sleep :   0 
spm   :   0 st    :  71 std   :  32 sts   :   3 sub   :   1 subi  :  21 
swap  :   2 tst   :   4 wdr   :   0 
Instructions used: 60 out of 117 (51.3%)

ATmega128 memory use summary [bytes]:
Segment   Begin    End      Code   Data   Used    Size   Use%
---------------------------------------------------------------
[.cseg] 0x000000 0x00081e   2022     56   2078  131072   1.6%
[.dseg] 0x000100 0x00051a      0     26     26    4096   0.6%
[.eseg] 0x000000 0x000000      0      0      0    4096   0.0%

Assembly complete, 0 errors, 8 warnings
