
AVRASM ver. 2.1.30  D:\AVR\UART\Debug\List\UART.asm Wed Nov 09 12:22:04 2016

D:\AVR\UART\Debug\List\UART.asm(1097): warning: Register r4 already defined by the .DEF directive
D:\AVR\UART\Debug\List\UART.asm(1098): warning: Register r5 already defined by the .DEF directive
D:\AVR\UART\Debug\List\UART.asm(1099): warning: Register r7 already defined by the .DEF directive
D:\AVR\UART\Debug\List\UART.asm(1100): warning: Register r6 already defined by the .DEF directive
D:\AVR\UART\Debug\List\UART.asm(1101): warning: Register r9 already defined by the .DEF directive
                 
                 
                 ;CodeVisionAVR C Compiler V3.27 Evaluation
                 ;(C) Copyright 1998-2016 Pavel Haiduc, HP InfoTech s.r.l.
                 ;http://www.hpinfotech.com
                 
                 ;Build configuration    : Debug
                 ;Chip type              : ATmega128
                 ;Program type           : Application
                 ;Clock frequency        : 16.000000 MHz
                 ;Memory model           : Small
                 ;Optimize for           : Size
                 ;(s)printf features     : int, width
                 ;(s)scanf features      : int, width
                 ;External RAM size      : 0
                 ;Data Stack size        : 2048 byte(s)
                 ;Heap size              : 0 byte(s)
                 ;Promote 'char' to 'int': Yes
                 ;'char' is unsigned     : Yes
                 ;8 bit enums            : Yes
                 ;Global 'const' stored in FLASH: No
                 ;Enhanced function parameter passing: Mode 2
                 ;Enhanced core instructions: On
                 ;Automatic register allocation for global variables: On
                 ;Smart register allocation: On
                 
                 	#define _MODEL_SMALL_
                 
                 	#pragma AVRPART ADMIN PART_NAME ATmega128
                 	#pragma AVRPART MEMORY PROG_FLASH 131072
                 	#pragma AVRPART MEMORY EEPROM 4096
                 	#pragma AVRPART MEMORY INT_SRAM SIZE 4096
                 	#pragma AVRPART MEMORY INT_SRAM START_ADDR 0x100
                 
                 	#define CALL_SUPPORTED 1
                 
                 	.LISTMAC
                 	.EQU UDRE=0x5
                 	.EQU RXC=0x7
                 	.EQU USR=0xB
                 	.EQU UDR=0xC
                 	.EQU SPSR=0xE
                 	.EQU SPDR=0xF
                 	.EQU EERE=0x0
                 	.EQU EEWE=0x1
                 	.EQU EEMWE=0x2
                 	.EQU EECR=0x1C
                 	.EQU EEDR=0x1D
                 	.EQU EEARL=0x1E
                 	.EQU EEARH=0x1F
                 	.EQU WDTCR=0x21
                 	.EQU MCUCR=0x35
                 	.EQU RAMPZ=0x3B
                 	.EQU SPL=0x3D
                 	.EQU SPH=0x3E
                 	.EQU SREG=0x3F
                 	.EQU XMCRA=0x6D
                 	.EQU XMCRB=0x6C
                 
                 	.DEF R0X0=R0
                 	.DEF R0X1=R1
                 	.DEF R0X2=R2
                 	.DEF R0X3=R3
                 	.DEF R0X4=R4
                 	.DEF R0X5=R5
                 	.DEF R0X6=R6
                 	.DEF R0X7=R7
                 	.DEF R0X8=R8
                 	.DEF R0X9=R9
                 	.DEF R0XA=R10
                 	.DEF R0XB=R11
                 	.DEF R0XC=R12
                 	.DEF R0XD=R13
                 	.DEF R0XE=R14
                 	.DEF R0XF=R15
                 	.DEF R0X10=R16
                 	.DEF R0X11=R17
                 	.DEF R0X12=R18
                 	.DEF R0X13=R19
                 	.DEF R0X14=R20
                 	.DEF R0X15=R21
                 	.DEF R0X16=R22
                 	.DEF R0X17=R23
                 	.DEF R0X18=R24
                 	.DEF R0X19=R25
                 	.DEF R0X1A=R26
                 	.DEF R0X1B=R27
                 	.DEF R0X1C=R28
                 	.DEF R0X1D=R29
                 	.DEF R0X1E=R30
                 	.DEF R0X1F=R31
                 
                 	.EQU __SRAM_START=0x0100
                 	.EQU __SRAM_END=0x10FF
                 	.EQU __DSTACK_SIZE=0x0800
                 	.EQU __HEAP_SIZE=0x0000
                 	.EQU __CLEAR_SRAM_SIZE=__SRAM_END-__SRAM_START+1
                 
                 	.MACRO __CPD1N
                 	CPI  R30,LOW(@0)
                 	LDI  R26,HIGH(@0)
                 	CPC  R31,R26
                 	LDI  R26,BYTE3(@0)
                 	CPC  R22,R26
                 	LDI  R26,BYTE4(@0)
                 	CPC  R23,R26
                 	.ENDM
                 
                 	.MACRO __CPD2N
                 	CPI  R26,LOW(@0)
                 	LDI  R30,HIGH(@0)
                 	CPC  R27,R30
                 	LDI  R30,BYTE3(@0)
                 	CPC  R24,R30
                 	LDI  R30,BYTE4(@0)
                 	CPC  R25,R30
                 	.ENDM
                 
                 	.MACRO __CPWRR
                 	CP   R@0,R@2
                 	CPC  R@1,R@3
                 	.ENDM
                 
                 	.MACRO __CPWRN
                 	CPI  R@0,LOW(@2)
                 	LDI  R30,HIGH(@2)
                 	CPC  R@1,R30
                 	.ENDM
                 
                 	.MACRO __ADDB1MN
                 	SUBI R30,LOW(-@0-(@1))
                 	.ENDM
                 
                 	.MACRO __ADDB2MN
                 	SUBI R26,LOW(-@0-(@1))
                 	.ENDM
                 
                 	.MACRO __ADDW1MN
                 	SUBI R30,LOW(-@0-(@1))
                 	SBCI R31,HIGH(-@0-(@1))
                 	.ENDM
                 
                 	.MACRO __ADDW2MN
                 	SUBI R26,LOW(-@0-(@1))
                 	SBCI R27,HIGH(-@0-(@1))
                 	.ENDM
                 
                 	.MACRO __ADDW1FN
                 	SUBI R30,LOW(-2*@0-(@1))
                 	SBCI R31,HIGH(-2*@0-(@1))
                 	.ENDM
                 
                 	.MACRO __ADDD1FN
                 	SUBI R30,LOW(-2*@0-(@1))
                 	SBCI R31,HIGH(-2*@0-(@1))
                 	SBCI R22,BYTE3(-2*@0-(@1))
                 	.ENDM
                 
                 	.MACRO __ADDD1N
                 	SUBI R30,LOW(-@0)
                 	SBCI R31,HIGH(-@0)
                 	SBCI R22,BYTE3(-@0)
                 	SBCI R23,BYTE4(-@0)
                 	.ENDM
                 
                 	.MACRO __ADDD2N
                 	SUBI R26,LOW(-@0)
                 	SBCI R27,HIGH(-@0)
                 	SBCI R24,BYTE3(-@0)
                 	SBCI R25,BYTE4(-@0)
                 	.ENDM
                 
                 	.MACRO __SUBD1N
                 	SUBI R30,LOW(@0)
                 	SBCI R31,HIGH(@0)
                 	SBCI R22,BYTE3(@0)
                 	SBCI R23,BYTE4(@0)
                 	.ENDM
                 
                 	.MACRO __SUBD2N
                 	SUBI R26,LOW(@0)
                 	SBCI R27,HIGH(@0)
                 	SBCI R24,BYTE3(@0)
                 	SBCI R25,BYTE4(@0)
                 	.ENDM
                 
                 	.MACRO __ANDBMNN
                 	LDS  R30,@0+(@1)
                 	ANDI R30,LOW(@2)
                 	STS  @0+(@1),R30
                 	.ENDM
                 
                 	.MACRO __ANDWMNN
                 	LDS  R30,@0+(@1)
                 	ANDI R30,LOW(@2)
                 	STS  @0+(@1),R30
                 	LDS  R30,@0+(@1)+1
                 	ANDI R30,HIGH(@2)
                 	STS  @0+(@1)+1,R30
                 	.ENDM
                 
                 	.MACRO __ANDD1N
                 	ANDI R30,LOW(@0)
                 	ANDI R31,HIGH(@0)
                 	ANDI R22,BYTE3(@0)
                 	ANDI R23,BYTE4(@0)
                 	.ENDM
                 
                 	.MACRO __ANDD2N
                 	ANDI R26,LOW(@0)
                 	ANDI R27,HIGH(@0)
                 	ANDI R24,BYTE3(@0)
                 	ANDI R25,BYTE4(@0)
                 	.ENDM
                 
                 	.MACRO __ORBMNN
                 	LDS  R30,@0+(@1)
                 	ORI  R30,LOW(@2)
                 	STS  @0+(@1),R30
                 	.ENDM
                 
                 	.MACRO __ORWMNN
                 	LDS  R30,@0+(@1)
                 	ORI  R30,LOW(@2)
                 	STS  @0+(@1),R30
                 	LDS  R30,@0+(@1)+1
                 	ORI  R30,HIGH(@2)
                 	STS  @0+(@1)+1,R30
                 	.ENDM
                 
                 	.MACRO __ORD1N
                 	ORI  R30,LOW(@0)
                 	ORI  R31,HIGH(@0)
                 	ORI  R22,BYTE3(@0)
                 	ORI  R23,BYTE4(@0)
                 	.ENDM
                 
                 	.MACRO __ORD2N
                 	ORI  R26,LOW(@0)
                 	ORI  R27,HIGH(@0)
                 	ORI  R24,BYTE3(@0)
                 	ORI  R25,BYTE4(@0)
                 	.ENDM
                 
                 	.MACRO __DELAY_USB
                 	LDI  R24,LOW(@0)
                 __DELAY_USB_LOOP:
                 	DEC  R24
                 	BRNE __DELAY_USB_LOOP
                 	.ENDM
                 
                 	.MACRO __DELAY_USW
                 	LDI  R24,LOW(@0)
                 	LDI  R25,HIGH(@0)
                 __DELAY_USW_LOOP:
                 	SBIW R24,1
                 	BRNE __DELAY_USW_LOOP
                 	.ENDM
                 
                 	.MACRO __GETD1S
                 	LDD  R30,Y+@0
                 	LDD  R31,Y+@0+1
                 	LDD  R22,Y+@0+2
                 	LDD  R23,Y+@0+3
                 	.ENDM
                 
                 	.MACRO __GETD2S
                 	LDD  R26,Y+@0
                 	LDD  R27,Y+@0+1
                 	LDD  R24,Y+@0+2
                 	LDD  R25,Y+@0+3
                 	.ENDM
                 
                 	.MACRO __PUTD1S
                 	STD  Y+@0,R30
                 	STD  Y+@0+1,R31
                 	STD  Y+@0+2,R22
                 	STD  Y+@0+3,R23
                 	.ENDM
                 
                 	.MACRO __PUTD2S
                 	STD  Y+@0,R26
                 	STD  Y+@0+1,R27
                 	STD  Y+@0+2,R24
                 	STD  Y+@0+3,R25
                 	.ENDM
                 
                 	.MACRO __PUTDZ2
                 	STD  Z+@0,R26
                 	STD  Z+@0+1,R27
                 	STD  Z+@0+2,R24
                 	STD  Z+@0+3,R25
                 	.ENDM
                 
                 	.MACRO __CLRD1S
                 	STD  Y+@0,R30
                 	STD  Y+@0+1,R30
                 	STD  Y+@0+2,R30
                 	STD  Y+@0+3,R30
                 	.ENDM
                 
                 	.MACRO __POINTB1MN
                 	LDI  R30,LOW(@0+(@1))
                 	.ENDM
                 
                 	.MACRO __POINTW1MN
                 	LDI  R30,LOW(@0+(@1))
                 	LDI  R31,HIGH(@0+(@1))
                 	.ENDM
                 
                 	.MACRO __POINTD1M
                 	LDI  R30,LOW(@0)
                 	LDI  R31,HIGH(@0)
                 	LDI  R22,BYTE3(@0)
                 	LDI  R23,BYTE4(@0)
                 	.ENDM
                 
                 	.MACRO __POINTW1FN
                 	LDI  R30,LOW(2*@0+(@1))
                 	LDI  R31,HIGH(2*@0+(@1))
                 	.ENDM
                 
                 	.MACRO __POINTD1FN
                 	LDI  R30,LOW(2*@0+(@1))
                 	LDI  R31,HIGH(2*@0+(@1))
                 	LDI  R22,BYTE3(2*@0+(@1))
                 	LDI  R23,BYTE4(2*@0+(@1))
                 	.ENDM
                 
                 	.MACRO __POINTB2MN
                 	LDI  R26,LOW(@0+(@1))
                 	.ENDM
                 
                 	.MACRO __POINTW2MN
                 	LDI  R26,LOW(@0+(@1))
                 	LDI  R27,HIGH(@0+(@1))
                 	.ENDM
                 
                 	.MACRO __POINTD2M
                 	LDI  R26,LOW(@0)
                 	LDI  R27,HIGH(@0)
                 	LDI  R24,BYTE3(@0)
                 	LDI  R25,BYTE4(@0)
                 	.ENDM
                 
                 	.MACRO __POINTW2FN
                 	LDI  R26,LOW(2*@0+(@1))
                 	LDI  R27,HIGH(2*@0+(@1))
                 	.ENDM
                 
                 	.MACRO __POINTD2FN
                 	LDI  R26,LOW(2*@0+(@1))
                 	LDI  R27,HIGH(2*@0+(@1))
                 	LDI  R24,BYTE3(2*@0+(@1))
                 	LDI  R25,BYTE4(2*@0+(@1))
                 	.ENDM
                 
                 	.MACRO __POINTBRM
                 	LDI  R@0,LOW(@1)
                 	.ENDM
                 
                 	.MACRO __POINTWRM
                 	LDI  R@0,LOW(@2)
                 	LDI  R@1,HIGH(@2)
                 	.ENDM
                 
                 	.MACRO __POINTBRMN
                 	LDI  R@0,LOW(@1+(@2))
                 	.ENDM
                 
                 	.MACRO __POINTWRMN
                 	LDI  R@0,LOW(@2+(@3))
                 	LDI  R@1,HIGH(@2+(@3))
                 	.ENDM
                 
                 	.MACRO __POINTWRFN
                 	LDI  R@0,LOW(@2*2+(@3))
                 	LDI  R@1,HIGH(@2*2+(@3))
                 	.ENDM
                 
                 	.MACRO __GETD1N
                 	LDI  R30,LOW(@0)
                 	LDI  R31,HIGH(@0)
                 	LDI  R22,BYTE3(@0)
                 	LDI  R23,BYTE4(@0)
                 	.ENDM
                 
                 	.MACRO __GETD2N
                 	LDI  R26,LOW(@0)
                 	LDI  R27,HIGH(@0)
                 	LDI  R24,BYTE3(@0)
                 	LDI  R25,BYTE4(@0)
                 	.ENDM
                 
                 	.MACRO __GETB1MN
                 	LDS  R30,@0+(@1)
                 	.ENDM
                 
                 	.MACRO __GETB1HMN
                 	LDS  R31,@0+(@1)
                 	.ENDM
                 
                 	.MACRO __GETW1MN
                 	LDS  R30,@0+(@1)
                 	LDS  R31,@0+(@1)+1
                 	.ENDM
                 
                 	.MACRO __GETD1MN
                 	LDS  R30,@0+(@1)
                 	LDS  R31,@0+(@1)+1
                 	LDS  R22,@0+(@1)+2
                 	LDS  R23,@0+(@1)+3
                 	.ENDM
                 
                 	.MACRO __GETBRMN
                 	LDS  R@0,@1+(@2)
                 	.ENDM
                 
                 	.MACRO __GETWRMN
                 	LDS  R@0,@2+(@3)
                 	LDS  R@1,@2+(@3)+1
                 	.ENDM
                 
                 	.MACRO __GETWRZ
                 	LDD  R@0,Z+@2
                 	LDD  R@1,Z+@2+1
                 	.ENDM
                 
                 	.MACRO __GETD2Z
                 	LDD  R26,Z+@0
                 	LDD  R27,Z+@0+1
                 	LDD  R24,Z+@0+2
                 	LDD  R25,Z+@0+3
                 	.ENDM
                 
                 	.MACRO __GETB2MN
                 	LDS  R26,@0+(@1)
                 	.ENDM
                 
                 	.MACRO __GETW2MN
                 	LDS  R26,@0+(@1)
                 	LDS  R27,@0+(@1)+1
                 	.ENDM
                 
                 	.MACRO __GETD2MN
                 	LDS  R26,@0+(@1)
                 	LDS  R27,@0+(@1)+1
                 	LDS  R24,@0+(@1)+2
                 	LDS  R25,@0+(@1)+3
                 	.ENDM
                 
                 	.MACRO __PUTB1MN
                 	STS  @0+(@1),R30
                 	.ENDM
                 
                 	.MACRO __PUTW1MN
                 	STS  @0+(@1),R30
                 	STS  @0+(@1)+1,R31
                 	.ENDM
                 
                 	.MACRO __PUTD1MN
                 	STS  @0+(@1),R30
                 	STS  @0+(@1)+1,R31
                 	STS  @0+(@1)+2,R22
                 	STS  @0+(@1)+3,R23
                 	.ENDM
                 
                 	.MACRO __PUTB1EN
                 	LDI  R26,LOW(@0+(@1))
                 	LDI  R27,HIGH(@0+(@1))
                 	CALL __EEPROMWRB
                 	.ENDM
                 
                 	.MACRO __PUTW1EN
                 	LDI  R26,LOW(@0+(@1))
                 	LDI  R27,HIGH(@0+(@1))
                 	CALL __EEPROMWRW
                 	.ENDM
                 
                 	.MACRO __PUTD1EN
                 	LDI  R26,LOW(@0+(@1))
                 	LDI  R27,HIGH(@0+(@1))
                 	CALL __EEPROMWRD
                 	.ENDM
                 
                 	.MACRO __PUTBR0MN
                 	STS  @0+(@1),R0
                 	.ENDM
                 
                 	.MACRO __PUTBMRN
                 	STS  @0+(@1),R@2
                 	.ENDM
                 
                 	.MACRO __PUTWMRN
                 	STS  @0+(@1),R@2
                 	STS  @0+(@1)+1,R@3
                 	.ENDM
                 
                 	.MACRO __PUTBZR
                 	STD  Z+@1,R@0
                 	.ENDM
                 
                 	.MACRO __PUTWZR
                 	STD  Z+@2,R@0
                 	STD  Z+@2+1,R@1
                 	.ENDM
                 
                 	.MACRO __GETW1R
                 	MOV  R30,R@0
                 	MOV  R31,R@1
                 	.ENDM
                 
                 	.MACRO __GETW2R
                 	MOV  R26,R@0
                 	MOV  R27,R@1
                 	.ENDM
                 
                 	.MACRO __GETWRN
                 	LDI  R@0,LOW(@2)
                 	LDI  R@1,HIGH(@2)
                 	.ENDM
                 
                 	.MACRO __PUTW1R
                 	MOV  R@0,R30
                 	MOV  R@1,R31
                 	.ENDM
                 
                 	.MACRO __PUTW2R
                 	MOV  R@0,R26
                 	MOV  R@1,R27
                 	.ENDM
                 
                 	.MACRO __ADDWRN
                 	SUBI R@0,LOW(-@2)
                 	SBCI R@1,HIGH(-@2)
                 	.ENDM
                 
                 	.MACRO __ADDWRR
                 	ADD  R@0,R@2
                 	ADC  R@1,R@3
                 	.ENDM
                 
                 	.MACRO __SUBWRN
                 	SUBI R@0,LOW(@2)
                 	SBCI R@1,HIGH(@2)
                 	.ENDM
                 
                 	.MACRO __SUBWRR
                 	SUB  R@0,R@2
                 	SBC  R@1,R@3
                 	.ENDM
                 
                 	.MACRO __ANDWRN
                 	ANDI R@0,LOW(@2)
                 	ANDI R@1,HIGH(@2)
                 	.ENDM
                 
                 	.MACRO __ANDWRR
                 	AND  R@0,R@2
                 	AND  R@1,R@3
                 	.ENDM
                 
                 	.MACRO __ORWRN
                 	ORI  R@0,LOW(@2)
                 	ORI  R@1,HIGH(@2)
                 	.ENDM
                 
                 	.MACRO __ORWRR
                 	OR   R@0,R@2
                 	OR   R@1,R@3
                 	.ENDM
                 
                 	.MACRO __EORWRR
                 	EOR  R@0,R@2
                 	EOR  R@1,R@3
                 	.ENDM
                 
                 	.MACRO __GETWRS
                 	LDD  R@0,Y+@2
                 	LDD  R@1,Y+@2+1
                 	.ENDM
                 
                 	.MACRO __PUTBSR
                 	STD  Y+@1,R@0
                 	.ENDM
                 
                 	.MACRO __PUTWSR
                 	STD  Y+@2,R@0
                 	STD  Y+@2+1,R@1
                 	.ENDM
                 
                 	.MACRO __MOVEWRR
                 	MOV  R@0,R@2
                 	MOV  R@1,R@3
                 	.ENDM
                 
                 	.MACRO __INWR
                 	IN   R@0,@2
                 	IN   R@1,@2+1
                 	.ENDM
                 
                 	.MACRO __OUTWR
                 	OUT  @2+1,R@1
                 	OUT  @2,R@0
                 	.ENDM
                 
                 	.MACRO __CALL1MN
                 	LDS  R30,@0+(@1)
                 	LDS  R31,@0+(@1)+1
                 	ICALL
                 	.ENDM
                 
                 	.MACRO __CALL1FN
                 	LDI  R30,LOW(2*@0+(@1))
                 	LDI  R31,HIGH(2*@0+(@1))
                 	CALL __GETW1PF
                 	ICALL
                 	.ENDM
                 
                 	.MACRO __CALL2EN
                 	PUSH R26
                 	PUSH R27
                 	LDI  R26,LOW(@0+(@1))
                 	LDI  R27,HIGH(@0+(@1))
                 	CALL __EEPROMRDW
                 	POP  R27
                 	POP  R26
                 	ICALL
                 	.ENDM
                 
                 	.MACRO __CALL2EX
                 	SUBI R26,LOW(-@0)
                 	SBCI R27,HIGH(-@0)
                 	CALL __EEPROMRDD
                 	ICALL
                 	.ENDM
                 
                 	.MACRO __GETW1STACK
                 	IN   R30,SPL
                 	IN   R31,SPH
                 	ADIW R30,@0+1
                 	LD   R0,Z+
                 	LD   R31,Z
                 	MOV  R30,R0
                 	.ENDM
                 
                 	.MACRO __GETD1STACK
                 	IN   R30,SPL
                 	IN   R31,SPH
                 	ADIW R30,@0+1
                 	LD   R0,Z+
                 	LD   R1,Z+
                 	LD   R22,Z
                 	MOVW R30,R0
                 	.ENDM
                 
                 	.MACRO __NBST
                 	BST  R@0,@1
                 	IN   R30,SREG
                 	LDI  R31,0x40
                 	EOR  R30,R31
                 	OUT  SREG,R30
                 	.ENDM
                 
                 
                 	.MACRO __PUTB1SN
                 	LDD  R26,Y+@0
                 	LDD  R27,Y+@0+1
                 	SUBI R26,LOW(-@1)
                 	SBCI R27,HIGH(-@1)
                 	ST   X,R30
                 	.ENDM
                 
                 	.MACRO __PUTW1SN
                 	LDD  R26,Y+@0
                 	LDD  R27,Y+@0+1
                 	SUBI R26,LOW(-@1)
                 	SBCI R27,HIGH(-@1)
                 	ST   X+,R30
                 	ST   X,R31
                 	.ENDM
                 
                 	.MACRO __PUTD1SN
                 	LDD  R26,Y+@0
                 	LDD  R27,Y+@0+1
                 	SUBI R26,LOW(-@1)
                 	SBCI R27,HIGH(-@1)
                 	CALL __PUTDP1
                 	.ENDM
                 
                 	.MACRO __PUTB1SNS
                 	LDD  R26,Y+@0
                 	LDD  R27,Y+@0+1
                 	ADIW R26,@1
                 	ST   X,R30
                 	.ENDM
                 
                 	.MACRO __PUTW1SNS
                 	LDD  R26,Y+@0
                 	LDD  R27,Y+@0+1
                 	ADIW R26,@1
                 	ST   X+,R30
                 	ST   X,R31
                 	.ENDM
                 
                 	.MACRO __PUTD1SNS
                 	LDD  R26,Y+@0
                 	LDD  R27,Y+@0+1
                 	ADIW R26,@1
                 	CALL __PUTDP1
                 	.ENDM
                 
                 	.MACRO __PUTB1PMN
                 	LDS  R26,@0
                 	LDS  R27,@0+1
                 	SUBI R26,LOW(-@1)
                 	SBCI R27,HIGH(-@1)
                 	ST   X,R30
                 	.ENDM
                 
                 	.MACRO __PUTW1PMN
                 	LDS  R26,@0
                 	LDS  R27,@0+1
                 	SUBI R26,LOW(-@1)
                 	SBCI R27,HIGH(-@1)
                 	ST   X+,R30
                 	ST   X,R31
                 	.ENDM
                 
                 	.MACRO __PUTD1PMN
                 	LDS  R26,@0
                 	LDS  R27,@0+1
                 	SUBI R26,LOW(-@1)
                 	SBCI R27,HIGH(-@1)
                 	CALL __PUTDP1
                 	.ENDM
                 
                 	.MACRO __PUTB1PMNS
                 	LDS  R26,@0
                 	LDS  R27,@0+1
                 	ADIW R26,@1
                 	ST   X,R30
                 	.ENDM
                 
                 	.MACRO __PUTW1PMNS
                 	LDS  R26,@0
                 	LDS  R27,@0+1
                 	ADIW R26,@1
                 	ST   X+,R30
                 	ST   X,R31
                 	.ENDM
                 
                 	.MACRO __PUTD1PMNS
                 	LDS  R26,@0
                 	LDS  R27,@0+1
                 	ADIW R26,@1
                 	CALL __PUTDP1
                 	.ENDM
                 
                 	.MACRO __PUTB1RN
                 	MOVW R26,R@0
                 	SUBI R26,LOW(-@1)
                 	SBCI R27,HIGH(-@1)
                 	ST   X,R30
                 	.ENDM
                 
                 	.MACRO __PUTW1RN
                 	MOVW R26,R@0
                 	SUBI R26,LOW(-@1)
                 	SBCI R27,HIGH(-@1)
                 	ST   X+,R30
                 	ST   X,R31
                 	.ENDM
                 
                 	.MACRO __PUTD1RN
                 	MOVW R26,R@0
                 	SUBI R26,LOW(-@1)
                 	SBCI R27,HIGH(-@1)
                 	CALL __PUTDP1
                 	.ENDM
                 
                 	.MACRO __PUTB1RNS
                 	MOVW R26,R@0
                 	ADIW R26,@1
                 	ST   X,R30
                 	.ENDM
                 
                 	.MACRO __PUTW1RNS
                 	MOVW R26,R@0
                 	ADIW R26,@1
                 	ST   X+,R30
                 	ST   X,R31
                 	.ENDM
                 
                 	.MACRO __PUTD1RNS
                 	MOVW R26,R@0
                 	ADIW R26,@1
                 	CALL __PUTDP1
                 	.ENDM
                 
                 	.MACRO __PUTB1RON
                 	MOV  R26,R@0
                 	MOV  R27,R@1
                 	SUBI R26,LOW(-@2)
                 	SBCI R27,HIGH(-@2)
                 	ST   X,R30
                 	.ENDM
                 
                 	.MACRO __PUTW1RON
                 	MOV  R26,R@0
                 	MOV  R27,R@1
                 	SUBI R26,LOW(-@2)
                 	SBCI R27,HIGH(-@2)
                 	ST   X+,R30
                 	ST   X,R31
                 	.ENDM
                 
                 	.MACRO __PUTD1RON
                 	MOV  R26,R@0
                 	MOV  R27,R@1
                 	SUBI R26,LOW(-@2)
                 	SBCI R27,HIGH(-@2)
                 	CALL __PUTDP1
                 	.ENDM
                 
                 	.MACRO __PUTB1RONS
                 	MOV  R26,R@0
                 	MOV  R27,R@1
                 	ADIW R26,@2
                 	ST   X,R30
                 	.ENDM
                 
                 	.MACRO __PUTW1RONS
                 	MOV  R26,R@0
                 	MOV  R27,R@1
                 	ADIW R26,@2
                 	ST   X+,R30
                 	ST   X,R31
                 	.ENDM
                 
                 	.MACRO __PUTD1RONS
                 	MOV  R26,R@0
                 	MOV  R27,R@1
                 	ADIW R26,@2
                 	CALL __PUTDP1
                 	.ENDM
                 
                 
                 	.MACRO __GETB1SX
                 	MOVW R30,R28
                 	SUBI R30,LOW(-@0)
                 	SBCI R31,HIGH(-@0)
                 	LD   R30,Z
                 	.ENDM
                 
                 	.MACRO __GETB1HSX
                 	MOVW R30,R28
                 	SUBI R30,LOW(-@0)
                 	SBCI R31,HIGH(-@0)
                 	LD   R31,Z
                 	.ENDM
                 
                 	.MACRO __GETW1SX
                 	MOVW R30,R28
                 	SUBI R30,LOW(-@0)
                 	SBCI R31,HIGH(-@0)
                 	LD   R0,Z+
                 	LD   R31,Z
                 	MOV  R30,R0
                 	.ENDM
                 
                 	.MACRO __GETD1SX
                 	MOVW R30,R28
                 	SUBI R30,LOW(-@0)
                 	SBCI R31,HIGH(-@0)
                 	LD   R0,Z+
                 	LD   R1,Z+
                 	LD   R22,Z+
                 	LD   R23,Z
                 	MOVW R30,R0
                 	.ENDM
                 
                 	.MACRO __GETB2SX
                 	MOVW R26,R28
                 	SUBI R26,LOW(-@0)
                 	SBCI R27,HIGH(-@0)
                 	LD   R26,X
                 	.ENDM
                 
                 	.MACRO __GETW2SX
                 	MOVW R26,R28
                 	SUBI R26,LOW(-@0)
                 	SBCI R27,HIGH(-@0)
                 	LD   R0,X+
                 	LD   R27,X
                 	MOV  R26,R0
                 	.ENDM
                 
                 	.MACRO __GETD2SX
                 	MOVW R26,R28
                 	SUBI R26,LOW(-@0)
                 	SBCI R27,HIGH(-@0)
                 	LD   R0,X+
                 	LD   R1,X+
                 	LD   R24,X+
                 	LD   R25,X
                 	MOVW R26,R0
                 	.ENDM
                 
                 	.MACRO __GETBRSX
                 	MOVW R30,R28
                 	SUBI R30,LOW(-@1)
                 	SBCI R31,HIGH(-@1)
                 	LD   R@0,Z
                 	.ENDM
                 
                 	.MACRO __GETWRSX
                 	MOVW R30,R28
                 	SUBI R30,LOW(-@2)
                 	SBCI R31,HIGH(-@2)
                 	LD   R@0,Z+
                 	LD   R@1,Z
                 	.ENDM
                 
                 	.MACRO __GETBRSX2
                 	MOVW R26,R28
                 	SUBI R26,LOW(-@1)
                 	SBCI R27,HIGH(-@1)
                 	LD   R@0,X
                 	.ENDM
                 
                 	.MACRO __GETWRSX2
                 	MOVW R26,R28
                 	SUBI R26,LOW(-@2)
                 	SBCI R27,HIGH(-@2)
                 	LD   R@0,X+
                 	LD   R@1,X
                 	.ENDM
                 
                 	.MACRO __LSLW8SX
                 	MOVW R30,R28
                 	SUBI R30,LOW(-@0)
                 	SBCI R31,HIGH(-@0)
                 	LD   R31,Z
                 	CLR  R30
                 	.ENDM
                 
                 	.MACRO __PUTB1SX
                 	MOVW R26,R28
                 	SUBI R26,LOW(-@0)
                 	SBCI R27,HIGH(-@0)
                 	ST   X,R30
                 	.ENDM
                 
                 	.MACRO __PUTW1SX
                 	MOVW R26,R28
                 	SUBI R26,LOW(-@0)
                 	SBCI R27,HIGH(-@0)
                 	ST   X+,R30
                 	ST   X,R31
                 	.ENDM
                 
                 	.MACRO __PUTD1SX
                 	MOVW R26,R28
                 	SUBI R26,LOW(-@0)
                 	SBCI R27,HIGH(-@0)
                 	ST   X+,R30
                 	ST   X+,R31
                 	ST   X+,R22
                 	ST   X,R23
                 	.ENDM
                 
                 	.MACRO __CLRW1SX
                 	MOVW R26,R28
                 	SUBI R26,LOW(-@0)
                 	SBCI R27,HIGH(-@0)
                 	ST   X+,R30
                 	ST   X,R30
                 	.ENDM
                 
                 	.MACRO __CLRD1SX
                 	MOVW R26,R28
                 	SUBI R26,LOW(-@0)
                 	SBCI R27,HIGH(-@0)
                 	ST   X+,R30
                 	ST   X+,R30
                 	ST   X+,R30
                 	ST   X,R30
                 	.ENDM
                 
                 	.MACRO __PUTB2SX
                 	MOVW R30,R28
                 	SUBI R30,LOW(-@0)
                 	SBCI R31,HIGH(-@0)
                 	ST   Z,R26
                 	.ENDM
                 
                 	.MACRO __PUTW2SX
                 	MOVW R30,R28
                 	SUBI R30,LOW(-@0)
                 	SBCI R31,HIGH(-@0)
                 	ST   Z+,R26
                 	ST   Z,R27
                 	.ENDM
                 
                 	.MACRO __PUTD2SX
                 	MOVW R30,R28
                 	SUBI R30,LOW(-@0)
                 	SBCI R31,HIGH(-@0)
                 	ST   Z+,R26
                 	ST   Z+,R27
                 	ST   Z+,R24
                 	ST   Z,R25
                 	.ENDM
                 
                 	.MACRO __PUTBSRX
                 	MOVW R30,R28
                 	SUBI R30,LOW(-@1)
                 	SBCI R31,HIGH(-@1)
                 	ST   Z,R@0
                 	.ENDM
                 
                 	.MACRO __PUTWSRX
                 	MOVW R30,R28
                 	SUBI R30,LOW(-@2)
                 	SBCI R31,HIGH(-@2)
                 	ST   Z+,R@0
                 	ST   Z,R@1
                 	.ENDM
                 
                 	.MACRO __PUTB1SNX
                 	MOVW R26,R28
                 	SUBI R26,LOW(-@0)
                 	SBCI R27,HIGH(-@0)
                 	LD   R0,X+
                 	LD   R27,X
                 	MOV  R26,R0
                 	SUBI R26,LOW(-@1)
                 	SBCI R27,HIGH(-@1)
                 	ST   X,R30
                 	.ENDM
                 
                 	.MACRO __PUTW1SNX
                 	MOVW R26,R28
                 	SUBI R26,LOW(-@0)
                 	SBCI R27,HIGH(-@0)
                 	LD   R0,X+
                 	LD   R27,X
                 	MOV  R26,R0
                 	SUBI R26,LOW(-@1)
                 	SBCI R27,HIGH(-@1)
                 	ST   X+,R30
                 	ST   X,R31
                 	.ENDM
                 
                 	.MACRO __PUTD1SNX
                 	MOVW R26,R28
                 	SUBI R26,LOW(-@0)
                 	SBCI R27,HIGH(-@0)
                 	LD   R0,X+
                 	LD   R27,X
                 	MOV  R26,R0
                 	SUBI R26,LOW(-@1)
                 	SBCI R27,HIGH(-@1)
                 	ST   X+,R30
                 	ST   X+,R31
                 	ST   X+,R22
                 	ST   X,R23
                 	.ENDM
                 
                 	.MACRO __MULBRR
                 	MULS R@0,R@1
                 	MOVW R30,R0
                 	.ENDM
                 
                 	.MACRO __MULBRRU
                 	MUL  R@0,R@1
                 	MOVW R30,R0
                 	.ENDM
                 
                 	.MACRO __MULBRR0
                 	MULS R@0,R@1
                 	.ENDM
                 
                 	.MACRO __MULBRRU0
                 	MUL  R@0,R@1
                 	.ENDM
                 
                 	.MACRO __MULBNWRU
                 	LDI  R26,@2
                 	MUL  R26,R@0
                 	MOVW R30,R0
                 	MUL  R26,R@1
                 	ADD  R31,R0
                 	.ENDM
                 
                 ;NAME DEFINITIONS FOR GLOBAL VARIABLES ALLOCATED TO REGISTERS
                 	.DEF _test=R4
                 	.DEF _test_msb=R5
                 	.DEF __lcd_x=R7
                 	.DEF __lcd_y=R6
                 	.DEF __lcd_maxx=R9
                 
                 	.CSEG
                 	.ORG 0x00
                 
                 ;START OF CODE MARKER
                 __START_OF_CODE:
                 
                 ;INTERRUPT VECTORS
000000 940c 0060 	JMP  __RESET
000002 940c 0000 	JMP  0x00
000004 940c 0000 	JMP  0x00
000006 940c 0000 	JMP  0x00
000008 940c 0000 	JMP  0x00
00000a 940c 0000 	JMP  0x00
00000c 940c 0000 	JMP  0x00
00000e 940c 0000 	JMP  0x00
000010 940c 0000 	JMP  0x00
000012 940c 0000 	JMP  0x00
000014 940c 0000 	JMP  0x00
000016 940c 0000 	JMP  0x00
000018 940c 0000 	JMP  0x00
00001a 940c 0000 	JMP  0x00
00001c 940c 0000 	JMP  0x00
00001e 940c 0000 	JMP  0x00
000020 940c 0000 	JMP  0x00
000022 940c 0000 	JMP  0x00
000024 940c 0000 	JMP  0x00
000026 940c 0000 	JMP  0x00
000028 940c 0000 	JMP  0x00
00002a 940c 0000 	JMP  0x00
00002c 940c 0000 	JMP  0x00
00002e 940c 0000 	JMP  0x00
000030 940c 0000 	JMP  0x00
000032 940c 0000 	JMP  0x00
000034 940c 0000 	JMP  0x00
000036 940c 0000 	JMP  0x00
000038 940c 0000 	JMP  0x00
00003a 940c 0000 	JMP  0x00
00003c 940c 0000 	JMP  0x00
00003e 940c 0000 	JMP  0x00
000040 940c 0000 	JMP  0x00
000042 940c 0000 	JMP  0x00
000044 940c 0000 	JMP  0x00
                 
                 _tbl10_G100:
000046 2710
000047 03e8
000048 0064
000049 000a      	.DB  0x10,0x27,0xE8,0x3,0x64,0x0,0xA,0x0
00004a 0001      	.DB  0x1,0x0
                 _tbl16_G100:
00004b 1000
00004c 0100
00004d 0010
00004e 0001      	.DB  0x0,0x10,0x0,0x1,0x10,0x0,0x1,0x0
                 
                 ;GLOBAL REGISTER VARIABLES INITIALIZATION
                 __REG_VARS:
00004f 0900      	.DB  LOW(_0x3),HIGH(_0x3)
                 
                 _0x0:
000050 7947
000051 6e75
000052 4467
000053 6c61      	.DB  0x47,0x79,0x75,0x6E,0x67,0x44,0x61,0x6C
D:\AVR\UART\Debug\List\UART.asm(1158): warning: .cseg .db misalignment - padding zero byte
000054 0000      	.DB  0x0
                 _0x2020003:
000055 c080      	.DB  0x80,0xC0
                 
                 __GLOBAL_INI_TBL:
000056 0002      	.DW  0x02
000057 0004      	.DW  0x04
000058 009e      	.DW  __REG_VARS*2
                 
000059 0009      	.DW  0x09
00005a 0900      	.DW  _0x3
00005b 00a0      	.DW  _0x0*2
                 
00005c 0002      	.DW  0x02
00005d 0909      	.DW  __base_y_G101
00005e 00aa      	.DW  _0x2020003*2
                 
                 _0xFFFFFFFF:
00005f 0000      	.DW  0
                 
                 #define __GLOBAL_INI_TBL_PRESENT 1
                 
                 __RESET:
000060 94f8      	CLI
000061 27ee      	CLR  R30
000062 bbec      	OUT  EECR,R30
                 
                 ;INTERRUPT VECTORS ARE PLACED
                 ;AT THE START OF FLASH
000063 e0f1      	LDI  R31,1
000064 bff5      	OUT  MCUCR,R31
000065 bfe5      	OUT  MCUCR,R30
000066 93e0 006c 	STS  XMCRB,R30
                 
                 ;CLEAR R2-R14
000068 e08d      	LDI  R24,(14-2)+1
000069 e0a2      	LDI  R26,2
00006a 27bb      	CLR  R27
                 __CLEAR_REG:
00006b 93ed      	ST   X+,R30
00006c 958a      	DEC  R24
00006d f7e9      	BRNE __CLEAR_REG
                 
                 ;CLEAR SRAM
00006e e080      	LDI  R24,LOW(__CLEAR_SRAM_SIZE)
00006f e190      	LDI  R25,HIGH(__CLEAR_SRAM_SIZE)
000070 e0a0      	LDI  R26,LOW(__SRAM_START)
000071 e0b1      	LDI  R27,HIGH(__SRAM_START)
                 __CLEAR_SRAM:
000072 93ed      	ST   X+,R30
000073 9701      	SBIW R24,1
000074 f7e9      	BRNE __CLEAR_SRAM
                 
                 ;GLOBAL VARIABLES INITIALIZATION
000075 eaec      	LDI  R30,LOW(__GLOBAL_INI_TBL*2)
000076 e0f0      	LDI  R31,HIGH(__GLOBAL_INI_TBL*2)
                 __GLOBAL_INI_NEXT:
000077 9185      	LPM  R24,Z+
000078 9195      	LPM  R25,Z+
000079 9700      	SBIW R24,0
00007a f061      	BREQ __GLOBAL_INI_END
00007b 91a5      	LPM  R26,Z+
00007c 91b5      	LPM  R27,Z+
00007d 9005      	LPM  R0,Z+
00007e 9015      	LPM  R1,Z+
00007f 01bf      	MOVW R22,R30
000080 01f0      	MOVW R30,R0
                 __GLOBAL_INI_LOOP:
000081 9005      	LPM  R0,Z+
000082 920d      	ST   X+,R0
000083 9701      	SBIW R24,1
000084 f7e1      	BRNE __GLOBAL_INI_LOOP
000085 01fb      	MOVW R30,R22
000086 cff0      	RJMP __GLOBAL_INI_NEXT
                 __GLOBAL_INI_END:
                 
000087 bf8b      	OUT  RAMPZ,R24
                 
                 ;HARDWARE STACK POINTER INITIALIZATION
000088 efef      	LDI  R30,LOW(__SRAM_END-__HEAP_SIZE)
000089 bfed      	OUT  SPL,R30
00008a e1e0      	LDI  R30,HIGH(__SRAM_END-__HEAP_SIZE)
00008b bfee      	OUT  SPH,R30
                 
                 ;DATA STACK POINTER INITIALIZATION
00008c e0c0      	LDI  R28,LOW(__SRAM_START+__DSTACK_SIZE)
00008d e0d9      	LDI  R29,HIGH(__SRAM_START+__DSTACK_SIZE)
                 
00008e 940c 0090 	JMP  _main
                 
                 	.ESEG
                 	.ORG 0
                 
                 	.DSEG
                 	.ORG 0x900
                 
                 	.CSEG
                 ;/*
                 ; * UART.c
                 ; *
                 ; * Created: 2016-11-09 ¿ÀÀü 11:26:14
                 ; * Author: ±è°æ½Ä007
                 ; */
                 ;
                 ;#include <io.h>
                 	#ifndef __SLEEP_DEFINED__
                 	#define __SLEEP_DEFINED__
                 	.EQU __se_bit=0x20
                 	.EQU __sm_mask=0x1C
                 	.EQU __sm_powerdown=0x10
                 	.EQU __sm_powersave=0x18
                 	.EQU __sm_standby=0x14
                 	.EQU __sm_ext_standby=0x1C
                 	.EQU __sm_adc_noise_red=0x08
                 	.SET power_ctrl_reg=mcucr
                 	#endif
                 ;#include <delay.h>
                 ;#include <stdio.h>
                 ;#include <lcd.h>
                 ;
                 ;#asm
                     .equ __lcd_port = 0x1b
                 ; 0000 000F #endasm
                 ;void putch(char);
                 ;char getch();
                 ;void lcd_display(char data);
                 ;
                 ;char* test = "GyungDal";
                 
                 	.DSEG
                 _0x3:
000900           	.BYTE 0x9
                 ;char temp[16];
                 ;void main(void){
                 ; 0000 0016 void main(void){
                 
                 	.CSEG
                 _main:
                 ; .FSTART _main
                 ; 0000 0017     lcd_init(16);
000090 e1a0      	LDI  R26,LOW(16)
000091 d0b3      	RCALL _lcd_init
                 ; 0000 0018     lcd_clear();
000092 d07c      	RCALL _lcd_clear
                 ; 0000 0019 
                 ; 0000 001A     UCSR0A = 0x0;
000093 e0e0      	LDI  R30,LOW(0)
000094 b9eb      	OUT  0xB,R30
                 ; 0000 001B     UCSR0B = 0b00011000;
000095 e1e8      	LDI  R30,LOW(24)
000096 b9ea      	OUT  0xA,R30
                 ; 0000 001C     UCSR0C = 0b00000110;
000097 e0e6      	LDI  R30,LOW(6)
000098 93e0 0095 	STS  149,R30
                 ; 0000 001D     UBRR0H = 0x0;
00009a e0e0      	LDI  R30,LOW(0)
00009b 93e0 0090 	STS  144,R30
                 ; 0000 001E     UBRR0L = 103;
00009d e6e7      	LDI  R30,LOW(103)
00009e b9e9      	OUT  0x9,R30
                 ; 0000 001F 
                 ; 0000 0020    while(*test){
                 _0x4:
00009f 01d2      	MOVW R26,R4
0000a0 91ec      	LD   R30,X
0000a1 30e0      	CPI  R30,0
0000a2 f069      	BREQ _0x6
                 ; 0000 0021         putch(*test++);
0000a3 01f2      	MOVW R30,R4
0000a4 9631      	ADIW R30,1
0000a5 012f      	MOVW R4,R30
0000a6 9731      	SBIW R30,1
0000a7 81a0      	LD   R26,Z
0000a8 d008      	RCALL _putch
                 ; 0000 0022         lcd_display(getch());
0000a9 d00d      	RCALL _getch
0000aa 2fae      	MOV  R26,R30
0000ab d00f      	RCALL _lcd_display
                 ; 0000 0023         delay_ms(100);
0000ac e6a4      	LDI  R26,LOW(100)
0000ad e0b0      	LDI  R27,0
0000ae d0c8      	RCALL _delay_ms
                 ; 0000 0024     }
0000af cfef      	RJMP _0x4
                 _0x6:
                 ; 0000 0025 }
                 _0x7:
0000b0 cfff      	RJMP _0x7
                 ; .FEND
                 ;
                 ;
                 ;void putch(char data){
                 ; 0000 0028 void putch(char data){
                 _putch:
                 ; .FSTART _putch
                 ; 0000 0029     while(!(UCSR0A & 0x20));
0000b1 931a      	ST   -Y,R17
0000b2 2f1a      	MOV  R17,R26
                 ;	data -> R17
                 _0x8:
0000b3 9b5d      	SBIS 0xB,5
0000b4 cffe      	RJMP _0x8
                 ; 0000 002A     UDR0 = data;
0000b5 b91c      	OUT  0xC,R17
                 ; 0000 002B }
0000b6 c00d      	RJMP _0x2080002
                 ; .FEND
                 ;
                 ;char getch(){
                 ; 0000 002D char getch(){
                 _getch:
                 ; .FSTART _getch
                 ; 0000 002E     while(!(UCSR0A & 0x80));
                 _0xB:
0000b7 9b5f      	SBIS 0xB,7
0000b8 cffe      	RJMP _0xB
                 ; 0000 002F     return UDR0;
0000b9 b1ec      	IN   R30,0xC
0000ba 9508      	RET
                 ; 0000 0030 }
                 ; .FEND
                 ;
                 ;
                 ;void lcd_display(char data){
                 ; 0000 0033 void lcd_display(char data){
                 _lcd_display:
                 ; .FSTART _lcd_display
                 ; 0000 0034     lcd_clear();
0000bb 931a      	ST   -Y,R17
0000bc 2f1a      	MOV  R17,R26
                 ;	data -> R17
0000bd d051      	RCALL _lcd_clear
                 ; 0000 0035     lcd_gotoxy(0,0);
0000be e0e0      	LDI  R30,LOW(0)
0000bf 93ea      	ST   -Y,R30
0000c0 e0a0      	LDI  R26,LOW(0)
0000c1 d03f      	RCALL _lcd_gotoxy
                 ; 0000 0036     lcd_putchar(data);
0000c2 2fa1      	MOV  R26,R17
0000c3 d058      	RCALL _lcd_putchar
                 ; 0000 0037 }
                 _0x2080002:
0000c4 9119      	LD   R17,Y+
0000c5 9508      	RET
                 ; .FEND
                 	#ifndef __SLEEP_DEFINED__
                 	#endif
                 
                 	.CSEG
                 	#ifndef __SLEEP_DEFINED__
                 	#endif
                     .equ __lcd_direction=__lcd_port-1
                     .equ __lcd_pin=__lcd_port-2
                     .equ __lcd_rs=0
                     .equ __lcd_rd=1
                     .equ __lcd_enable=2
                     .equ __lcd_busy_flag=7
                 
                 	.DSEG
                 
                 	.CSEG
                 __lcd_delay_G101:
                 ; .FSTART __lcd_delay_G101
0000c6 e0ff          ldi   r31,15
                 __lcd_delay0:
0000c7 95fa          dec   r31
0000c8 f7f1          brne  __lcd_delay0
0000c9 9508      	RET
                 ; .FEND
                 __lcd_ready:
                 ; .FSTART __lcd_ready
0000ca b3aa          in    r26,__lcd_direction
0000cb 70af          andi  r26,0xf                 ;set as input
0000cc bbaa          out   __lcd_direction,r26
0000cd 9ad9          sbi   __lcd_port,__lcd_rd     ;RD=1
0000ce 98d8          cbi   __lcd_port,__lcd_rs     ;RS=0
                 __lcd_busy:
0000cf dff6      	RCALL __lcd_delay_G101
0000d0 9ada          sbi   __lcd_port,__lcd_enable ;EN=1
0000d1 dff4      	RCALL __lcd_delay_G101
0000d2 b3a9          in    r26,__lcd_pin
0000d3 98da          cbi   __lcd_port,__lcd_enable ;EN=0
0000d4 dff1      	RCALL __lcd_delay_G101
0000d5 9ada          sbi   __lcd_port,__lcd_enable ;EN=1
0000d6 dfef      	RCALL __lcd_delay_G101
0000d7 98da          cbi   __lcd_port,__lcd_enable ;EN=0
0000d8 fda7          sbrc  r26,__lcd_busy_flag
0000d9 cff5          rjmp  __lcd_busy
0000da 9508      	RET
                 ; .FEND
                 __lcd_write_nibble_G101:
                 ; .FSTART __lcd_write_nibble_G101
0000db 7fa0          andi  r26,0xf0
0000dc 2bab          or    r26,r27
0000dd bbab          out   __lcd_port,r26          ;write
0000de 9ada          sbi   __lcd_port,__lcd_enable ;EN=1
0000df dfe6      	RCALL __lcd_delay_G101
0000e0 98da          cbi   __lcd_port,__lcd_enable ;EN=0
0000e1 dfe4      	RCALL __lcd_delay_G101
0000e2 9508      	RET
                 ; .FEND
                 __lcd_write_data:
                 ; .FSTART __lcd_write_data
0000e3 93aa      	ST   -Y,R26
0000e4 98d9          cbi  __lcd_port,__lcd_rd 	  ;RD=0
0000e5 b3aa          in    r26,__lcd_direction
0000e6 6fa7          ori   r26,0xf0 | (1<<__lcd_rs) | (1<<__lcd_rd) | (1<<__lcd_enable) ;set as output
0000e7 bbaa          out   __lcd_direction,r26
0000e8 b3bb          in    r27,__lcd_port
0000e9 70bf          andi  r27,0xf
0000ea 81a8          ld    r26,y
0000eb dfef      	RCALL __lcd_write_nibble_G101
0000ec 81a8          ld    r26,y
0000ed 95a2          swap  r26
0000ee dfec      	RCALL __lcd_write_nibble_G101
0000ef 9ad9          sbi   __lcd_port,__lcd_rd     ;RD=1
0000f0 940c 0175 	JMP  _0x2080001
                 ; .FEND
                 __lcd_read_nibble_G101:
                 ; .FSTART __lcd_read_nibble_G101
0000f2 9ada          sbi   __lcd_port,__lcd_enable ;EN=1
0000f3 dfd2      	RCALL __lcd_delay_G101
0000f4 b3e9          in    r30,__lcd_pin           ;read
0000f5 98da          cbi   __lcd_port,__lcd_enable ;EN=0
0000f6 dfcf      	RCALL __lcd_delay_G101
0000f7 7fe0          andi  r30,0xf0
0000f8 9508      	RET
                 ; .FEND
                 _lcd_read_byte0_G101:
                 ; .FSTART _lcd_read_byte0_G101
0000f9 dfcc      	RCALL __lcd_delay_G101
0000fa dff7      	RCALL __lcd_read_nibble_G101
0000fb 2fae          mov   r26,r30
0000fc dff5      	RCALL __lcd_read_nibble_G101
0000fd 98d9          cbi   __lcd_port,__lcd_rd     ;RD=0
0000fe 95e2          swap  r30
0000ff 2bea          or    r30,r26
000100 9508      	RET
                 ; .FEND
                 _lcd_gotoxy:
                 ; .FSTART _lcd_gotoxy
000101 93aa      	ST   -Y,R26
000102 dfc7      	RCALL __lcd_ready
000103 81e8      	LD   R30,Y
000104 e0f0      	LDI  R31,0
000105 5fe7      	SUBI R30,LOW(-__base_y_G101)
000106 4ff6      	SBCI R31,HIGH(-__base_y_G101)
000107 81e0      	LD   R30,Z
000108 81a9      	LDD  R26,Y+1
000109 0fae      	ADD  R26,R30
00010a dfd8      	RCALL __lcd_write_data
00010b 8079      	LDD  R7,Y+1
00010c 8068      	LDD  R6,Y+0
00010d 9622      	ADIW R28,2
00010e 9508      	RET
                 ; .FEND
                 _lcd_clear:
                 ; .FSTART _lcd_clear
00010f dfba      	RCALL __lcd_ready
000110 e0a2      	LDI  R26,LOW(2)
000111 dfd1      	RCALL __lcd_write_data
000112 dfb7      	RCALL __lcd_ready
000113 e0ac      	LDI  R26,LOW(12)
000114 dfce      	RCALL __lcd_write_data
000115 dfb4      	RCALL __lcd_ready
000116 e0a1      	LDI  R26,LOW(1)
000117 dfcb      	RCALL __lcd_write_data
000118 e0e0      	LDI  R30,LOW(0)
000119 2e6e      	MOV  R6,R30
00011a 2e7e      	MOV  R7,R30
00011b 9508      	RET
                 ; .FEND
                 _lcd_putchar:
                 ; .FSTART _lcd_putchar
00011c 93aa      	ST   -Y,R26
00011d 93ef          push r30
00011e 93ff          push r31
00011f 81a8          ld   r26,y
000120 9468          set
000121 30aa          cpi  r26,10
000122 f019          breq __lcd_putchar1
000123 94e8          clt
000124 1479      	CP   R7,R9
000125 f030      	BRLO _0x2020004
                 	__lcd_putchar1:
000126 9463      	INC  R6
000127 e0e0      	LDI  R30,LOW(0)
000128 93ea      	ST   -Y,R30
000129 2da6      	MOV  R26,R6
00012a dfd6      	RCALL _lcd_gotoxy
00012b f02e      	brts __lcd_putchar0
                 _0x2020004:
00012c 9473      	INC  R7
00012d df9c          rcall __lcd_ready
00012e 9ad8          sbi  __lcd_port,__lcd_rs ;RS=1
00012f 81a8      	LD   R26,Y
000130 dfb2      	RCALL __lcd_write_data
                 __lcd_putchar0:
000131 91ff          pop  r31
000132 91ef          pop  r30
000133 940c 0175 	JMP  _0x2080001
                 ; .FEND
                 __long_delay_G101:
                 ; .FSTART __long_delay_G101
000135 27aa          clr   r26
000136 27bb          clr   r27
                 __long_delay0:
000137 9711          sbiw  r26,1         ;2 cycles
000138 f7f1          brne  __long_delay0 ;2 cycles
000139 9508      	RET
                 ; .FEND
                 __lcd_init_write_G101:
                 ; .FSTART __lcd_init_write_G101
00013a 93aa      	ST   -Y,R26
00013b 98d9          cbi  __lcd_port,__lcd_rd 	  ;RD=0
00013c b3aa          in    r26,__lcd_direction
00013d 6fa7          ori   r26,0xf7                ;set as output
00013e bbaa          out   __lcd_direction,r26
00013f b3bb          in    r27,__lcd_port
000140 70bf          andi  r27,0xf
000141 81a8          ld    r26,y
000142 df98      	RCALL __lcd_write_nibble_G101
000143 9ad9          sbi   __lcd_port,__lcd_rd     ;RD=1
000144 c030      	RJMP _0x2080001
                 ; .FEND
                 _lcd_init:
                 ; .FSTART _lcd_init
000145 93aa      	ST   -Y,R26
000146 98da          cbi   __lcd_port,__lcd_enable ;EN=0
000147 98d8          cbi   __lcd_port,__lcd_rs     ;RS=0
000148 8098      	LDD  R9,Y+0
000149 81e8      	LD   R30,Y
00014a 58e0      	SUBI R30,-LOW(128)
                +
00014b 93e0 090b+STS __base_y_G101 + ( 2 ) , R30
                 	__PUTB1MN __base_y_G101,2
00014d 81e8      	LD   R30,Y
00014e 54e0      	SUBI R30,-LOW(192)
                +
00014f 93e0 090c+STS __base_y_G101 + ( 3 ) , R30
                 	__PUTB1MN __base_y_G101,3
000151 dfe3      	RCALL __long_delay_G101
000152 e3a0      	LDI  R26,LOW(48)
000153 dfe6      	RCALL __lcd_init_write_G101
000154 dfe0      	RCALL __long_delay_G101
000155 e3a0      	LDI  R26,LOW(48)
000156 dfe3      	RCALL __lcd_init_write_G101
000157 dfdd      	RCALL __long_delay_G101
000158 e3a0      	LDI  R26,LOW(48)
000159 dfe0      	RCALL __lcd_init_write_G101
00015a dfda      	RCALL __long_delay_G101
00015b e2a0      	LDI  R26,LOW(32)
00015c dfdd      	RCALL __lcd_init_write_G101
00015d dfd7      	RCALL __long_delay_G101
00015e e2a8      	LDI  R26,LOW(40)
00015f df83      	RCALL __lcd_write_data
000160 dfd4      	RCALL __long_delay_G101
000161 e0a4      	LDI  R26,LOW(4)
000162 df80      	RCALL __lcd_write_data
000163 dfd1      	RCALL __long_delay_G101
000164 e8a5      	LDI  R26,LOW(133)
000165 df7d      	RCALL __lcd_write_data
000166 dfce      	RCALL __long_delay_G101
000167 b3aa          in    r26,__lcd_direction
000168 70af          andi  r26,0xf                 ;set as input
000169 bbaa          out   __lcd_direction,r26
00016a 9ad9          sbi   __lcd_port,__lcd_rd     ;RD=1
00016b df8d      	RCALL _lcd_read_byte0_G101
00016c 30e5      	CPI  R30,LOW(0x5)
00016d f011      	BREQ _0x202000B
00016e e0e0      	LDI  R30,LOW(0)
00016f c005      	RJMP _0x2080001
                 _0x202000B:
000170 df59      	RCALL __lcd_ready
000171 e0a6      	LDI  R26,LOW(6)
000172 df70      	RCALL __lcd_write_data
000173 df9b      	RCALL _lcd_clear
000174 e0e1      	LDI  R30,LOW(1)
                 _0x2080001:
000175 9621      	ADIW R28,1
000176 9508      	RET
                 ; .FEND
                 
                 	.CSEG
                 
                 	.CSEG
                 
                 	.DSEG
                 __base_y_G101:
000909           	.BYTE 0x4
                 
                 	.CSEG
                 ;RUNTIME LIBRARY
                 
                 	.CSEG
                 _delay_ms:
000177 9610      	adiw r26,0
000178 f039      	breq __delay_ms1
                 __delay_ms0:
000179 95a8      	wdr
                +
00017a ea80     +LDI R24 , LOW ( 0xFA0 )
00017b e09f     +LDI R25 , HIGH ( 0xFA0 )
                +__DELAY_USW_LOOP :
00017c 9701     +SBIW R24 , 1
00017d f7f1     +BRNE __DELAY_USW_LOOP
                 	__DELAY_USW 0xFA0
00017e 9711      	sbiw r26,1
00017f f7c9      	brne __delay_ms0
                 __delay_ms1:
000180 9508      	ret
                 
                 ;END OF CODE MARKER
                 __END_OF_CODE:


RESOURCE USE INFORMATION
------------------------

Notice:
The register and instruction counts are symbol table hit counts,
and hence implicitly used resources are not counted, eg, the
'lpm' instruction without operands implicitly uses r0 and z,
none of which are counted.

x,y,z are separate entities in the symbol table and are
counted separately from r26..r31 here.

.dseg memory usage only counts static data declared with .byte

ATmega128 register use summary:
r0 :   4 r1 :   1 r2 :   0 r3 :   0 r4 :   3 r5 :   0 r6 :   4 r7 :   4 
r8 :   0 r9 :   2 r10:   0 r11:   0 r12:   0 r13:   0 r14:   0 r15:   0 
r16:   0 r17:   7 r18:   0 r19:   0 r20:   0 r21:   0 r22:   2 r23:   0 
r24:  10 r25:   3 r26:  61 r27:  10 r28:   3 r29:   1 r30:  59 r31:   9 
x  :   4 y  :  22 z  :   9 
Registers used: 19 out of 35 (54.3%)

ATmega128 instruction use summary:
.lds  :   0 .lds.l:   0 .sts  :   0 .sts.l:   0 adc   :   0 add   :   1 
adiw  :   4 and   :   0 andi  :   6 asr   :   0 bclr  :   0 bld   :   0 
brbc  :   0 brbs  :   0 brcc  :   0 brcs  :   0 break :   0 breq  :   5 
brge  :   0 brhc  :   0 brhs  :   0 brid  :   0 brie  :   0 brlo  :   1 
brlt  :   0 brmi  :   0 brne  :   7 brpl  :   0 brsh  :   0 brtc  :   0 
brts  :   1 brvc  :   0 brvs  :   0 bset  :   0 bst   :   0 call  :   0 
cbi   :  10 cbr   :   0 clc   :   0 clh   :   0 cli   :   1 cln   :   0 
clr   :   4 cls   :   0 clt   :   1 clv   :   0 clz   :   0 com   :   0 
cp    :   1 cpc   :   0 cpi   :   3 cpse  :   0 dec   :   2 des   :   0 
elpm  :   0 eor   :   0 fmul  :   0 fmuls :   0 fmulsu:   0 icall :   0 
ijmp  :   0 in    :   9 inc   :   2 jmp   :  38 ld    :  12 ldd   :   4 
ldi   :  42 lds   :   0 lpm   :   7 lsl   :   0 lsr   :   0 mov   :   8 
movw  :   6 mul   :   0 muls  :   0 mulsu :   0 neg   :   0 nop   :   0 
or    :   2 ori   :   2 out   :  15 pop   :   2 push  :   2 rcall :  53 
ret   :  12 reti  :   0 rjmp  :   9 rol   :   0 ror   :   0 sbc   :   0 
sbci  :   1 sbi   :   9 sbic  :   0 sbis  :   2 sbiw  :   7 sbr   :   0 
sbrc  :   1 sbrs  :   0 sec   :   0 seh   :   0 sei   :   0 sen   :   0 
ser   :   0 ses   :   0 set   :   1 sev   :   0 sez   :   0 sleep :   0 
spm   :   0 st    :  12 std   :   0 sts   :   5 sub   :   0 subi  :   3 
swap  :   2 tst   :   0 wdr   :   1 
Instructions used: 42 out of 117 (35.9%)

ATmega128 memory use summary [bytes]:
Segment   Begin    End      Code   Data   Used    Size   Use%
---------------------------------------------------------------
[.cseg] 0x000000 0x000302    718     52    770  131072   0.6%
[.dseg] 0x000100 0x00090d      0     13     13    4096   0.3%
[.eseg] 0x000000 0x000000      0      0      0    4096   0.0%

Assembly complete, 0 errors, 6 warnings
