
AVRASM ver. 2.1.30  D:\AVR\PWM\Debug\List\pwm.asm Wed Aug 31 12:04:23 2016

D:\AVR\PWM\Debug\List\pwm.asm(1097): warning: Register r4 already defined by the .DEF directive
D:\AVR\PWM\Debug\List\pwm.asm(1098): warning: Register r5 already defined by the .DEF directive
D:\AVR\PWM\Debug\List\pwm.asm(1099): warning: Register r6 already defined by the .DEF directive
D:\AVR\PWM\Debug\List\pwm.asm(1100): warning: Register r7 already defined by the .DEF directive
D:\AVR\PWM\Debug\List\pwm.asm(1101): warning: Register r9 already defined by the .DEF directive
D:\AVR\PWM\Debug\List\pwm.asm(1102): warning: Register r8 already defined by the .DEF directive
D:\AVR\PWM\Debug\List\pwm.asm(1103): warning: Register r11 already defined by the .DEF directive
                 
                 
                 ;CodeVisionAVR C Compiler V3.27 Evaluation
                 ;(C) Copyright 1998-2016 Pavel Haiduc, HP InfoTech s.r.l.
                 ;http://www.hpinfotech.com
                 
                 ;Build configuration    : Debug
                 ;Chip type              : ATmega128A
                 ;Program type           : Application
                 ;Clock frequency        : 16.000000 MHz
                 ;Memory model           : Small
                 ;Optimize for           : Size
                 ;(s)printf features     : int, width
                 ;(s)scanf features      : int, width
                 ;External RAM size      : 0
                 ;Data Stack size        : 1024 byte(s)
                 ;Heap size              : 0 byte(s)
                 ;Promote 'char' to 'int': Yes
                 ;'char' is unsigned     : Yes
                 ;8 bit enums            : Yes
                 ;Global 'const' stored in FLASH: No
                 ;Enhanced function parameter passing: Mode 2
                 ;Enhanced core instructions: On
                 ;Automatic register allocation for global variables: On
                 ;Smart register allocation: On
                 
                 	#define _MODEL_SMALL_
                 
                 	#pragma AVRPART ADMIN PART_NAME ATmega128A
                 	#pragma AVRPART MEMORY PROG_FLASH 131072
                 	#pragma AVRPART MEMORY EEPROM 4096
                 	#pragma AVRPART MEMORY INT_SRAM SIZE 4096
                 	#pragma AVRPART MEMORY INT_SRAM START_ADDR 0x100
                 
                 	#define CALL_SUPPORTED 1
                 
                 	.LISTMAC
                 	.EQU UDRE=0x5
                 	.EQU RXC=0x7
                 	.EQU USR=0xB
                 	.EQU UDR=0xC
                 	.EQU SPSR=0xE
                 	.EQU SPDR=0xF
                 	.EQU EERE=0x0
                 	.EQU EEWE=0x1
                 	.EQU EEMWE=0x2
                 	.EQU EECR=0x1C
                 	.EQU EEDR=0x1D
                 	.EQU EEARL=0x1E
                 	.EQU EEARH=0x1F
                 	.EQU WDTCR=0x21
                 	.EQU MCUCR=0x35
                 	.EQU RAMPZ=0x3B
                 	.EQU SPL=0x3D
                 	.EQU SPH=0x3E
                 	.EQU SREG=0x3F
                 	.EQU XMCRA=0x6D
                 	.EQU XMCRB=0x6C
                 
                 	.DEF R0X0=R0
                 	.DEF R0X1=R1
                 	.DEF R0X2=R2
                 	.DEF R0X3=R3
                 	.DEF R0X4=R4
                 	.DEF R0X5=R5
                 	.DEF R0X6=R6
                 	.DEF R0X7=R7
                 	.DEF R0X8=R8
                 	.DEF R0X9=R9
                 	.DEF R0XA=R10
                 	.DEF R0XB=R11
                 	.DEF R0XC=R12
                 	.DEF R0XD=R13
                 	.DEF R0XE=R14
                 	.DEF R0XF=R15
                 	.DEF R0X10=R16
                 	.DEF R0X11=R17
                 	.DEF R0X12=R18
                 	.DEF R0X13=R19
                 	.DEF R0X14=R20
                 	.DEF R0X15=R21
                 	.DEF R0X16=R22
                 	.DEF R0X17=R23
                 	.DEF R0X18=R24
                 	.DEF R0X19=R25
                 	.DEF R0X1A=R26
                 	.DEF R0X1B=R27
                 	.DEF R0X1C=R28
                 	.DEF R0X1D=R29
                 	.DEF R0X1E=R30
                 	.DEF R0X1F=R31
                 
                 	.EQU __SRAM_START=0x0100
                 	.EQU __SRAM_END=0x10FF
                 	.EQU __DSTACK_SIZE=0x0400
                 	.EQU __HEAP_SIZE=0x0000
                 	.EQU __CLEAR_SRAM_SIZE=__SRAM_END-__SRAM_START+1
                 
                 	.MACRO __CPD1N
                 	CPI  R30,LOW(@0)
                 	LDI  R26,HIGH(@0)
                 	CPC  R31,R26
                 	LDI  R26,BYTE3(@0)
                 	CPC  R22,R26
                 	LDI  R26,BYTE4(@0)
                 	CPC  R23,R26
                 	.ENDM
                 
                 	.MACRO __CPD2N
                 	CPI  R26,LOW(@0)
                 	LDI  R30,HIGH(@0)
                 	CPC  R27,R30
                 	LDI  R30,BYTE3(@0)
                 	CPC  R24,R30
                 	LDI  R30,BYTE4(@0)
                 	CPC  R25,R30
                 	.ENDM
                 
                 	.MACRO __CPWRR
                 	CP   R@0,R@2
                 	CPC  R@1,R@3
                 	.ENDM
                 
                 	.MACRO __CPWRN
                 	CPI  R@0,LOW(@2)
                 	LDI  R30,HIGH(@2)
                 	CPC  R@1,R30
                 	.ENDM
                 
                 	.MACRO __ADDB1MN
                 	SUBI R30,LOW(-@0-(@1))
                 	.ENDM
                 
                 	.MACRO __ADDB2MN
                 	SUBI R26,LOW(-@0-(@1))
                 	.ENDM
                 
                 	.MACRO __ADDW1MN
                 	SUBI R30,LOW(-@0-(@1))
                 	SBCI R31,HIGH(-@0-(@1))
                 	.ENDM
                 
                 	.MACRO __ADDW2MN
                 	SUBI R26,LOW(-@0-(@1))
                 	SBCI R27,HIGH(-@0-(@1))
                 	.ENDM
                 
                 	.MACRO __ADDW1FN
                 	SUBI R30,LOW(-2*@0-(@1))
                 	SBCI R31,HIGH(-2*@0-(@1))
                 	.ENDM
                 
                 	.MACRO __ADDD1FN
                 	SUBI R30,LOW(-2*@0-(@1))
                 	SBCI R31,HIGH(-2*@0-(@1))
                 	SBCI R22,BYTE3(-2*@0-(@1))
                 	.ENDM
                 
                 	.MACRO __ADDD1N
                 	SUBI R30,LOW(-@0)
                 	SBCI R31,HIGH(-@0)
                 	SBCI R22,BYTE3(-@0)
                 	SBCI R23,BYTE4(-@0)
                 	.ENDM
                 
                 	.MACRO __ADDD2N
                 	SUBI R26,LOW(-@0)
                 	SBCI R27,HIGH(-@0)
                 	SBCI R24,BYTE3(-@0)
                 	SBCI R25,BYTE4(-@0)
                 	.ENDM
                 
                 	.MACRO __SUBD1N
                 	SUBI R30,LOW(@0)
                 	SBCI R31,HIGH(@0)
                 	SBCI R22,BYTE3(@0)
                 	SBCI R23,BYTE4(@0)
                 	.ENDM
                 
                 	.MACRO __SUBD2N
                 	SUBI R26,LOW(@0)
                 	SBCI R27,HIGH(@0)
                 	SBCI R24,BYTE3(@0)
                 	SBCI R25,BYTE4(@0)
                 	.ENDM
                 
                 	.MACRO __ANDBMNN
                 	LDS  R30,@0+(@1)
                 	ANDI R30,LOW(@2)
                 	STS  @0+(@1),R30
                 	.ENDM
                 
                 	.MACRO __ANDWMNN
                 	LDS  R30,@0+(@1)
                 	ANDI R30,LOW(@2)
                 	STS  @0+(@1),R30
                 	LDS  R30,@0+(@1)+1
                 	ANDI R30,HIGH(@2)
                 	STS  @0+(@1)+1,R30
                 	.ENDM
                 
                 	.MACRO __ANDD1N
                 	ANDI R30,LOW(@0)
                 	ANDI R31,HIGH(@0)
                 	ANDI R22,BYTE3(@0)
                 	ANDI R23,BYTE4(@0)
                 	.ENDM
                 
                 	.MACRO __ANDD2N
                 	ANDI R26,LOW(@0)
                 	ANDI R27,HIGH(@0)
                 	ANDI R24,BYTE3(@0)
                 	ANDI R25,BYTE4(@0)
                 	.ENDM
                 
                 	.MACRO __ORBMNN
                 	LDS  R30,@0+(@1)
                 	ORI  R30,LOW(@2)
                 	STS  @0+(@1),R30
                 	.ENDM
                 
                 	.MACRO __ORWMNN
                 	LDS  R30,@0+(@1)
                 	ORI  R30,LOW(@2)
                 	STS  @0+(@1),R30
                 	LDS  R30,@0+(@1)+1
                 	ORI  R30,HIGH(@2)
                 	STS  @0+(@1)+1,R30
                 	.ENDM
                 
                 	.MACRO __ORD1N
                 	ORI  R30,LOW(@0)
                 	ORI  R31,HIGH(@0)
                 	ORI  R22,BYTE3(@0)
                 	ORI  R23,BYTE4(@0)
                 	.ENDM
                 
                 	.MACRO __ORD2N
                 	ORI  R26,LOW(@0)
                 	ORI  R27,HIGH(@0)
                 	ORI  R24,BYTE3(@0)
                 	ORI  R25,BYTE4(@0)
                 	.ENDM
                 
                 	.MACRO __DELAY_USB
                 	LDI  R24,LOW(@0)
                 __DELAY_USB_LOOP:
                 	DEC  R24
                 	BRNE __DELAY_USB_LOOP
                 	.ENDM
                 
                 	.MACRO __DELAY_USW
                 	LDI  R24,LOW(@0)
                 	LDI  R25,HIGH(@0)
                 __DELAY_USW_LOOP:
                 	SBIW R24,1
                 	BRNE __DELAY_USW_LOOP
                 	.ENDM
                 
                 	.MACRO __GETD1S
                 	LDD  R30,Y+@0
                 	LDD  R31,Y+@0+1
                 	LDD  R22,Y+@0+2
                 	LDD  R23,Y+@0+3
                 	.ENDM
                 
                 	.MACRO __GETD2S
                 	LDD  R26,Y+@0
                 	LDD  R27,Y+@0+1
                 	LDD  R24,Y+@0+2
                 	LDD  R25,Y+@0+3
                 	.ENDM
                 
                 	.MACRO __PUTD1S
                 	STD  Y+@0,R30
                 	STD  Y+@0+1,R31
                 	STD  Y+@0+2,R22
                 	STD  Y+@0+3,R23
                 	.ENDM
                 
                 	.MACRO __PUTD2S
                 	STD  Y+@0,R26
                 	STD  Y+@0+1,R27
                 	STD  Y+@0+2,R24
                 	STD  Y+@0+3,R25
                 	.ENDM
                 
                 	.MACRO __PUTDZ2
                 	STD  Z+@0,R26
                 	STD  Z+@0+1,R27
                 	STD  Z+@0+2,R24
                 	STD  Z+@0+3,R25
                 	.ENDM
                 
                 	.MACRO __CLRD1S
                 	STD  Y+@0,R30
                 	STD  Y+@0+1,R30
                 	STD  Y+@0+2,R30
                 	STD  Y+@0+3,R30
                 	.ENDM
                 
                 	.MACRO __POINTB1MN
                 	LDI  R30,LOW(@0+(@1))
                 	.ENDM
                 
                 	.MACRO __POINTW1MN
                 	LDI  R30,LOW(@0+(@1))
                 	LDI  R31,HIGH(@0+(@1))
                 	.ENDM
                 
                 	.MACRO __POINTD1M
                 	LDI  R30,LOW(@0)
                 	LDI  R31,HIGH(@0)
                 	LDI  R22,BYTE3(@0)
                 	LDI  R23,BYTE4(@0)
                 	.ENDM
                 
                 	.MACRO __POINTW1FN
                 	LDI  R30,LOW(2*@0+(@1))
                 	LDI  R31,HIGH(2*@0+(@1))
                 	.ENDM
                 
                 	.MACRO __POINTD1FN
                 	LDI  R30,LOW(2*@0+(@1))
                 	LDI  R31,HIGH(2*@0+(@1))
                 	LDI  R22,BYTE3(2*@0+(@1))
                 	LDI  R23,BYTE4(2*@0+(@1))
                 	.ENDM
                 
                 	.MACRO __POINTB2MN
                 	LDI  R26,LOW(@0+(@1))
                 	.ENDM
                 
                 	.MACRO __POINTW2MN
                 	LDI  R26,LOW(@0+(@1))
                 	LDI  R27,HIGH(@0+(@1))
                 	.ENDM
                 
                 	.MACRO __POINTD2M
                 	LDI  R26,LOW(@0)
                 	LDI  R27,HIGH(@0)
                 	LDI  R24,BYTE3(@0)
                 	LDI  R25,BYTE4(@0)
                 	.ENDM
                 
                 	.MACRO __POINTW2FN
                 	LDI  R26,LOW(2*@0+(@1))
                 	LDI  R27,HIGH(2*@0+(@1))
                 	.ENDM
                 
                 	.MACRO __POINTD2FN
                 	LDI  R26,LOW(2*@0+(@1))
                 	LDI  R27,HIGH(2*@0+(@1))
                 	LDI  R24,BYTE3(2*@0+(@1))
                 	LDI  R25,BYTE4(2*@0+(@1))
                 	.ENDM
                 
                 	.MACRO __POINTBRM
                 	LDI  R@0,LOW(@1)
                 	.ENDM
                 
                 	.MACRO __POINTWRM
                 	LDI  R@0,LOW(@2)
                 	LDI  R@1,HIGH(@2)
                 	.ENDM
                 
                 	.MACRO __POINTBRMN
                 	LDI  R@0,LOW(@1+(@2))
                 	.ENDM
                 
                 	.MACRO __POINTWRMN
                 	LDI  R@0,LOW(@2+(@3))
                 	LDI  R@1,HIGH(@2+(@3))
                 	.ENDM
                 
                 	.MACRO __POINTWRFN
                 	LDI  R@0,LOW(@2*2+(@3))
                 	LDI  R@1,HIGH(@2*2+(@3))
                 	.ENDM
                 
                 	.MACRO __GETD1N
                 	LDI  R30,LOW(@0)
                 	LDI  R31,HIGH(@0)
                 	LDI  R22,BYTE3(@0)
                 	LDI  R23,BYTE4(@0)
                 	.ENDM
                 
                 	.MACRO __GETD2N
                 	LDI  R26,LOW(@0)
                 	LDI  R27,HIGH(@0)
                 	LDI  R24,BYTE3(@0)
                 	LDI  R25,BYTE4(@0)
                 	.ENDM
                 
                 	.MACRO __GETB1MN
                 	LDS  R30,@0+(@1)
                 	.ENDM
                 
                 	.MACRO __GETB1HMN
                 	LDS  R31,@0+(@1)
                 	.ENDM
                 
                 	.MACRO __GETW1MN
                 	LDS  R30,@0+(@1)
                 	LDS  R31,@0+(@1)+1
                 	.ENDM
                 
                 	.MACRO __GETD1MN
                 	LDS  R30,@0+(@1)
                 	LDS  R31,@0+(@1)+1
                 	LDS  R22,@0+(@1)+2
                 	LDS  R23,@0+(@1)+3
                 	.ENDM
                 
                 	.MACRO __GETBRMN
                 	LDS  R@0,@1+(@2)
                 	.ENDM
                 
                 	.MACRO __GETWRMN
                 	LDS  R@0,@2+(@3)
                 	LDS  R@1,@2+(@3)+1
                 	.ENDM
                 
                 	.MACRO __GETWRZ
                 	LDD  R@0,Z+@2
                 	LDD  R@1,Z+@2+1
                 	.ENDM
                 
                 	.MACRO __GETD2Z
                 	LDD  R26,Z+@0
                 	LDD  R27,Z+@0+1
                 	LDD  R24,Z+@0+2
                 	LDD  R25,Z+@0+3
                 	.ENDM
                 
                 	.MACRO __GETB2MN
                 	LDS  R26,@0+(@1)
                 	.ENDM
                 
                 	.MACRO __GETW2MN
                 	LDS  R26,@0+(@1)
                 	LDS  R27,@0+(@1)+1
                 	.ENDM
                 
                 	.MACRO __GETD2MN
                 	LDS  R26,@0+(@1)
                 	LDS  R27,@0+(@1)+1
                 	LDS  R24,@0+(@1)+2
                 	LDS  R25,@0+(@1)+3
                 	.ENDM
                 
                 	.MACRO __PUTB1MN
                 	STS  @0+(@1),R30
                 	.ENDM
                 
                 	.MACRO __PUTW1MN
                 	STS  @0+(@1),R30
                 	STS  @0+(@1)+1,R31
                 	.ENDM
                 
                 	.MACRO __PUTD1MN
                 	STS  @0+(@1),R30
                 	STS  @0+(@1)+1,R31
                 	STS  @0+(@1)+2,R22
                 	STS  @0+(@1)+3,R23
                 	.ENDM
                 
                 	.MACRO __PUTB1EN
                 	LDI  R26,LOW(@0+(@1))
                 	LDI  R27,HIGH(@0+(@1))
                 	CALL __EEPROMWRB
                 	.ENDM
                 
                 	.MACRO __PUTW1EN
                 	LDI  R26,LOW(@0+(@1))
                 	LDI  R27,HIGH(@0+(@1))
                 	CALL __EEPROMWRW
                 	.ENDM
                 
                 	.MACRO __PUTD1EN
                 	LDI  R26,LOW(@0+(@1))
                 	LDI  R27,HIGH(@0+(@1))
                 	CALL __EEPROMWRD
                 	.ENDM
                 
                 	.MACRO __PUTBR0MN
                 	STS  @0+(@1),R0
                 	.ENDM
                 
                 	.MACRO __PUTBMRN
                 	STS  @0+(@1),R@2
                 	.ENDM
                 
                 	.MACRO __PUTWMRN
                 	STS  @0+(@1),R@2
                 	STS  @0+(@1)+1,R@3
                 	.ENDM
                 
                 	.MACRO __PUTBZR
                 	STD  Z+@1,R@0
                 	.ENDM
                 
                 	.MACRO __PUTWZR
                 	STD  Z+@2,R@0
                 	STD  Z+@2+1,R@1
                 	.ENDM
                 
                 	.MACRO __GETW1R
                 	MOV  R30,R@0
                 	MOV  R31,R@1
                 	.ENDM
                 
                 	.MACRO __GETW2R
                 	MOV  R26,R@0
                 	MOV  R27,R@1
                 	.ENDM
                 
                 	.MACRO __GETWRN
                 	LDI  R@0,LOW(@2)
                 	LDI  R@1,HIGH(@2)
                 	.ENDM
                 
                 	.MACRO __PUTW1R
                 	MOV  R@0,R30
                 	MOV  R@1,R31
                 	.ENDM
                 
                 	.MACRO __PUTW2R
                 	MOV  R@0,R26
                 	MOV  R@1,R27
                 	.ENDM
                 
                 	.MACRO __ADDWRN
                 	SUBI R@0,LOW(-@2)
                 	SBCI R@1,HIGH(-@2)
                 	.ENDM
                 
                 	.MACRO __ADDWRR
                 	ADD  R@0,R@2
                 	ADC  R@1,R@3
                 	.ENDM
                 
                 	.MACRO __SUBWRN
                 	SUBI R@0,LOW(@2)
                 	SBCI R@1,HIGH(@2)
                 	.ENDM
                 
                 	.MACRO __SUBWRR
                 	SUB  R@0,R@2
                 	SBC  R@1,R@3
                 	.ENDM
                 
                 	.MACRO __ANDWRN
                 	ANDI R@0,LOW(@2)
                 	ANDI R@1,HIGH(@2)
                 	.ENDM
                 
                 	.MACRO __ANDWRR
                 	AND  R@0,R@2
                 	AND  R@1,R@3
                 	.ENDM
                 
                 	.MACRO __ORWRN
                 	ORI  R@0,LOW(@2)
                 	ORI  R@1,HIGH(@2)
                 	.ENDM
                 
                 	.MACRO __ORWRR
                 	OR   R@0,R@2
                 	OR   R@1,R@3
                 	.ENDM
                 
                 	.MACRO __EORWRR
                 	EOR  R@0,R@2
                 	EOR  R@1,R@3
                 	.ENDM
                 
                 	.MACRO __GETWRS
                 	LDD  R@0,Y+@2
                 	LDD  R@1,Y+@2+1
                 	.ENDM
                 
                 	.MACRO __PUTBSR
                 	STD  Y+@1,R@0
                 	.ENDM
                 
                 	.MACRO __PUTWSR
                 	STD  Y+@2,R@0
                 	STD  Y+@2+1,R@1
                 	.ENDM
                 
                 	.MACRO __MOVEWRR
                 	MOV  R@0,R@2
                 	MOV  R@1,R@3
                 	.ENDM
                 
                 	.MACRO __INWR
                 	IN   R@0,@2
                 	IN   R@1,@2+1
                 	.ENDM
                 
                 	.MACRO __OUTWR
                 	OUT  @2+1,R@1
                 	OUT  @2,R@0
                 	.ENDM
                 
                 	.MACRO __CALL1MN
                 	LDS  R30,@0+(@1)
                 	LDS  R31,@0+(@1)+1
                 	ICALL
                 	.ENDM
                 
                 	.MACRO __CALL1FN
                 	LDI  R30,LOW(2*@0+(@1))
                 	LDI  R31,HIGH(2*@0+(@1))
                 	CALL __GETW1PF
                 	ICALL
                 	.ENDM
                 
                 	.MACRO __CALL2EN
                 	PUSH R26
                 	PUSH R27
                 	LDI  R26,LOW(@0+(@1))
                 	LDI  R27,HIGH(@0+(@1))
                 	CALL __EEPROMRDW
                 	POP  R27
                 	POP  R26
                 	ICALL
                 	.ENDM
                 
                 	.MACRO __CALL2EX
                 	SUBI R26,LOW(-@0)
                 	SBCI R27,HIGH(-@0)
                 	CALL __EEPROMRDD
                 	ICALL
                 	.ENDM
                 
                 	.MACRO __GETW1STACK
                 	IN   R30,SPL
                 	IN   R31,SPH
                 	ADIW R30,@0+1
                 	LD   R0,Z+
                 	LD   R31,Z
                 	MOV  R30,R0
                 	.ENDM
                 
                 	.MACRO __GETD1STACK
                 	IN   R30,SPL
                 	IN   R31,SPH
                 	ADIW R30,@0+1
                 	LD   R0,Z+
                 	LD   R1,Z+
                 	LD   R22,Z
                 	MOVW R30,R0
                 	.ENDM
                 
                 	.MACRO __NBST
                 	BST  R@0,@1
                 	IN   R30,SREG
                 	LDI  R31,0x40
                 	EOR  R30,R31
                 	OUT  SREG,R30
                 	.ENDM
                 
                 
                 	.MACRO __PUTB1SN
                 	LDD  R26,Y+@0
                 	LDD  R27,Y+@0+1
                 	SUBI R26,LOW(-@1)
                 	SBCI R27,HIGH(-@1)
                 	ST   X,R30
                 	.ENDM
                 
                 	.MACRO __PUTW1SN
                 	LDD  R26,Y+@0
                 	LDD  R27,Y+@0+1
                 	SUBI R26,LOW(-@1)
                 	SBCI R27,HIGH(-@1)
                 	ST   X+,R30
                 	ST   X,R31
                 	.ENDM
                 
                 	.MACRO __PUTD1SN
                 	LDD  R26,Y+@0
                 	LDD  R27,Y+@0+1
                 	SUBI R26,LOW(-@1)
                 	SBCI R27,HIGH(-@1)
                 	CALL __PUTDP1
                 	.ENDM
                 
                 	.MACRO __PUTB1SNS
                 	LDD  R26,Y+@0
                 	LDD  R27,Y+@0+1
                 	ADIW R26,@1
                 	ST   X,R30
                 	.ENDM
                 
                 	.MACRO __PUTW1SNS
                 	LDD  R26,Y+@0
                 	LDD  R27,Y+@0+1
                 	ADIW R26,@1
                 	ST   X+,R30
                 	ST   X,R31
                 	.ENDM
                 
                 	.MACRO __PUTD1SNS
                 	LDD  R26,Y+@0
                 	LDD  R27,Y+@0+1
                 	ADIW R26,@1
                 	CALL __PUTDP1
                 	.ENDM
                 
                 	.MACRO __PUTB1PMN
                 	LDS  R26,@0
                 	LDS  R27,@0+1
                 	SUBI R26,LOW(-@1)
                 	SBCI R27,HIGH(-@1)
                 	ST   X,R30
                 	.ENDM
                 
                 	.MACRO __PUTW1PMN
                 	LDS  R26,@0
                 	LDS  R27,@0+1
                 	SUBI R26,LOW(-@1)
                 	SBCI R27,HIGH(-@1)
                 	ST   X+,R30
                 	ST   X,R31
                 	.ENDM
                 
                 	.MACRO __PUTD1PMN
                 	LDS  R26,@0
                 	LDS  R27,@0+1
                 	SUBI R26,LOW(-@1)
                 	SBCI R27,HIGH(-@1)
                 	CALL __PUTDP1
                 	.ENDM
                 
                 	.MACRO __PUTB1PMNS
                 	LDS  R26,@0
                 	LDS  R27,@0+1
                 	ADIW R26,@1
                 	ST   X,R30
                 	.ENDM
                 
                 	.MACRO __PUTW1PMNS
                 	LDS  R26,@0
                 	LDS  R27,@0+1
                 	ADIW R26,@1
                 	ST   X+,R30
                 	ST   X,R31
                 	.ENDM
                 
                 	.MACRO __PUTD1PMNS
                 	LDS  R26,@0
                 	LDS  R27,@0+1
                 	ADIW R26,@1
                 	CALL __PUTDP1
                 	.ENDM
                 
                 	.MACRO __PUTB1RN
                 	MOVW R26,R@0
                 	SUBI R26,LOW(-@1)
                 	SBCI R27,HIGH(-@1)
                 	ST   X,R30
                 	.ENDM
                 
                 	.MACRO __PUTW1RN
                 	MOVW R26,R@0
                 	SUBI R26,LOW(-@1)
                 	SBCI R27,HIGH(-@1)
                 	ST   X+,R30
                 	ST   X,R31
                 	.ENDM
                 
                 	.MACRO __PUTD1RN
                 	MOVW R26,R@0
                 	SUBI R26,LOW(-@1)
                 	SBCI R27,HIGH(-@1)
                 	CALL __PUTDP1
                 	.ENDM
                 
                 	.MACRO __PUTB1RNS
                 	MOVW R26,R@0
                 	ADIW R26,@1
                 	ST   X,R30
                 	.ENDM
                 
                 	.MACRO __PUTW1RNS
                 	MOVW R26,R@0
                 	ADIW R26,@1
                 	ST   X+,R30
                 	ST   X,R31
                 	.ENDM
                 
                 	.MACRO __PUTD1RNS
                 	MOVW R26,R@0
                 	ADIW R26,@1
                 	CALL __PUTDP1
                 	.ENDM
                 
                 	.MACRO __PUTB1RON
                 	MOV  R26,R@0
                 	MOV  R27,R@1
                 	SUBI R26,LOW(-@2)
                 	SBCI R27,HIGH(-@2)
                 	ST   X,R30
                 	.ENDM
                 
                 	.MACRO __PUTW1RON
                 	MOV  R26,R@0
                 	MOV  R27,R@1
                 	SUBI R26,LOW(-@2)
                 	SBCI R27,HIGH(-@2)
                 	ST   X+,R30
                 	ST   X,R31
                 	.ENDM
                 
                 	.MACRO __PUTD1RON
                 	MOV  R26,R@0
                 	MOV  R27,R@1
                 	SUBI R26,LOW(-@2)
                 	SBCI R27,HIGH(-@2)
                 	CALL __PUTDP1
                 	.ENDM
                 
                 	.MACRO __PUTB1RONS
                 	MOV  R26,R@0
                 	MOV  R27,R@1
                 	ADIW R26,@2
                 	ST   X,R30
                 	.ENDM
                 
                 	.MACRO __PUTW1RONS
                 	MOV  R26,R@0
                 	MOV  R27,R@1
                 	ADIW R26,@2
                 	ST   X+,R30
                 	ST   X,R31
                 	.ENDM
                 
                 	.MACRO __PUTD1RONS
                 	MOV  R26,R@0
                 	MOV  R27,R@1
                 	ADIW R26,@2
                 	CALL __PUTDP1
                 	.ENDM
                 
                 
                 	.MACRO __GETB1SX
                 	MOVW R30,R28
                 	SUBI R30,LOW(-@0)
                 	SBCI R31,HIGH(-@0)
                 	LD   R30,Z
                 	.ENDM
                 
                 	.MACRO __GETB1HSX
                 	MOVW R30,R28
                 	SUBI R30,LOW(-@0)
                 	SBCI R31,HIGH(-@0)
                 	LD   R31,Z
                 	.ENDM
                 
                 	.MACRO __GETW1SX
                 	MOVW R30,R28
                 	SUBI R30,LOW(-@0)
                 	SBCI R31,HIGH(-@0)
                 	LD   R0,Z+
                 	LD   R31,Z
                 	MOV  R30,R0
                 	.ENDM
                 
                 	.MACRO __GETD1SX
                 	MOVW R30,R28
                 	SUBI R30,LOW(-@0)
                 	SBCI R31,HIGH(-@0)
                 	LD   R0,Z+
                 	LD   R1,Z+
                 	LD   R22,Z+
                 	LD   R23,Z
                 	MOVW R30,R0
                 	.ENDM
                 
                 	.MACRO __GETB2SX
                 	MOVW R26,R28
                 	SUBI R26,LOW(-@0)
                 	SBCI R27,HIGH(-@0)
                 	LD   R26,X
                 	.ENDM
                 
                 	.MACRO __GETW2SX
                 	MOVW R26,R28
                 	SUBI R26,LOW(-@0)
                 	SBCI R27,HIGH(-@0)
                 	LD   R0,X+
                 	LD   R27,X
                 	MOV  R26,R0
                 	.ENDM
                 
                 	.MACRO __GETD2SX
                 	MOVW R26,R28
                 	SUBI R26,LOW(-@0)
                 	SBCI R27,HIGH(-@0)
                 	LD   R0,X+
                 	LD   R1,X+
                 	LD   R24,X+
                 	LD   R25,X
                 	MOVW R26,R0
                 	.ENDM
                 
                 	.MACRO __GETBRSX
                 	MOVW R30,R28
                 	SUBI R30,LOW(-@1)
                 	SBCI R31,HIGH(-@1)
                 	LD   R@0,Z
                 	.ENDM
                 
                 	.MACRO __GETWRSX
                 	MOVW R30,R28
                 	SUBI R30,LOW(-@2)
                 	SBCI R31,HIGH(-@2)
                 	LD   R@0,Z+
                 	LD   R@1,Z
                 	.ENDM
                 
                 	.MACRO __GETBRSX2
                 	MOVW R26,R28
                 	SUBI R26,LOW(-@1)
                 	SBCI R27,HIGH(-@1)
                 	LD   R@0,X
                 	.ENDM
                 
                 	.MACRO __GETWRSX2
                 	MOVW R26,R28
                 	SUBI R26,LOW(-@2)
                 	SBCI R27,HIGH(-@2)
                 	LD   R@0,X+
                 	LD   R@1,X
                 	.ENDM
                 
                 	.MACRO __LSLW8SX
                 	MOVW R30,R28
                 	SUBI R30,LOW(-@0)
                 	SBCI R31,HIGH(-@0)
                 	LD   R31,Z
                 	CLR  R30
                 	.ENDM
                 
                 	.MACRO __PUTB1SX
                 	MOVW R26,R28
                 	SUBI R26,LOW(-@0)
                 	SBCI R27,HIGH(-@0)
                 	ST   X,R30
                 	.ENDM
                 
                 	.MACRO __PUTW1SX
                 	MOVW R26,R28
                 	SUBI R26,LOW(-@0)
                 	SBCI R27,HIGH(-@0)
                 	ST   X+,R30
                 	ST   X,R31
                 	.ENDM
                 
                 	.MACRO __PUTD1SX
                 	MOVW R26,R28
                 	SUBI R26,LOW(-@0)
                 	SBCI R27,HIGH(-@0)
                 	ST   X+,R30
                 	ST   X+,R31
                 	ST   X+,R22
                 	ST   X,R23
                 	.ENDM
                 
                 	.MACRO __CLRW1SX
                 	MOVW R26,R28
                 	SUBI R26,LOW(-@0)
                 	SBCI R27,HIGH(-@0)
                 	ST   X+,R30
                 	ST   X,R30
                 	.ENDM
                 
                 	.MACRO __CLRD1SX
                 	MOVW R26,R28
                 	SUBI R26,LOW(-@0)
                 	SBCI R27,HIGH(-@0)
                 	ST   X+,R30
                 	ST   X+,R30
                 	ST   X+,R30
                 	ST   X,R30
                 	.ENDM
                 
                 	.MACRO __PUTB2SX
                 	MOVW R30,R28
                 	SUBI R30,LOW(-@0)
                 	SBCI R31,HIGH(-@0)
                 	ST   Z,R26
                 	.ENDM
                 
                 	.MACRO __PUTW2SX
                 	MOVW R30,R28
                 	SUBI R30,LOW(-@0)
                 	SBCI R31,HIGH(-@0)
                 	ST   Z+,R26
                 	ST   Z,R27
                 	.ENDM
                 
                 	.MACRO __PUTD2SX
                 	MOVW R30,R28
                 	SUBI R30,LOW(-@0)
                 	SBCI R31,HIGH(-@0)
                 	ST   Z+,R26
                 	ST   Z+,R27
                 	ST   Z+,R24
                 	ST   Z,R25
                 	.ENDM
                 
                 	.MACRO __PUTBSRX
                 	MOVW R30,R28
                 	SUBI R30,LOW(-@1)
                 	SBCI R31,HIGH(-@1)
                 	ST   Z,R@0
                 	.ENDM
                 
                 	.MACRO __PUTWSRX
                 	MOVW R30,R28
                 	SUBI R30,LOW(-@2)
                 	SBCI R31,HIGH(-@2)
                 	ST   Z+,R@0
                 	ST   Z,R@1
                 	.ENDM
                 
                 	.MACRO __PUTB1SNX
                 	MOVW R26,R28
                 	SUBI R26,LOW(-@0)
                 	SBCI R27,HIGH(-@0)
                 	LD   R0,X+
                 	LD   R27,X
                 	MOV  R26,R0
                 	SUBI R26,LOW(-@1)
                 	SBCI R27,HIGH(-@1)
                 	ST   X,R30
                 	.ENDM
                 
                 	.MACRO __PUTW1SNX
                 	MOVW R26,R28
                 	SUBI R26,LOW(-@0)
                 	SBCI R27,HIGH(-@0)
                 	LD   R0,X+
                 	LD   R27,X
                 	MOV  R26,R0
                 	SUBI R26,LOW(-@1)
                 	SBCI R27,HIGH(-@1)
                 	ST   X+,R30
                 	ST   X,R31
                 	.ENDM
                 
                 	.MACRO __PUTD1SNX
                 	MOVW R26,R28
                 	SUBI R26,LOW(-@0)
                 	SBCI R27,HIGH(-@0)
                 	LD   R0,X+
                 	LD   R27,X
                 	MOV  R26,R0
                 	SUBI R26,LOW(-@1)
                 	SBCI R27,HIGH(-@1)
                 	ST   X+,R30
                 	ST   X+,R31
                 	ST   X+,R22
                 	ST   X,R23
                 	.ENDM
                 
                 	.MACRO __MULBRR
                 	MULS R@0,R@1
                 	MOVW R30,R0
                 	.ENDM
                 
                 	.MACRO __MULBRRU
                 	MUL  R@0,R@1
                 	MOVW R30,R0
                 	.ENDM
                 
                 	.MACRO __MULBRR0
                 	MULS R@0,R@1
                 	.ENDM
                 
                 	.MACRO __MULBRRU0
                 	MUL  R@0,R@1
                 	.ENDM
                 
                 	.MACRO __MULBNWRU
                 	LDI  R26,@2
                 	MUL  R26,R@0
                 	MOVW R30,R0
                 	MUL  R26,R@1
                 	ADD  R31,R0
                 	.ENDM
                 
                 ;NAME DEFINITIONS FOR GLOBAL VARIABLES ALLOCATED TO REGISTERS
                 	.DEF _value=R4
                 	.DEF _value_msb=R5
                 	.DEF _key=R6
                 	.DEF _key_msb=R7
                 	.DEF __lcd_x=R9
                 	.DEF __lcd_y=R8
                 	.DEF __lcd_maxx=R11
                 
                 	.CSEG
                 	.ORG 0x00
                 
                 ;START OF CODE MARKER
                 __START_OF_CODE:
                 
                 ;INTERRUPT VECTORS
000000 940c 0054 	JMP  __RESET
000002 940c 0000 	JMP  0x00
000004 940c 0000 	JMP  0x00
000006 940c 0000 	JMP  0x00
000008 940c 0000 	JMP  0x00
00000a 940c 0000 	JMP  0x00
00000c 940c 0000 	JMP  0x00
00000e 940c 0000 	JMP  0x00
000010 940c 0000 	JMP  0x00
000012 940c 0000 	JMP  0x00
000014 940c 0000 	JMP  0x00
000016 940c 0000 	JMP  0x00
000018 940c 0000 	JMP  0x00
00001a 940c 0000 	JMP  0x00
00001c 940c 0000 	JMP  0x00
00001e 940c 0000 	JMP  0x00
000020 940c 0000 	JMP  0x00
000022 940c 0000 	JMP  0x00
000024 940c 0000 	JMP  0x00
000026 940c 0000 	JMP  0x00
000028 940c 0000 	JMP  0x00
00002a 940c 0000 	JMP  0x00
00002c 940c 0000 	JMP  0x00
00002e 940c 0000 	JMP  0x00
000030 940c 0000 	JMP  0x00
000032 940c 0000 	JMP  0x00
000034 940c 0000 	JMP  0x00
000036 940c 0000 	JMP  0x00
000038 940c 0000 	JMP  0x00
00003a 940c 0000 	JMP  0x00
00003c 940c 0000 	JMP  0x00
00003e 940c 0000 	JMP  0x00
000040 940c 0000 	JMP  0x00
000042 940c 0000 	JMP  0x00
000044 940c 0000 	JMP  0x00
                 
                 _tbl10_G101:
000046 2710
000047 03e8
000048 0064
000049 000a      	.DB  0x10,0x27,0xE8,0x3,0x64,0x0,0xA,0x0
00004a 0001      	.DB  0x1,0x0
                 _tbl16_G101:
00004b 1000
00004c 0100
00004d 0010
00004e 0001      	.DB  0x0,0x10,0x0,0x1,0x10,0x0,0x1,0x0
                 
                 _0x2000003:
00004f c080      	.DB  0x80,0xC0
                 
                 __GLOBAL_INI_TBL:
000050 0002      	.DW  0x02
000051 0500      	.DW  __base_y_G100
000052 009e      	.DW  _0x2000003*2
                 
                 _0xFFFFFFFF:
000053 0000      	.DW  0
                 
                 #define __GLOBAL_INI_TBL_PRESENT 1
                 
                 __RESET:
000054 94f8      	CLI
000055 27ee      	CLR  R30
000056 bbec      	OUT  EECR,R30
                 
                 ;INTERRUPT VECTORS ARE PLACED
                 ;AT THE START OF FLASH
000057 e0f1      	LDI  R31,1
000058 bff5      	OUT  MCUCR,R31
000059 bfe5      	OUT  MCUCR,R30
00005a 93e0 006c 	STS  XMCRB,R30
                 
                 ;CLEAR R2-R14
00005c e08d      	LDI  R24,(14-2)+1
00005d e0a2      	LDI  R26,2
00005e 27bb      	CLR  R27
                 __CLEAR_REG:
00005f 93ed      	ST   X+,R30
000060 958a      	DEC  R24
000061 f7e9      	BRNE __CLEAR_REG
                 
                 ;CLEAR SRAM
000062 e080      	LDI  R24,LOW(__CLEAR_SRAM_SIZE)
000063 e190      	LDI  R25,HIGH(__CLEAR_SRAM_SIZE)
000064 e0a0      	LDI  R26,LOW(__SRAM_START)
000065 e0b1      	LDI  R27,HIGH(__SRAM_START)
                 __CLEAR_SRAM:
000066 93ed      	ST   X+,R30
000067 9701      	SBIW R24,1
000068 f7e9      	BRNE __CLEAR_SRAM
                 
                 ;GLOBAL VARIABLES INITIALIZATION
000069 eae0      	LDI  R30,LOW(__GLOBAL_INI_TBL*2)
00006a e0f0      	LDI  R31,HIGH(__GLOBAL_INI_TBL*2)
                 __GLOBAL_INI_NEXT:
00006b 9185      	LPM  R24,Z+
00006c 9195      	LPM  R25,Z+
00006d 9700      	SBIW R24,0
00006e f061      	BREQ __GLOBAL_INI_END
00006f 91a5      	LPM  R26,Z+
000070 91b5      	LPM  R27,Z+
000071 9005      	LPM  R0,Z+
000072 9015      	LPM  R1,Z+
000073 01bf      	MOVW R22,R30
000074 01f0      	MOVW R30,R0
                 __GLOBAL_INI_LOOP:
000075 9005      	LPM  R0,Z+
000076 920d      	ST   X+,R0
000077 9701      	SBIW R24,1
000078 f7e1      	BRNE __GLOBAL_INI_LOOP
000079 01fb      	MOVW R30,R22
00007a cff0      	RJMP __GLOBAL_INI_NEXT
                 __GLOBAL_INI_END:
                 
00007b bf8b      	OUT  RAMPZ,R24
                 
                 ;HARDWARE STACK POINTER INITIALIZATION
00007c efef      	LDI  R30,LOW(__SRAM_END-__HEAP_SIZE)
00007d bfed      	OUT  SPL,R30
00007e e1e0      	LDI  R30,HIGH(__SRAM_END-__HEAP_SIZE)
00007f bfee      	OUT  SPH,R30
                 
                 ;DATA STACK POINTER INITIALIZATION
000080 e0c0      	LDI  R28,LOW(__SRAM_START+__DSTACK_SIZE)
000081 e0d5      	LDI  R29,HIGH(__SRAM_START+__DSTACK_SIZE)
                 
000082 940c 00a0 	JMP  _main
                 
                 	.ESEG
                 	.ORG 0
                 
                 	.DSEG
                 	.ORG 0x500
                 
                 	.CSEG
                 ;/*
                 ; * pwm.c
                 ; *
                 ; * Created: 2016-08-30 오후 2:57:19
                 ; * Author: 김경식007
                 ; */
                 ;
                 ;#include <io.h>
                 	#ifndef __SLEEP_DEFINED__
                 	#define __SLEEP_DEFINED__
                 	.EQU __se_bit=0x20
                 	.EQU __sm_mask=0x1C
                 	.EQU __sm_powerdown=0x10
                 	.EQU __sm_powersave=0x18
                 	.EQU __sm_standby=0x14
                 	.EQU __sm_ext_standby=0x1C
                 	.EQU __sm_adc_noise_red=0x08
                 	.SET power_ctrl_reg=mcucr
                 	#endif
                 ;#include <delay.h>
                 ;#include <lcd.h>
                 ;#include <stdio.h>
                 ;
                 ;#asm
                     .equ __lcd_port = 0x1b
                 ; 0000 000F #endasm
                 ;
                 ;void SetTimer1(short A, short B){
                 ; 0000 0011 void SetTimer1(short A, short B){
                 
                 	.CSEG
                 _SetTimer1:
                 ; .FSTART _SetTimer1
                 ; 0000 0012     OCR1AL = ((A << 8) >> 16);
000084 d07e      	RCALL SUBOPT_0x0
                 ;	A -> R18,R19
                 ;	B -> R16,R17
000085 bdea      	OUT  0x2A,R30
                 ; 0000 0013     OCR1AH = (A >> 8);
000086 01f9      	MOVW R30,R18
000087 d0c0      	RCALL __ASRW8
000088 bdeb      	OUT  0x2B,R30
                 ; 0000 0014     OCR1BL = ((B << 8) >> 16);
000089 d083      	RCALL SUBOPT_0x1
00008a bde8      	OUT  0x28,R30
                 ; 0000 0015     OCR1BH = (B >> 8);
00008b 01f8      	MOVW R30,R16
00008c d0bb      	RCALL __ASRW8
00008d bde9      	OUT  0x29,R30
                 ; 0000 0016 }
00008e c00e      	RJMP _0x2080001
                 ; .FEND
                 ;
                 ;void SetTimer3(short A, short B){
                 ; 0000 0018 void SetTimer3(short A, short B){
                 _SetTimer3:
                 ; .FSTART _SetTimer3
                 ; 0000 0019     OCR3AL = ((A << 8) >> 16);
00008f d073      	RCALL SUBOPT_0x0
                 ;	A -> R18,R19
                 ;	B -> R16,R17
000090 93e0 0086 	STS  134,R30
                 ; 0000 001A     OCR3AH = (A >> 8);
000092 01f9      	MOVW R30,R18
000093 d0b4      	RCALL __ASRW8
000094 93e0 0087 	STS  135,R30
                 ; 0000 001B     OCR3BL = ((B << 8) >> 16);
000096 d076      	RCALL SUBOPT_0x1
000097 93e0 0084 	STS  132,R30
                 ; 0000 001C     OCR3BH = (B >> 8);
000099 01f8      	MOVW R30,R16
00009a d0ad      	RCALL __ASRW8
00009b 93e0 0085 	STS  133,R30
                 ; 0000 001D }
                 _0x2080001:
00009d d099      	RCALL __LOADLOCR4
00009e 9626      	ADIW R28,6
00009f 9508      	RET
                 ; .FEND
                 ;
                 ;char str_value[16];
                 ;int value, key;
                 ;void main(void){
                 ; 0000 0021 void main(void){
                 _main:
                 ; .FSTART _main
                 ; 0000 0022     DDRF = 0xf0;
0000a0 efe0      	LDI  R30,LOW(240)
0000a1 93e0 0061 	STS  97,R30
                 ; 0000 0023     DDRA = DDRE = DDRB = 0xff;
0000a3 efef      	LDI  R30,LOW(255)
0000a4 bbe7      	OUT  0x17,R30
0000a5 b9e2      	OUT  0x2,R30
0000a6 bbea      	OUT  0x1A,R30
                 ; 0000 0024 //    TCCR0 = 0x7d;
                 ; 0000 0025     TCCR1A = 0xa3;
0000a7 eae3      	LDI  R30,LOW(163)
0000a8 bdef      	OUT  0x2F,R30
                 ; 0000 0026     TCCR1B = 0x05;
0000a9 e0e5      	LDI  R30,LOW(5)
0000aa bdee      	OUT  0x2E,R30
                 ; 0000 0027     TCCR3A = 0xa3;
0000ab eae3      	LDI  R30,LOW(163)
0000ac 93e0 008b 	STS  139,R30
                 ; 0000 0028     TCCR3B = 0x05;
0000ae e0e5      	LDI  R30,LOW(5)
0000af 93e0 008a 	STS  138,R30
                 ; 0000 0029     SREG = 0x80;
0000b1 e8e0      	LDI  R30,LOW(128)
0000b2 bfef      	OUT  0x3F,R30
                 ; 0000 002A     ADCSRA = 0x87;
0000b3 e8e7      	LDI  R30,LOW(135)
0000b4 b9e6      	OUT  0x6,R30
                 ; 0000 002B     //OCR0 = 0; // 정지
                 ; 0000 002C     SetTimer3(0,0);
0000b5 d05d      	RCALL SUBOPT_0x2
0000b6 dfd8      	RCALL _SetTimer3
                 ; 0000 002D     SetTimer1(0,0);
0000b7 d05b      	RCALL SUBOPT_0x2
0000b8 dfcb      	RCALL _SetTimer1
                 ; 0000 002E 
                 ; 0000 002F     //lcd_init(16);
                 ; 0000 0030     //lcd_clear();
                 ; 0000 0031     //lcd_gotoxy(6,1);
                 ; 0000 0032     while (1){
                 _0x3:
                 ; 0000 0033         ADMUX = 0x00;
0000b9 e0e0      	LDI  R30,LOW(0)
0000ba b9e7      	OUT  0x7,R30
                 ; 0000 0034         ADCSRA=ADCSRA|0x40; //ADSC=1변환 시작
0000bb 9a36      	SBI  0x6,6
                 ; 0000 0035         while((ADCSRA&0x10)==0); //ADIF=1이 될떄까지
                 _0x6:
0000bc 9b34      	SBIS 0x6,4
0000bd cffe      	RJMP _0x6
                 ; 0000 0036         value = (int)((((int)ADCL+((int)ADCH<<8))/1024.0)*254); //A/D변환값 읽기
0000be d05b      	RCALL SUBOPT_0x3
0000bf 012f      	MOVW R4,R30
                 ; 0000 0037 
                 ; 0000 0038         ADMUX = 0x01;
0000c0 e0e1      	LDI  R30,LOW(1)
0000c1 b9e7      	OUT  0x7,R30
                 ; 0000 0039         ADCSRA=ADCSRA|0x40; //ADSC=1변환 시작
0000c2 9a36      	SBI  0x6,6
                 ; 0000 003A         while((ADCSRA&0x10)==0); //ADIF=1이 될떄까지
                 _0x9:
0000c3 9b34      	SBIS 0x6,4
0000c4 cffe      	RJMP _0x9
                 ; 0000 003B         key = (int)((((int)ADCL+((int)ADCH<<8))/1024.0)*254); //A/D변환값 읽기
0000c5 d054      	RCALL SUBOPT_0x3
0000c6 013f      	MOVW R6,R30
                 ; 0000 003C 
                 ; 0000 003D         //SetTimer1(255 * 255, 0);
                 ; 0000 003E         //SetTimer3(0, 30000);
                 ; 0000 003F 
                 ; 0000 0040         OCR1A = value * value;
0000c7 01f2      	MOVW R30,R4
0000c8 01d2      	MOVW R26,R4
0000c9 d090      	RCALL __MULW12
0000ca bdfb      	OUT  0x2A+1,R31
0000cb bdea      	OUT  0x2A,R30
                 ; 0000 0041         OCR1B = 0;
0000cc e0e0      	LDI  R30,LOW(0)
0000cd e0f0      	LDI  R31,HIGH(0)
0000ce bdf9      	OUT  0x28+1,R31
0000cf bde8      	OUT  0x28,R30
                 ; 0000 0042         if(key > 128){
0000d0 e8e0      	LDI  R30,LOW(128)
0000d1 e0f0      	LDI  R31,HIGH(128)
0000d2 15e6      	CP   R30,R6
0000d3 05f7      	CPC  R31,R7
0000d4 f45c      	BRGE _0xC
                 ; 0000 0043             OCR3BH = OCR1AH;
0000d5 b5eb      	IN   R30,0x2B
0000d6 93e0 0085 	STS  133,R30
                 ; 0000 0044             OCR3BL = OCR1AL;
0000d8 b5ea      	IN   R30,0x2A
0000d9 93e0 0084 	STS  132,R30
                 ; 0000 0045             OCR3AH = OCR1BH;
0000db b5e9      	IN   R30,0x29
0000dc 93e0 0087 	STS  135,R30
                 ; 0000 0046             OCR3AL = OCR1BL;
0000de b5e8      	IN   R30,0x28
0000df c00a      	RJMP _0xF
                 ; 0000 0047         }else{
                 _0xC:
                 ; 0000 0048             OCR3BH = OCR1BH;
0000e0 b5e9      	IN   R30,0x29
0000e1 93e0 0085 	STS  133,R30
                 ; 0000 0049             OCR3BL = OCR1BL;
0000e3 b5e8      	IN   R30,0x28
0000e4 93e0 0084 	STS  132,R30
                 ; 0000 004A             OCR3AH = OCR1AH;
0000e6 b5eb      	IN   R30,0x2B
0000e7 93e0 0087 	STS  135,R30
                 ; 0000 004B             OCR3AL = OCR1AL;
0000e9 b5ea      	IN   R30,0x2A
                 _0xF:
0000ea 93e0 0086 	STS  134,R30
                 ; 0000 004C         }
                 ; 0000 004D 
                 ; 0000 004E         //SetTimer1(100 * 100, 0);
                 ; 0000 004F         //SetTimer3(30000, 0);
                 ; 0000 0050         //lcd_clear();
                 ; 0000 0051         //lcd_gotoxy(6,1);
                 ; 0000 0052         //sprintf(str_value, "%03d, %03d", (255 - value), key);
                 ; 0000 0053         //lcd_puts(str_value);
                 ; 0000 0054    }
0000ec cfcc      	RJMP _0x3
                 ; 0000 0055 }
                 _0xE:
0000ed cfff      	RJMP _0xE
                 ; .FEND
                 	#ifndef __SLEEP_DEFINED__
                 	#endif
                     .equ __lcd_direction=__lcd_port-1
                     .equ __lcd_pin=__lcd_port-2
                     .equ __lcd_rs=0
                     .equ __lcd_rd=1
                     .equ __lcd_enable=2
                     .equ __lcd_busy_flag=7
                 
                 	.DSEG
                 
                 	.CSEG
                 __lcd_delay_G100:
                 ; .FSTART __lcd_delay_G100
0000ee e0ff          ldi   r31,15
                 __lcd_delay0:
0000ef 95fa          dec   r31
0000f0 f7f1          brne  __lcd_delay0
0000f1 9508      	RET
                 ; .FEND
                 __lcd_ready:
                 ; .FSTART __lcd_ready
0000f2 b3aa          in    r26,__lcd_direction
0000f3 70af          andi  r26,0xf                 ;set as input
0000f4 bbaa          out   __lcd_direction,r26
0000f5 9ad9          sbi   __lcd_port,__lcd_rd     ;RD=1
0000f6 98d8          cbi   __lcd_port,__lcd_rs     ;RS=0
                 __lcd_busy:
0000f7 dff6      	RCALL __lcd_delay_G100
0000f8 9ada          sbi   __lcd_port,__lcd_enable ;EN=1
0000f9 dff4      	RCALL __lcd_delay_G100
0000fa b3a9          in    r26,__lcd_pin
0000fb 98da          cbi   __lcd_port,__lcd_enable ;EN=0
0000fc dff1      	RCALL __lcd_delay_G100
0000fd 9ada          sbi   __lcd_port,__lcd_enable ;EN=1
0000fe dfef      	RCALL __lcd_delay_G100
0000ff 98da          cbi   __lcd_port,__lcd_enable ;EN=0
000100 fda7          sbrc  r26,__lcd_busy_flag
000101 cff5          rjmp  __lcd_busy
000102 9508      	RET
                 ; .FEND
                 	#ifndef __SLEEP_DEFINED__
                 	#endif
                 
                 	.CSEG
                 
                 	.CSEG
                 
                 	.CSEG
                 
                 	.DSEG
                 __base_y_G100:
000500           	.BYTE 0x4
                 
                 	.CSEG
                 ;OPTIMIZER ADDED SUBROUTINE, CALLED 2 TIMES, CODE SIZE REDUCTION:6 WORDS
                 SUBOPT_0x0:
000103 d02e      	RCALL __SAVELOCR4
000104 018d      	MOVW R16,R26
                +
000105 812c     +LDD R18 , Y + 4
000106 813d     +LDD R19 , Y + 4 + 1
                 	__GETWRS 18,19,4
000107 2ff2      	MOV  R31,R18
000108 e0e0      	LDI  R30,LOW(0)
000109 0fff      	LSL  R31
00010a 0bee      	SBC  R30,R30
00010b 0bff      	SBC  R31,R31
00010c 9508      	RET
                 
                 ;OPTIMIZER ADDED SUBROUTINE, CALLED 2 TIMES, CODE SIZE REDUCTION:2 WORDS
                 SUBOPT_0x1:
00010d 2ff0      	MOV  R31,R16
00010e e0e0      	LDI  R30,LOW(0)
00010f 0fff      	LSL  R31
000110 0bee      	SBC  R30,R30
000111 0bff      	SBC  R31,R31
000112 9508      	RET
                 
                 ;OPTIMIZER ADDED SUBROUTINE, CALLED 2 TIMES, CODE SIZE REDUCTION:3 WORDS
                 SUBOPT_0x2:
000113 e0e0      	LDI  R30,LOW(0)
000114 e0f0      	LDI  R31,HIGH(0)
000115 93fa      	ST   -Y,R31
000116 93ea      	ST   -Y,R30
000117 e0a0      	LDI  R26,LOW(0)
000118 e0b0      	LDI  R27,0
000119 9508      	RET
                 
                 ;OPTIMIZER ADDED SUBROUTINE, CALLED 2 TIMES, CODE SIZE REDUCTION:21 WORDS
                 SUBOPT_0x3:
00011a b1e4      	IN   R30,0x4
00011b e0f0      	LDI  R31,0
00011c 01df      	MOVW R26,R30
00011d b1e5      	IN   R30,0x5
00011e 2ffe      	MOV  R31,R30
00011f e0e0      	LDI  R30,0
000120 0fea      	ADD  R30,R26
000121 1ffb      	ADC  R31,R27
000122 d02a      	RCALL __CWD1
000123 d0af      	RCALL __CDF1
000124 01df      	MOVW R26,R30
000125 01cb      	MOVW R24,R22
                +
000126 e0e0     +LDI R30 , LOW ( 0x44800000 )
000127 e0f0     +LDI R31 , HIGH ( 0x44800000 )
000128 e860     +LDI R22 , BYTE3 ( 0x44800000 )
000129 e474     +LDI R23 , BYTE4 ( 0x44800000 )
                 	__GETD1N 0x44800000
00012a d123      	RCALL __DIVF21
                +
00012b e0a0     +LDI R26 , LOW ( 0x437E0000 )
00012c e0b0     +LDI R27 , HIGH ( 0x437E0000 )
00012d e78e     +LDI R24 , BYTE3 ( 0x437E0000 )
00012e e493     +LDI R25 , BYTE4 ( 0x437E0000 )
                 	__GETD2N 0x437E0000
00012f d0d0      	RCALL __MULF12
000130 d06b      	RCALL __CFD1
000131 9508      	RET
                 
                 ;RUNTIME LIBRARY
                 
                 	.CSEG
                 __SAVELOCR4:
000132 933a      	ST   -Y,R19
                 __SAVELOCR3:
000133 932a      	ST   -Y,R18
                 __SAVELOCR2:
000134 931a      	ST   -Y,R17
000135 930a      	ST   -Y,R16
000136 9508      	RET
                 
                 __LOADLOCR4:
000137 813b      	LDD  R19,Y+3
                 __LOADLOCR3:
000138 812a      	LDD  R18,Y+2
                 __LOADLOCR2:
000139 8119      	LDD  R17,Y+1
00013a 8108      	LD   R16,Y
00013b 9508      	RET
                 
                 __ANEGW1:
00013c 95f1      	NEG  R31
00013d 95e1      	NEG  R30
00013e 40f0      	SBCI R31,0
00013f 9508      	RET
                 
                 __ANEGD1:
000140 95f0      	COM  R31
000141 9560      	COM  R22
000142 9570      	COM  R23
000143 95e1      	NEG  R30
000144 4fff      	SBCI R31,-1
000145 4f6f      	SBCI R22,-1
000146 4f7f      	SBCI R23,-1
000147 9508      	RET
                 
                 __ASRW8:
000148 2fef      	MOV  R30,R31
000149 27ff      	CLR  R31
00014a fde7      	SBRC R30,7
00014b efff      	SER  R31
00014c 9508      	RET
                 
                 __CWD1:
00014d 2f6f      	MOV  R22,R31
00014e 0f66      	ADD  R22,R22
00014f 0b66      	SBC  R22,R22
000150 2f76      	MOV  R23,R22
000151 9508      	RET
                 
                 __MULW12U:
000152 9ffa      	MUL  R31,R26
000153 2df0      	MOV  R31,R0
000154 9feb      	MUL  R30,R27
000155 0df0      	ADD  R31,R0
000156 9fea      	MUL  R30,R26
000157 2de0      	MOV  R30,R0
000158 0df1      	ADD  R31,R1
000159 9508      	RET
                 
                 __MULW12:
00015a d004      	RCALL __CHKSIGNW
00015b dff6      	RCALL __MULW12U
00015c f40e      	BRTC __MULW121
00015d dfde      	RCALL __ANEGW1
                 __MULW121:
00015e 9508      	RET
                 
                 __CHKSIGNW:
00015f 94e8      	CLT
000160 fff7      	SBRS R31,7
000161 c002      	RJMP __CHKSW1
000162 dfd9      	RCALL __ANEGW1
000163 9468      	SET
                 __CHKSW1:
000164 ffb7      	SBRS R27,7
000165 c006      	RJMP __CHKSW2
000166 95b1      	NEG  R27
000167 95a1      	NEG  R26
000168 40b0      	SBCI R27,0
000169 f800      	BLD  R0,0
00016a 9403      	INC  R0
00016b fa00      	BST  R0,0
                 __CHKSW2:
00016c 9508      	RET
                 
                 __ROUND_REPACK:
00016d 2355      	TST  R21
00016e f442      	BRPL __REPACK
00016f 3850      	CPI  R21,0x80
000170 f411      	BRNE __ROUND_REPACK0
000171 ffe0      	SBRS R30,0
000172 c004      	RJMP __REPACK
                 __ROUND_REPACK0:
000173 9631      	ADIW R30,1
000174 1f69      	ADC  R22,R25
000175 1f79      	ADC  R23,R25
000176 f06b      	BRVS __REPACK1
                 
                 __REPACK:
000177 e850      	LDI  R21,0x80
000178 2757      	EOR  R21,R23
000179 f411      	BRNE __REPACK0
00017a 935f      	PUSH R21
00017b c073      	RJMP __ZERORES
                 __REPACK0:
00017c 3f5f      	CPI  R21,0xFF
00017d f031      	BREQ __REPACK1
00017e 0f66      	LSL  R22
00017f 0c00      	LSL  R0
000180 9557      	ROR  R21
000181 9567      	ROR  R22
000182 2f75      	MOV  R23,R21
000183 9508      	RET
                 __REPACK1:
000184 935f      	PUSH R21
000185 2000      	TST  R0
000186 f00a      	BRMI __REPACK2
000187 c072      	RJMP __MAXRES
                 __REPACK2:
000188 c06b      	RJMP __MINRES
                 
                 __UNPACK:
000189 e850      	LDI  R21,0x80
00018a 2e19      	MOV  R1,R25
00018b 2215      	AND  R1,R21
00018c 0f88      	LSL  R24
00018d 1f99      	ROL  R25
00018e 2795      	EOR  R25,R21
00018f 0f55      	LSL  R21
000190 9587      	ROR  R24
                 
                 __UNPACK1:
000191 e850      	LDI  R21,0x80
000192 2e07      	MOV  R0,R23
000193 2205      	AND  R0,R21
000194 0f66      	LSL  R22
000195 1f77      	ROL  R23
000196 2775      	EOR  R23,R21
000197 0f55      	LSL  R21
000198 9567      	ROR  R22
000199 9508      	RET
                 
                 __CFD1U:
00019a 9468      	SET
00019b c001      	RJMP __CFD1U0
                 __CFD1:
00019c 94e8      	CLT
                 __CFD1U0:
00019d 935f      	PUSH R21
00019e dff2      	RCALL __UNPACK1
00019f 3870      	CPI  R23,0x80
0001a0 f018      	BRLO __CFD10
0001a1 3f7f      	CPI  R23,0xFF
0001a2 f408      	BRCC __CFD10
0001a3 c04b      	RJMP __ZERORES
                 __CFD10:
0001a4 e156      	LDI  R21,22
0001a5 1b57      	SUB  R21,R23
0001a6 f4aa      	BRPL __CFD11
0001a7 9551      	NEG  R21
0001a8 3058      	CPI  R21,8
0001a9 f40e      	BRTC __CFD19
0001aa 3059      	CPI  R21,9
                 __CFD19:
0001ab f030      	BRLO __CFD17
0001ac efef      	SER  R30
0001ad efff      	SER  R31
0001ae ef6f      	SER  R22
0001af e77f      	LDI  R23,0x7F
0001b0 f977      	BLD  R23,7
0001b1 c01a      	RJMP __CFD15
                 __CFD17:
0001b2 2777      	CLR  R23
0001b3 2355      	TST  R21
0001b4 f0b9      	BREQ __CFD15
                 __CFD18:
0001b5 0fee      	LSL  R30
0001b6 1fff      	ROL  R31
0001b7 1f66      	ROL  R22
0001b8 1f77      	ROL  R23
0001b9 955a      	DEC  R21
0001ba f7d1      	BRNE __CFD18
0001bb c010      	RJMP __CFD15
                 __CFD11:
0001bc 2777      	CLR  R23
                 __CFD12:
0001bd 3058      	CPI  R21,8
0001be f028      	BRLO __CFD13
0001bf 2fef      	MOV  R30,R31
0001c0 2ff6      	MOV  R31,R22
0001c1 2f67      	MOV  R22,R23
0001c2 5058      	SUBI R21,8
0001c3 cff9      	RJMP __CFD12
                 __CFD13:
0001c4 2355      	TST  R21
0001c5 f031      	BREQ __CFD15
                 __CFD14:
0001c6 9576      	LSR  R23
0001c7 9567      	ROR  R22
0001c8 95f7      	ROR  R31
0001c9 95e7      	ROR  R30
0001ca 955a      	DEC  R21
0001cb f7d1      	BRNE __CFD14
                 __CFD15:
0001cc 2000      	TST  R0
0001cd f40a      	BRPL __CFD16
0001ce df71      	RCALL __ANEGD1
                 __CFD16:
0001cf 915f      	POP  R21
0001d0 9508      	RET
                 
                 __CDF1U:
0001d1 9468      	SET
0001d2 c001      	RJMP __CDF1U0
                 __CDF1:
0001d3 94e8      	CLT
                 __CDF1U0:
0001d4 9730      	SBIW R30,0
0001d5 4060      	SBCI R22,0
0001d6 4070      	SBCI R23,0
0001d7 f0b1      	BREQ __CDF10
0001d8 2400      	CLR  R0
0001d9 f026      	BRTS __CDF11
0001da 2377      	TST  R23
0001db f412      	BRPL __CDF11
0001dc 9400      	COM  R0
0001dd df62      	RCALL __ANEGD1
                 __CDF11:
0001de 2e17      	MOV  R1,R23
0001df e17e      	LDI  R23,30
0001e0 2011      	TST  R1
                 __CDF12:
0001e1 f032      	BRMI __CDF13
0001e2 957a      	DEC  R23
0001e3 0fee      	LSL  R30
0001e4 1fff      	ROL  R31
0001e5 1f66      	ROL  R22
0001e6 1c11      	ROL  R1
0001e7 cff9      	RJMP __CDF12
                 __CDF13:
0001e8 2fef      	MOV  R30,R31
0001e9 2ff6      	MOV  R31,R22
0001ea 2d61      	MOV  R22,R1
0001eb 935f      	PUSH R21
0001ec df8a      	RCALL __REPACK
0001ed 915f      	POP  R21
                 __CDF10:
0001ee 9508      	RET
                 
                 __ZERORES:
0001ef 27ee      	CLR  R30
0001f0 27ff      	CLR  R31
0001f1 01bf      	MOVW R22,R30
0001f2 915f      	POP  R21
0001f3 9508      	RET
                 
                 __MINRES:
0001f4 efef      	SER  R30
0001f5 efff      	SER  R31
0001f6 e76f      	LDI  R22,0x7F
0001f7 ef7f      	SER  R23
0001f8 915f      	POP  R21
0001f9 9508      	RET
                 
                 __MAXRES:
0001fa efef      	SER  R30
0001fb efff      	SER  R31
0001fc e76f      	LDI  R22,0x7F
0001fd e77f      	LDI  R23,0x7F
0001fe 915f      	POP  R21
0001ff 9508      	RET
                 
                 __MULF12:
000200 935f      	PUSH R21
000201 df87      	RCALL __UNPACK
000202 3870      	CPI  R23,0x80
000203 f359      	BREQ __ZERORES
000204 3890      	CPI  R25,0x80
000205 f349      	BREQ __ZERORES
000206 2401      	EOR  R0,R1
000207 9408      	SEC
000208 1f79      	ADC  R23,R25
000209 f423      	BRVC __MULF124
00020a f324      	BRLT __ZERORES
                 __MULF125:
00020b 2000      	TST  R0
00020c f33a      	BRMI __MINRES
00020d cfec      	RJMP __MAXRES
                 __MULF124:
00020e 920f      	PUSH R0
00020f 931f      	PUSH R17
000210 932f      	PUSH R18
000211 933f      	PUSH R19
000212 934f      	PUSH R20
000213 2711      	CLR  R17
000214 2722      	CLR  R18
000215 2799      	CLR  R25
000216 9f68      	MUL  R22,R24
000217 01a0      	MOVW R20,R0
000218 9f8f      	MUL  R24,R31
000219 2d30      	MOV  R19,R0
00021a 0d41      	ADD  R20,R1
00021b 1f59      	ADC  R21,R25
00021c 9f6b      	MUL  R22,R27
00021d 0d30      	ADD  R19,R0
00021e 1d41      	ADC  R20,R1
00021f 1f59      	ADC  R21,R25
000220 9f8e      	MUL  R24,R30
000221 d027      	RCALL __MULF126
000222 9fbf      	MUL  R27,R31
000223 d025      	RCALL __MULF126
000224 9f6a      	MUL  R22,R26
000225 d023      	RCALL __MULF126
000226 9fbe      	MUL  R27,R30
000227 d01d      	RCALL __MULF127
000228 9faf      	MUL  R26,R31
000229 d01b      	RCALL __MULF127
00022a 9fae      	MUL  R26,R30
00022b 0d11      	ADD  R17,R1
00022c 1f29      	ADC  R18,R25
00022d 1f39      	ADC  R19,R25
00022e 1f49      	ADC  R20,R25
00022f 1f59      	ADC  R21,R25
000230 2fe3      	MOV  R30,R19
000231 2ff4      	MOV  R31,R20
000232 2f65      	MOV  R22,R21
000233 2f52      	MOV  R21,R18
000234 914f      	POP  R20
000235 913f      	POP  R19
000236 912f      	POP  R18
000237 911f      	POP  R17
000238 900f      	POP  R0
000239 2366      	TST  R22
00023a f02a      	BRMI __MULF122
00023b 0f55      	LSL  R21
00023c 1fee      	ROL  R30
00023d 1fff      	ROL  R31
00023e 1f66      	ROL  R22
00023f c002      	RJMP __MULF123
                 __MULF122:
000240 9573      	INC  R23
000241 f24b      	BRVS __MULF125
                 __MULF123:
000242 df2a      	RCALL __ROUND_REPACK
000243 915f      	POP  R21
000244 9508      	RET
                 
                 __MULF127:
000245 0d10      	ADD  R17,R0
000246 1d21      	ADC  R18,R1
000247 1f39      	ADC  R19,R25
000248 c002      	RJMP __MULF128
                 __MULF126:
000249 0d20      	ADD  R18,R0
00024a 1d31      	ADC  R19,R1
                 __MULF128:
00024b 1f49      	ADC  R20,R25
00024c 1f59      	ADC  R21,R25
00024d 9508      	RET
                 
                 __DIVF21:
00024e 935f      	PUSH R21
00024f df39      	RCALL __UNPACK
000250 3870      	CPI  R23,0x80
000251 f421      	BRNE __DIVF210
000252 2011      	TST  R1
                 __DIVF211:
000253 f40a      	BRPL __DIVF219
000254 cf9f      	RJMP __MINRES
                 __DIVF219:
000255 cfa4      	RJMP __MAXRES
                 __DIVF210:
000256 3890      	CPI  R25,0x80
000257 f409      	BRNE __DIVF218
                 __DIVF217:
000258 cf96      	RJMP __ZERORES
                 __DIVF218:
000259 2401      	EOR  R0,R1
00025a 9408      	SEC
00025b 0b97      	SBC  R25,R23
00025c f41b      	BRVC __DIVF216
00025d f3d4      	BRLT __DIVF217
00025e 2000      	TST  R0
00025f cff3      	RJMP __DIVF211
                 __DIVF216:
000260 2f79      	MOV  R23,R25
000261 931f      	PUSH R17
000262 932f      	PUSH R18
000263 933f      	PUSH R19
000264 934f      	PUSH R20
000265 2411      	CLR  R1
000266 2711      	CLR  R17
000267 2722      	CLR  R18
000268 2733      	CLR  R19
000269 01a9      	MOVW R20,R18
00026a e290      	LDI  R25,32
                 __DIVF212:
00026b 17ae      	CP   R26,R30
00026c 07bf      	CPC  R27,R31
00026d 0786      	CPC  R24,R22
00026e 0741      	CPC  R20,R17
00026f f030      	BRLO __DIVF213
000270 1bae      	SUB  R26,R30
000271 0bbf      	SBC  R27,R31
000272 0b86      	SBC  R24,R22
000273 0b41      	SBC  R20,R17
000274 9408      	SEC
000275 c001      	RJMP __DIVF214
                 __DIVF213:
000276 9488      	CLC
                 __DIVF214:
000277 1f55      	ROL  R21
000278 1f22      	ROL  R18
000279 1f33      	ROL  R19
00027a 1c11      	ROL  R1
00027b 1faa      	ROL  R26
00027c 1fbb      	ROL  R27
00027d 1f88      	ROL  R24
00027e 1f44      	ROL  R20
00027f 959a      	DEC  R25
000280 f751      	BRNE __DIVF212
000281 01f9      	MOVW R30,R18
000282 2d61      	MOV  R22,R1
000283 914f      	POP  R20
000284 913f      	POP  R19
000285 912f      	POP  R18
000286 911f      	POP  R17
000287 2366      	TST  R22
000288 f032      	BRMI __DIVF215
000289 0f55      	LSL  R21
00028a 1fee      	ROL  R30
00028b 1fff      	ROL  R31
00028c 1f66      	ROL  R22
00028d 957a      	DEC  R23
00028e f24b      	BRVS __DIVF217
                 __DIVF215:
00028f dedd      	RCALL __ROUND_REPACK
000290 915f      	POP  R21
000291 9508      	RET
                 
                 ;END OF CODE MARKER
                 __END_OF_CODE:


RESOURCE USE INFORMATION
------------------------

Notice:
The register and instruction counts are symbol table hit counts,
and hence implicitly used resources are not counted, eg, the
'lpm' instruction without operands implicitly uses r0 and z,
none of which are counted.

x,y,z are separate entities in the symbol table and are
counted separately from r26..r31 here.

.dseg memory usage only counts static data declared with .byte

ATmega128A register use summary:
r0 :  28 r1 :  19 r2 :   0 r3 :   0 r4 :   3 r5 :   0 r6 :   2 r7 :   1 
r8 :   0 r9 :   0 r10:   0 r11:   0 r12:   0 r13:   0 r14:   0 r15:   0 
r16:   6 r17:  12 r18:  19 r19:  15 r20:  14 r21:  48 r22:  40 r23:  34 
r24:  18 r25:  25 r26:  24 r27:  16 r28:   2 r29:   1 r30: 116 r31:  56 
x  :   3 y  :  12 z  :   7 
Registers used: 24 out of 35 (68.6%)

ATmega128A instruction use summary:
.lds  :   0 .lds.l:   0 .sts  :   0 .sts.l:   0 adc   :  16 add   :   9 
adiw  :   2 and   :   2 andi  :   1 asr   :   0 bclr  :   0 bld   :   2 
brbc  :   0 brbs  :   0 brcc  :   1 brcs  :   0 break :   0 breq  :   7 
brge  :   1 brhc  :   0 brhs  :   0 brid  :   0 brie  :   0 brlo  :   4 
brlt  :   2 brmi  :   5 brne  :  11 brpl  :   5 brsh  :   0 brtc  :   2 
brts  :   1 brvc  :   2 brvs  :   3 bset  :   0 bst   :   1 call  :   0 
cbi   :   3 cbr   :   0 clc   :   1 clh   :   0 cli   :   1 cln   :   0 
clr   :  15 cls   :   0 clt   :   3 clv   :   0 clz   :   0 com   :   4 
cp    :   2 cpc   :   4 cpi   :  11 cpse  :   0 dec   :   7 des   :   0 
elpm  :   0 eor   :   5 fmul  :   0 fmuls :   0 fmulsu:   0 icall :   0 
ijmp  :   0 in    :  12 inc   :   2 jmp   :  36 ld    :   1 ldd   :   5 
ldi   :  54 lds   :   0 lpm   :   7 lsl   :  12 lsr   :   1 mov   :  25 
movw  :  19 mul   :  12 muls  :   0 mulsu :   0 neg   :   6 nop   :   0 
or    :   0 ori   :   0 out   :  24 pop   :  16 push  :  15 rcall :  43 
ret   :  26 reti  :   0 rjmp  :  29 rol   :  22 ror   :   7 sbc   :   9 
sbci  :   7 sbi   :   5 sbic  :   0 sbis  :   2 sbiw  :   4 sbr   :   0 
sbrc  :   2 sbrs  :   3 sec   :   3 seh   :   0 sei   :   0 sen   :   0 
ser   :   9 ses   :   0 set   :   3 sev   :   0 sez   :   0 sleep :   0 
spm   :   0 st    :   9 std   :   0 sts   :  15 sub   :   2 subi  :   1 
swap  :   0 tst   :  12 wdr   :   0 
Instructions used: 66 out of 117 (56.4%)

ATmega128A memory use summary [bytes]:
Segment   Begin    End      Code   Data   Used    Size   Use%
---------------------------------------------------------------
[.cseg] 0x000000 0x000524   1288     28   1316  131072   1.0%
[.dseg] 0x000100 0x000504      0      4      4    4096   0.1%
[.eseg] 0x000000 0x000000      0      0      0    4096   0.0%

Assembly complete, 0 errors, 7 warnings
